This is pdfTeX, Version 3.14159265-2.6-1.40.20 (TeX Live 2019) (preloaded format=pdflatex 2020.2.3)  18 MAR 2020 21:17
entering extended mode
 restricted \write18 enabled.
 file:line:error style messages enabled.
 %&-line parsing enabled.
**refman.tex
(./refman.tex
LaTeX2e <2020-02-02>
L3 programming layer <2020-01-31>
(/usr/local/texlive/2019/texmf-dist/tex/latex/base/book.cls
Document Class: book 2019/12/20 v1.4l Standard LaTeX document class
(/usr/local/texlive/2019/texmf-dist/tex/latex/base/bk10.clo
File: bk10.clo 2019/12/20 v1.4l Standard LaTeX file (size option)
)
\c@part=\count167
\c@chapter=\count168
\c@section=\count169
\c@subsection=\count170
\c@subsubsection=\count171
\c@paragraph=\count172
\c@subparagraph=\count173
\c@figure=\count174
\c@table=\count175
\abovecaptionskip=\skip47
\belowcaptionskip=\skip48
\bibindent=\dimen134
)
(/usr/local/texlive/2019/texmf-dist/tex/latex/base/ifthen.sty
Package: ifthen 2014/09/29 v1.1c Standard LaTeX ifthen package (DPC)
)
(/usr/local/texlive/2019/texmf-dist/tex/latex/tools/array.sty
Rollback for package 'array' requested -> date 2016-10-06.
         Best approximation is the release introduced on 2016-10-06.

(/usr/local/texlive/2019/texmf-dist/tex/latex/tools/array-2016-10-06.sty
Package: array 2016/10/06 v2.4d Tabular extension package (FMi)
\col@sep=\dimen135
\extrarowheight=\dimen136
\NC@list=\toks14
\extratabsurround=\skip49
\backup@length=\skip50
))
(/usr/local/texlive/2019/texmf-dist/tex/latex/base/fixltx2e.sty
Package: fixltx2e 2016/12/29 v2.1a fixes to LaTeX (obsolete)
Applying: [2015/01/01] Old fixltx2e package on input line 46.


Package fixltx2e Warning: fixltx2e is not required with releases after 2015
(fixltx2e)                All fixes are now in the LaTeX kernel.
(fixltx2e)                See the latexrelease package for details.

Already applied: [0000/00/00] Old fixltx2e package on input line 53.
) (/usr/local/texlive/2019/texmf-dist/tex/latex/tools/calc.sty
Package: calc 2017/05/25 v4.3 Infix arithmetic (KKT,FJ)
\calc@Acount=\count176
\calc@Bcount=\count177
\calc@Adimen=\dimen137
\calc@Bdimen=\dimen138
\calc@Askip=\skip51
\calc@Bskip=\skip52
LaTeX Info: Redefining \setlength on input line 80.
LaTeX Info: Redefining \addtolength on input line 81.
\calc@Ccount=\count178
\calc@Cskip=\skip53
) (./doxygen.sty
Package: doxygen 

(/usr/local/texlive/2019/texmf-dist/tex/latex/base/alltt.sty
Package: alltt 1997/06/16 v2.0g defines alltt environment
)
(/usr/local/texlive/2019/texmf-dist/tex/latex/float/float.sty
Package: float 2001/11/08 v1.3d Float enhancements (AL)
\c@float@type=\count179
\float@exts=\toks15
\float@box=\box45
\@float@everytoks=\toks16
\@floatcapt=\box46
)
(/usr/local/texlive/2019/texmf-dist/tex/latex/tools/verbatim.sty
Package: verbatim 2019/11/10 v1.5r LaTeX2e package for verbatim enhancements
\every@verbatim=\toks17
\verbatim@line=\toks18
\verbatim@in@stream=\read2
)
(/usr/local/texlive/2019/texmf-dist/tex/latex/xcolor/xcolor.sty
Package: xcolor 2016/05/11 v2.12 LaTeX color extensions (UK)

(/usr/local/texlive/2019/texmf-dist/tex/latex/graphics-cfg/color.cfg
File: color.cfg 2016/01/02 v1.6 sample color configuration
)
Package xcolor Info: Driver file: pdftex.def on input line 225.

(/usr/local/texlive/2019/texmf-dist/tex/latex/graphics-def/pdftex.def
File: pdftex.def 2018/01/08 v1.0l Graphics/color driver for pdftex
)
(/usr/local/texlive/2019/texmf-dist/tex/latex/colortbl/colortbl.sty
Package: colortbl 2020/01/04 v1.0e Color table columns (DPC)
\everycr=\toks19
\minrowclearance=\skip54
)
\rownum=\count180
Package xcolor Info: Model `cmy' substituted by `cmy0' on input line 1348.
Package xcolor Info: Model `hsb' substituted by `rgb' on input line 1352.
Package xcolor Info: Model `RGB' extended on input line 1364.
Package xcolor Info: Model `HTML' substituted by `rgb' on input line 1366.
Package xcolor Info: Model `Hsb' substituted by `hsb' on input line 1367.
Package xcolor Info: Model `tHsb' substituted by `hsb' on input line 1368.
Package xcolor Info: Model `HSB' substituted by `hsb' on input line 1369.
Package xcolor Info: Model `Gray' substituted by `gray' on input line 1370.
Package xcolor Info: Model `wave' substituted by `hsb' on input line 1371.
)
(./longtable_doxygen.sty
Package: longtable_doxygen 2014/10/28 v4.11 Multi-page Table package (DPC) - fr
ozen version for doxygen
\LTleft=\skip55
\LTright=\skip56
\LTpre=\skip57
\LTpost=\skip58
\LTchunksize=\count181
\LTcapwidth=\dimen139
\LT@head=\box47
\LT@firsthead=\box48
\LT@foot=\box49
\LT@lastfoot=\box50
\LT@cols=\count182
\LT@rows=\count183
\c@LT@tables=\count184
\c@LT@chunks=\count185
\LT@p@ftn=\toks20
) (./tabu_doxygen.sty
Package: tabu_doxygen 2011/02/26 v2.8 - flexible LaTeX tabulars (FC), frozen ve
rsion for doxygen

(/usr/local/texlive/2019/texmf-dist/tex/latex/varwidth/varwidth.sty
Package: varwidth 2009/03/30 ver 0.92;  Variable-width minipages
\@vwid@box=\box51
\sift@deathcycles=\count186
\@vwid@loff=\dimen140
\@vwid@roff=\dimen141
)
\c@taburow=\count187
\tabu@nbcols=\count188
\tabu@cnt=\count189
\tabu@Xcol=\count190
\tabu@alloc=\count191
\tabu@nested=\count192
\tabu@target=\dimen142
\tabu@spreadtarget=\dimen143
\tabu@naturalX=\dimen144
\tabucolX=\dimen145
\tabu@Xsum=\dimen146
\extrarowdepth=\dimen147
\abovetabulinesep=\dimen148
\belowtabulinesep=\dimen149
\tabustrutrule=\dimen150
\tabu@thebody=\toks21
\tabu@footnotes=\toks22
\tabu@box=\box52
\tabu@arstrutbox=\box53
\tabu@hleads=\box54
\tabu@vleads=\box55
\tabu@cellskip=\skip59
)
(/usr/local/texlive/2019/texmf-dist/tex/latex/fancyvrb/fancyvrb.sty
Package: fancyvrb 2020/01/13 v3.5 verbatim text (tvz,hv)

(/usr/local/texlive/2019/texmf-dist/tex/latex/graphics/keyval.sty
Package: keyval 2014/10/28 v1.15 key=value parser (DPC)
\KV@toks@=\toks23
)
\FV@CodeLineNo=\count193
\FV@InFile=\read3
\FV@TabBox=\box56
\c@FancyVerbLine=\count194
\FV@StepNumber=\count195
\FV@OutFile=\write3
)
(/usr/local/texlive/2019/texmf-dist/tex/latex/tools/tabularx.sty
Package: tabularx 2020/01/15 v2.11c `tabularx' package (DPC)
\TX@col@width=\dimen151
\TX@old@table=\dimen152
\TX@old@col=\dimen153
\TX@target=\dimen154
\TX@delta=\dimen155
\TX@cols=\count196
\TX@ftn=\toks24
)
(/usr/local/texlive/2019/texmf-dist/tex/latex/multirow/multirow.sty
Package: multirow 2019/05/31 v2.5 Span multiple rows of a table
\multirow@colwidth=\skip60
\multirow@cntb=\count197
\multirow@dima=\skip61
\bigstrutjot=\dimen156
)
(/usr/local/texlive/2019/texmf-dist/tex/latex/hanging/hanging.sty
Package: hanging 2009/09/02 v1.2b hanging paragraphs and punctuation
\h@ngcommawd=\skip62
\h@ngfstopwd=\skip63
\h@ngquotewd=\skip64
\h@ngdquotewd=\skip65
\h@ngquerywd=\skip66
\h@ngexclwd=\skip67
\h@ngcolonwd=\skip68
\h@ngscolonwd=\skip69
)
(/usr/local/texlive/2019/texmf-dist/tex/generic/iftex/ifpdf.sty
Package: ifpdf 2019/10/25 v3.4 ifpdf legacy package. Use iftex instead.

(/usr/local/texlive/2019/texmf-dist/tex/generic/iftex/iftex.sty
Package: iftex 2019/11/07 v1.0c TeX engine tests
))
(/usr/local/texlive/2019/texmf-dist/tex/latex/adjustbox/adjustbox.sty
Package: adjustbox 2019/01/04 v1.2 Adjusting TeX boxes (trim, clip, ...)

(/usr/local/texlive/2019/texmf-dist/tex/latex/xkeyval/xkeyval.sty
Package: xkeyval 2014/12/03 v2.7a package option processing (HA)

(/usr/local/texlive/2019/texmf-dist/tex/generic/xkeyval/xkeyval.tex
(/usr/local/texlive/2019/texmf-dist/tex/generic/xkeyval/xkvutils.tex
\XKV@toks=\toks25
\XKV@tempa@toks=\toks26
)
\XKV@depth=\count198
File: xkeyval.tex 2014/12/03 v2.7a key=value parser (HA)
))
(/usr/local/texlive/2019/texmf-dist/tex/latex/adjustbox/adjcalc.sty
Package: adjcalc 2012/05/16 v1.1 Provides advanced setlength with multiple back
-ends (calc, etex, pgfmath)
)
(/usr/local/texlive/2019/texmf-dist/tex/latex/adjustbox/trimclip.sty
Package: trimclip 2018/04/08 v1.1 Trim and clip general TeX material

(/usr/local/texlive/2019/texmf-dist/tex/latex/graphics/graphicx.sty
Package: graphicx 2019/11/30 v1.2a Enhanced LaTeX Graphics (DPC,SPQR)

(/usr/local/texlive/2019/texmf-dist/tex/latex/graphics/graphics.sty
Package: graphics 2019/11/30 v1.4a Standard LaTeX Graphics (DPC,SPQR)

(/usr/local/texlive/2019/texmf-dist/tex/latex/graphics/trig.sty
Package: trig 2016/01/03 v1.10 sin cos tan (DPC)
)
(/usr/local/texlive/2019/texmf-dist/tex/latex/graphics-cfg/graphics.cfg
File: graphics.cfg 2016/06/04 v1.11 sample graphics configuration
)
Package graphics Info: Driver file: pdftex.def on input line 105.
)
\Gin@req@height=\dimen157
\Gin@req@width=\dimen158
)
(/usr/local/texlive/2019/texmf-dist/tex/latex/collectbox/collectbox.sty
Package: collectbox 2012/05/17 v0.4b Collect macro arguments as boxes
\collectedbox=\box57
)
\tc@llx=\dimen159
\tc@lly=\dimen160
\tc@urx=\dimen161
\tc@ury=\dimen162
Package trimclip Info: Using driver 'tc-pdftex.def'.

(/usr/local/texlive/2019/texmf-dist/tex/latex/adjustbox/tc-pdftex.def
File: tc-pdftex.def 2019/01/04 v2.2 Clipping driver for pdftex
))
\adjbox@Width=\dimen163
\adjbox@Height=\dimen164
\adjbox@Depth=\dimen165
\adjbox@Totalheight=\dimen166
\adjbox@pwidth=\dimen167
\adjbox@pheight=\dimen168
\adjbox@pdepth=\dimen169
\adjbox@ptotalheight=\dimen170

(/usr/local/texlive/2019/texmf-dist/tex/latex/ifoddpage/ifoddpage.sty
Package: ifoddpage 2016/04/23 v1.1 Conditionals for odd/even page detection
\c@checkoddpage=\count199
))
(/usr/local/texlive/2019/texmf-dist/tex/latex/amsfonts/amssymb.sty
Package: amssymb 2013/01/14 v3.01 AMS font symbols

(/usr/local/texlive/2019/texmf-dist/tex/latex/amsfonts/amsfonts.sty
Package: amsfonts 2013/01/14 v3.01 Basic AMSFonts support
\@emptytoks=\toks27
\symAMSa=\mathgroup4
\symAMSb=\mathgroup5
LaTeX Font Info:    Redeclaring math symbol \hbar on input line 98.
LaTeX Font Info:    Overwriting math alphabet `\mathfrak' in version `bold'
(Font)                  U/euf/m/n --> U/euf/b/n on input line 106.
))
(/usr/local/texlive/2019/texmf-dist/tex/latex/stackengine/stackengine.sty
Package: stackengine 2017/02/13 v4.01\ Stacking text and objects in convenient 
ways

(/usr/local/texlive/2019/texmf-dist/tex/latex/etoolbox/etoolbox.sty
Package: etoolbox 2019/09/21 v2.5h e-TeX tools for LaTeX (JAW)
\etb@tempcnta=\count266
)
(/usr/local/texlive/2019/texmf-dist/tex/generic/listofitems/listofitems.sty
(/usr/local/texlive/2019/texmf-dist/tex/generic/listofitems/listofitems.tex
\loi_cnt_foreach_nest=\count267
\loi_nestcnt=\count268
)
Package: listofitems 2019/08/21 v1.63 Grab items in lists using user-specified 
sep char (CT)
)
\c@@stackindex=\count269
\@boxshift=\skip70
\stack@tmplength=\skip71
\temp@stkl=\skip72
\@stackedboxwidth=\skip73
\@addedbox=\box58
\@anchorbox=\box59
\stackedbox=\box60
\@centerbox=\box61
\c@ROWcellindex@=\count270
)
(/usr/local/texlive/2019/texmf-dist/tex/generic/ulem/ulem.sty
\UL@box=\box62
\UL@hyphenbox=\box63
\UL@skip=\skip74
\UL@hook=\toks28
\UL@height=\dimen171
\UL@pe=\count271
\UL@pixel=\dimen172
\ULC@box=\box64
Package: ulem 2019/11/18
\ULdepth=\dimen173
)
\xrefbox=\box65
\xreflength=\skip75
\CodeWidthChar=\skip76
\CodeHeightChar=\skip77
\DoxyCodeWidth=\skip78
)
(/usr/local/texlive/2019/texmf-dist/tex/latex/base/inputenc.sty
Package: inputenc 2018/08/11 v1.3c Input encoding file
\inpenc@prehook=\toks29
\inpenc@posthook=\toks30
)
(/usr/local/texlive/2019/texmf-dist/tex/latex/base/makeidx.sty
Package: makeidx 2014/09/29 v1.0m Standard LaTeX package
)
(/usr/local/texlive/2019/texmf-dist/tex/latex/tools/multicol.sty
Package: multicol 2019/12/09 v1.8y multicolumn formatting (FMi)
\c@tracingmulticols=\count272
\mult@box=\box66
\multicol@leftmargin=\dimen174
\c@unbalance=\count273
\c@collectmore=\count274
\doublecol@number=\count275
\multicoltolerance=\count276
\multicolpretolerance=\count277
\full@width=\dimen175
\page@free=\dimen176
\premulticols=\dimen177
\postmulticols=\dimen178
\multicolsep=\skip79
\multicolbaselineskip=\skip80
\partial@page=\box67
\last@line=\box68
\maxbalancingoverflow=\dimen179
\mult@rightbox=\box69
\mult@grightbox=\box70
\mult@gfirstbox=\box71
\mult@firstbox=\box72
\@tempa=\box73
\@tempa=\box74
\@tempa=\box75
\@tempa=\box76
\@tempa=\box77
\@tempa=\box78
\@tempa=\box79
\@tempa=\box80
\@tempa=\box81
\@tempa=\box82
\@tempa=\box83
\@tempa=\box84
\@tempa=\box85
\@tempa=\box86
\@tempa=\box87
\@tempa=\box88
\@tempa=\box89
\@tempa=\box90
\@tempa=\box91
\@tempa=\box92
\@tempa=\box93
\@tempa=\box94
\@tempa=\box95
\@tempa=\box96
\@tempa=\box97
\@tempa=\box98
\@tempa=\box99
\@tempa=\box100
\@tempa=\box101
\@tempa=\box102
\@tempa=\box103
\@tempa=\box104
\@tempa=\box105
\@tempa=\box106
\@tempa=\box107
\@tempa=\box108
\@tempa=\box109
\c@minrows=\count278
\c@columnbadness=\count279
\c@finalcolumnbadness=\count280
\last@try=\dimen180
\multicolovershoot=\dimen181
\multicolundershoot=\dimen182
\mult@nat@firstbox=\box110
\colbreak@box=\box111
\mc@col@check@num=\count281
)
(/usr/local/texlive/2019/texmf-dist/tex/latex/base/textcomp.sty
Package: textcomp 2020/02/02 v2.0m Standard LaTeX package
)
(/usr/local/texlive/2019/texmf-dist/tex/latex/wasysym/wasysym.sty
Package: wasysym 2020/01/19 v2.4 Wasy-2 symbol support package
\symwasy=\mathgroup6
LaTeX Font Info:    Overwriting symbol font `wasy' in version `bold'
(Font)                  U/wasy/m/n --> U/wasy/b/n on input line 93.
)
(/usr/local/texlive/2019/texmf-dist/tex/generic/iftex/ifxetex.sty
Package: ifxetex 2019/10/25 v0.7 ifxetex legacy package. Use iftex instead.
)
(/usr/local/texlive/2019/texmf-dist/tex/latex/base/fontenc.sty
Package: fontenc 2020/01/25 v2.0m Standard LaTeX package
)
(/usr/local/texlive/2019/texmf-dist/tex/latex/psnfss/helvet.sty
Package: helvet 2005/04/12 PSNFSS-v9.2a (WaS) 
)
(/usr/local/texlive/2019/texmf-dist/tex/latex/psnfss/courier.sty
Package: courier 2005/04/12 PSNFSS-v9.2a (WaS) 
)
(/usr/local/texlive/2019/texmf-dist/tex/latex/sectsty/sectsty.sty
Package: sectsty 2002/02/25 v2.0.2 Commands to change all sectional heading sty
les


LaTeX Warning: Command \underbar  has changed.
               Check if current package is valid.


LaTeX Warning: Command \underline  has changed.
               Check if current package is valid.

) (/usr/local/texlive/2019/texmf-dist/tex/latex/geometry/geometry.sty
Package: geometry 2020/01/02 v5.9 Page Geometry

(/usr/local/texlive/2019/texmf-dist/tex/generic/iftex/ifvtex.sty
Package: ifvtex 2019/10/25 v1.7 ifvtex legacy package. Use iftex instead.
)
\Gm@cnth=\count282
\Gm@cntv=\count283
\c@Gm@tempcnt=\count284
\Gm@bindingoffset=\dimen183
\Gm@wd@mp=\dimen184
\Gm@odd@mp=\dimen185
\Gm@even@mp=\dimen186
\Gm@layoutwidth=\dimen187
\Gm@layoutheight=\dimen188
\Gm@layouthoffset=\dimen189
\Gm@layoutvoffset=\dimen190
\Gm@dimlist=\toks31
)
(/usr/local/texlive/2019/texmf-dist/tex/latex/fancyhdr/fancyhdr.sty
Package: fancyhdr 2019/01/31 v3.10 Extensive control of page headers and footer
s
\f@nch@headwidth=\skip81
\f@nch@O@elh=\skip82
\f@nch@O@erh=\skip83
\f@nch@O@olh=\skip84
\f@nch@O@orh=\skip85
\f@nch@O@elf=\skip86
\f@nch@O@erf=\skip87
\f@nch@O@olf=\skip88
\f@nch@O@orf=\skip89
)
(/usr/local/texlive/2019/texmf-dist/tex/latex/natbib/natbib.sty
Package: natbib 2010/09/13 8.31b (PWD, AO)
\bibhang=\skip90
\bibsep=\skip91
LaTeX Info: Redefining \cite on input line 694.
\c@NAT@ctr=\count285
)
(/usr/local/texlive/2019/texmf-dist/tex/latex/tocloft/tocloft.sty
Package: tocloft 2017/08/31 v2.3i parameterised ToC, etc., typesetting
Package tocloft Info: The document has chapter divisions on input line 51.
\cftparskip=\skip92
\cftbeforetoctitleskip=\skip93
\cftaftertoctitleskip=\skip94
\cftbeforepartskip=\skip95
\cftpartnumwidth=\skip96
\cftpartindent=\skip97
\cftbeforechapskip=\skip98
\cftchapindent=\skip99
\cftchapnumwidth=\skip100
\cftbeforesecskip=\skip101
\cftsecindent=\skip102
\cftsecnumwidth=\skip103
\cftbeforesubsecskip=\skip104
\cftsubsecindent=\skip105
\cftsubsecnumwidth=\skip106
\cftbeforesubsubsecskip=\skip107
\cftsubsubsecindent=\skip108
\cftsubsubsecnumwidth=\skip109
\cftbeforeparaskip=\skip110
\cftparaindent=\skip111
\cftparanumwidth=\skip112
\cftbeforesubparaskip=\skip113
\cftsubparaindent=\skip114
\cftsubparanumwidth=\skip115
\cftbeforeloftitleskip=\skip116
\cftafterloftitleskip=\skip117
\cftbeforefigskip=\skip118
\cftfigindent=\skip119
\cftfignumwidth=\skip120
\c@lofdepth=\count286
\c@lotdepth=\count287
\cftbeforelottitleskip=\skip121
\cftafterlottitleskip=\skip122
\cftbeforetabskip=\skip123
\cfttabindent=\skip124
\cfttabnumwidth=\skip125
)
\@indexfile=\write4
\openout4 = `refman.idx'.


Writing index file refman.idx

(/usr/local/texlive/2019/texmf-dist/tex/latex/newunicodechar/newunicodechar.sty
Package: newunicodechar 2018/04/08 v1.2 Defining Unicode characters
)

Package newunicodechar Warning: Redefining Unicode character on input line 112.



Package newunicodechar Warning: Redefining Unicode character on input line 113.


(/usr/local/texlive/2019/texmf-dist/tex/latex/hyperref/hyperref.sty
Package: hyperref 2020/01/14 v7.00d Hypertext links for LaTeX

(/usr/local/texlive/2019/texmf-dist/tex/generic/ltxcmds/ltxcmds.sty
Package: ltxcmds 2019/12/15 v1.24 LaTeX kernel commands for general use (HO)
)
(/usr/local/texlive/2019/texmf-dist/tex/latex/pdftexcmds/pdftexcmds.sty
Package: pdftexcmds 2019/11/24 v0.31 Utility functions of pdfTeX for LuaTeX (HO
)

(/usr/local/texlive/2019/texmf-dist/tex/generic/infwarerr/infwarerr.sty
Package: infwarerr 2019/12/03 v1.5 Providing info/warning/error messages (HO)
)
Package pdftexcmds Info: \pdf@primitive is available.
Package pdftexcmds Info: \pdf@ifprimitive is available.
Package pdftexcmds Info: \pdfdraftmode found.
)
(/usr/local/texlive/2019/texmf-dist/tex/generic/kvsetkeys/kvsetkeys.sty
Package: kvsetkeys 2019/12/15 v1.18 Key value parser (HO)
)
(/usr/local/texlive/2019/texmf-dist/tex/generic/kvdefinekeys/kvdefinekeys.sty
Package: kvdefinekeys 2019-12-19 v1.6 Define keys (HO)
)
(/usr/local/texlive/2019/texmf-dist/tex/generic/pdfescape/pdfescape.sty
Package: pdfescape 2019/12/09 v1.15 Implements pdfTeX's escape features (HO)
)
(/usr/local/texlive/2019/texmf-dist/tex/latex/hycolor/hycolor.sty
Package: hycolor 2020-01-27 v1.10 Color options for hyperref/bookmark (HO)
)
(/usr/local/texlive/2019/texmf-dist/tex/latex/letltxmacro/letltxmacro.sty
Package: letltxmacro 2019/12/03 v1.6 Let assignment for LaTeX macros (HO)
)
(/usr/local/texlive/2019/texmf-dist/tex/latex/auxhook/auxhook.sty
Package: auxhook 2019-12-17 v1.6 Hooks for auxiliary files (HO)
)
(/usr/local/texlive/2019/texmf-dist/tex/latex/kvoptions/kvoptions.sty
Package: kvoptions 2019/11/29 v3.13 Key value format for package options (HO)
)
\@linkdim=\dimen191
\Hy@linkcounter=\count288
\Hy@pagecounter=\count289

(/usr/local/texlive/2019/texmf-dist/tex/latex/hyperref/pd1enc.def
File: pd1enc.def 2020/01/14 v7.00d Hyperref: PDFDocEncoding definition (HO)
Now handling font encoding PD1 ...
... no UTF-8 mapping file for font encoding PD1
)
(/usr/local/texlive/2019/texmf-dist/tex/generic/intcalc/intcalc.sty
Package: intcalc 2019/12/15 v1.3 Expandable calculations with integers (HO)
)
(/usr/local/texlive/2019/texmf-dist/tex/generic/etexcmds/etexcmds.sty
Package: etexcmds 2019/12/15 v1.7 Avoid name clashes with e-TeX commands (HO)
)
\Hy@SavedSpaceFactor=\count290
\pdfmajorversion=\count291
Package hyperref Info: Hyper figures OFF on input line 4547.
Package hyperref Info: Link nesting OFF on input line 4552.
Package hyperref Info: Hyper index ON on input line 4555.
Package hyperref Info: Plain pages OFF on input line 4562.
Package hyperref Info: Backreferencing ON on input line 4565.
Package hyperref Info: Implicit mode ON; LaTeX internals redefined.
Package hyperref Info: Bookmarks ON on input line 4800.

(/usr/local/texlive/2019/texmf-dist/tex/latex/hyperref/backref.sty
Package: backref 2020/01/14 v1.40 Bibliographical back referencing

(/usr/local/texlive/2019/texmf-dist/tex/latex/rerunfilecheck/rerunfilecheck.sty
Package: rerunfilecheck 2019/12/05 v1.9 Rerun checks for auxiliary files (HO)
(/usr/local/texlive/2019/texmf-dist/tex/latex/atveryend/atveryend.sty
Package: atveryend 2019-12-11 v1.11 Hooks at the very end of document (HO)
)
(/usr/local/texlive/2019/texmf-dist/tex/generic/uniquecounter/uniquecounter.sty
Package: uniquecounter 2019/12/15 v1.4 Provide unlimited unique counter (HO)
(/usr/local/texlive/2019/texmf-dist/tex/generic/bigintcalc/bigintcalc.sty
Package: bigintcalc 2019/12/15 v1.5 Expandable calculations on big integers (HO
)
))
Package uniquecounter Info: New unique counter `rerunfilecheck' on input line 2
86.
))
\c@Hy@tempcnt=\count292

(/usr/local/texlive/2019/texmf-dist/tex/latex/url/url.sty
\Urlmuskip=\muskip16
Package: url 2013/09/16  ver 3.4  Verb mode for urls, etc.
)
LaTeX Info: Redefining \url on input line 5159.
\XeTeXLinkMargin=\dimen192

(/usr/local/texlive/2019/texmf-dist/tex/generic/bitset/bitset.sty
Package: bitset 2019/12/09 v1.3 Handle bit-vector datatype (HO)
)
\Fld@menulength=\count293
\Field@Width=\dimen193
\Fld@charsize=\dimen194
Package hyperref Info: Hyper figures OFF on input line 6430.
Package hyperref Info: Link nesting OFF on input line 6435.
Package hyperref Info: Hyper index ON on input line 6438.
Package hyperref Info: backreferencing ON on input line 6443.
Package hyperref Info: Link coloring OFF on input line 6450.
Package hyperref Info: Link coloring with OCG OFF on input line 6455.
Package hyperref Info: PDF/A mode OFF on input line 6460.
LaTeX Info: Redefining \ref on input line 6500.
LaTeX Info: Redefining \pageref on input line 6504.

(/usr/local/texlive/2019/texmf-dist/tex/generic/atbegshi/atbegshi.sty
Package: atbegshi 2019/12/05 v1.19 At begin shipout hook (HO)
)
\Hy@abspage=\count294
\c@Item=\count295
\c@Hfootnote=\count296
)
Package hyperref Info: Driver: hpdftex.

(/usr/local/texlive/2019/texmf-dist/tex/latex/hyperref/hpdftex.def
File: hpdftex.def 2020/01/14 v7.00d Hyperref driver for pdfTeX
\Fld@listcount=\count297
\c@bookmark@seq@number=\count298
\Hy@SectionHShift=\skip126
)
Package hyperref Info: Option `colorlinks' set `true' on input line 131.
Package hyperref Info: Option `unicode' set `true' on input line 131.

(/usr/local/texlive/2019/texmf-dist/tex/latex/hyperref/puenc.def
File: puenc.def 2020/01/14 v7.00d Hyperref: PDF Unicode definition (HO)
Now handling font encoding PU ...
... no UTF-8 mapping file for font encoding PU
)
(/usr/local/texlive/2019/texmf-dist/tex/latex/caption/caption.sty
Package: caption 2020/01/03 v3.4h Customizing captions (AR)

(/usr/local/texlive/2019/texmf-dist/tex/latex/caption/caption3.sty
Package: caption3 2020/01/03 v1.8h caption3 kernel (AR)
Package caption3 Info: TeX engine: e-TeX on input line 61.
\captionmargin=\dimen195
\captionmargin@=\dimen196
\captionwidth=\dimen197
\caption@tempdima=\dimen198
\caption@indent=\dimen199
\caption@parindent=\dimen256
\caption@hangindent=\dimen257
Package caption Info: Standard document class detected.
)
\c@caption@flags=\count299
\c@continuedfloat=\count300
Package caption Info: float package is loaded.
Package caption Info: hyperref package is loaded.
Package caption Info: longtable package is loaded.

(/usr/local/texlive/2019/texmf-dist/tex/latex/caption/ltcaption.sty
Package: ltcaption 2018/08/26 v1.4a longtable captions (AR)
))
(/usr/local/texlive/2019/texmf-dist/tex/latex/etoc/etoc.sty
Package: etoc 2019/11/17 v1.09b Completely customisable TOCs (JFB)
\Etoc@toctoks=\toks32
\c@etoc@tocid=\count301
\c@etoc@tocdepth=\count302
\etoc@framed@titlebox=\box112
\etoc@framed@contentsbox=\box113
)
(/usr/local/texlive/2019/texmf-dist/tex/latex/l3backend/l3backend-pdfmode.def
File: l3backend-pdfmode.def 2019-04-06 L3 backend support: PDF mode
\l__kernel_color_stack_int=\count303
\l__pdf_internal_box=\box114
)
(./refman.aux)
\openout1 = `refman.aux'.

LaTeX Font Info:    Checking defaults for OML/cmm/m/it on input line 146.
LaTeX Font Info:    ... okay on input line 146.
LaTeX Font Info:    Checking defaults for OMS/cmsy/m/n on input line 146.
LaTeX Font Info:    ... okay on input line 146.
LaTeX Font Info:    Checking defaults for OT1/cmr/m/n on input line 146.
LaTeX Font Info:    ... okay on input line 146.
LaTeX Font Info:    Checking defaults for T1/cmr/m/n on input line 146.
LaTeX Font Info:    ... okay on input line 146.
LaTeX Font Info:    Checking defaults for TS1/cmr/m/n on input line 146.
LaTeX Font Info:    ... okay on input line 146.
LaTeX Font Info:    Checking defaults for OMX/cmex/m/n on input line 146.
LaTeX Font Info:    ... okay on input line 146.
LaTeX Font Info:    Checking defaults for U/cmr/m/n on input line 146.
LaTeX Font Info:    ... okay on input line 146.
LaTeX Font Info:    Checking defaults for PD1/pdf/m/n on input line 146.
LaTeX Font Info:    ... okay on input line 146.
LaTeX Font Info:    Checking defaults for PU/pdf/m/n on input line 146.
LaTeX Font Info:    ... okay on input line 146.
LaTeX Font Info:    Trying to load font information for T1+phv on input line 14
6.
 (/usr/local/texlive/2019/texmf-dist/tex/latex/psnfss/t1phv.fd
File: t1phv.fd 2001/06/04 scalable font definitions for T1/phv.
)
LaTeX Font Info:    Font shape `T1/phv/m/n' will be
(Font)              scaled to size 8.99994pt on input line 146.

(/usr/local/texlive/2019/texmf-dist/tex/context/base/mkii/supp-pdf.mkii
[Loading MPS to PDF converter (version 2006.09.02).]
\scratchcounter=\count304
\scratchdimen=\dimen258
\scratchbox=\box115
\nofMPsegments=\count305
\nofMParguments=\count306
\everyMPshowfont=\toks33
\MPscratchCnt=\count307
\MPscratchDim=\dimen259
\MPnumerator=\count308
\makeMPintoPDFobject=\count309
\everyMPtoPDFconversion=\toks34
) (/usr/local/texlive/2019/texmf-dist/tex/latex/epstopdf-pkg/epstopdf-base.sty
Package: epstopdf-base 2020-01-24 v2.11 Base part for package epstopdf
Package epstopdf-base Info: Redefining graphics rule for `.eps' on input line 4
85.

(/usr/local/texlive/2019/texmf-dist/tex/latex/latexconfig/epstopdf-sys.cfg
File: epstopdf-sys.cfg 2010/07/13 v1.3 Configuration of (r)epstopdf for TeX Liv
e
))
*geometry* driver: auto-detecting
*geometry* detected driver: pdftex
*geometry* verbose mode - [ preamble ] result:
* driver: pdftex
* paper: a4paper
* layout: <same size as paper>
* layoutoffset:(h,v)=(0.0pt,0.0pt)
* modes: twoside 
* h-part:(L,W,R)=(71.13188pt, 455.24411pt, 71.13188pt)
* v-part:(T,H,B)=(71.13188pt, 702.78308pt, 71.13188pt)
* \paperwidth=597.50787pt
* \paperheight=845.04684pt
* \textwidth=455.24411pt
* \textheight=702.78308pt
* \oddsidemargin=-1.1381pt
* \evensidemargin=-1.1381pt
* \topmargin=-31.2056pt
* \headheight=12.0pt
* \headsep=18.06749pt
* \topskip=10.0pt
* \footskip=25.29494pt
* \marginparwidth=125.0pt
* \marginparsep=7.0pt
* \columnsep=10.0pt
* \skip\footins=9.0pt plus 4.0pt minus 2.0pt
* \hoffset=0.0pt
* \voffset=0.0pt
* \mag=1000
* \@twocolumnfalse
* \@twosidetrue
* \@mparswitchtrue
* \@reversemarginfalse
* (1in=72.27pt=25.4mm, 1cm=28.453pt)

Package backref Info: ** backref set up for natbib ** on input line 146.
\AtBeginShipoutBox=\box116
Package hyperref Info: Link coloring ON on input line 146.
(/usr/local/texlive/2019/texmf-dist/tex/latex/hyperref/nameref.sty
Package: nameref 2019/09/16 v2.46 Cross-referencing by name of section

(/usr/local/texlive/2019/texmf-dist/tex/latex/refcount/refcount.sty
Package: refcount 2019/12/15 v3.6 Data extraction from label references (HO)
)
(/usr/local/texlive/2019/texmf-dist/tex/generic/gettitlestring/gettitlestring.s
ty
Package: gettitlestring 2019/12/15 v1.6 Cleanup title references (HO)
)
\c@section@level=\count310
)
LaTeX Info: Redefining \ref on input line 146.
LaTeX Info: Redefining \pageref on input line 146.
LaTeX Info: Redefining \nameref on input line 146.
 (./refman.out) (./refman.out)
\@outlinefile=\write5
\openout5 = `refman.out'.

Package caption Info: Begin \AtBeginDocument code.
Package caption Info: End \AtBeginDocument code.
\Etoc@tf=\read4
Package hyperref Info: Option `pageanchor' set `false' on input line 152.
Package hyperref Info: Option `bookmarksnumbered' set `true' on input line 152.

Package hyperref Info: Option `unicode' set `true' on input line 152.
 <./SRL_Stylized.png>
<SRL_Stylized.png, id=1193, 439.8834pt x 521.5485pt>
File: SRL_Stylized.png Graphic file (type png)
<use SRL_Stylized.png>
Package pdftex.def Info: SRL_Stylized.png  used on input line 156.
(pdftex.def)             Requested size: 284.52756pt x 337.35515pt.
LaTeX Font Info:    Font shape `T1/phv/b/n' will be
(Font)              scaled to size 8.99994pt on input line 158.
LaTeX Font Info:    Font shape `T1/phv/b/n' will be
(Font)              scaled to size 12.9599pt on input line 158.
LaTeX Font Info:    Font shape `T1/phv/b/n' will be
(Font)              scaled to size 10.79993pt on input line 161.
 [1


{/usr/local/texlive/2019/texmf-var/fonts/map/pdftex/updmap/pdftex.map}] [2

]
\tf@toc=\write6
\openout6 = `refman.toc'.

LaTeX Font Info:    Trying to load font information for U+msa on input line 175
.

(/usr/local/texlive/2019/texmf-dist/tex/latex/amsfonts/umsa.fd
File: umsa.fd 2013/01/14 v3.01 AMS symbols A
)
LaTeX Font Info:    Trying to load font information for U+msb on input line 175
.

(/usr/local/texlive/2019/texmf-dist/tex/latex/amsfonts/umsb.fd
File: umsb.fd 2013/01/14 v3.01 AMS symbols B
)
LaTeX Font Info:    Trying to load font information for U+wasy on input line 17
5.

(/usr/local/texlive/2019/texmf-dist/tex/latex/wasysym/uwasy.fd
File: uwasy.fd 2020/01/19 v2.4 Wasy-2 symbol font definitions
)
LaTeX Font Info:    Font shape `T1/phv/m/n' will be
(Font)              scaled to size 7.19995pt on input line 175.
LaTeX Font Info:    Trying to load font information for T1+pcr on input line 17
5.

(/usr/local/texlive/2019/texmf-dist/tex/latex/psnfss/t1pcr.fd
File: t1pcr.fd 2001/06/04 font definitions for T1/pcr.
)
LaTeX Font Info:    Font shape `T1/phv/m/n' will be
(Font)              scaled to size 6.29996pt on input line 175.
LaTeX Font Info:    Font shape `T1/phv/b/n' will be
(Font)              scaled to size 6.29996pt on input line 175.
 [1] [2] [3]
[4] [5] [6] [7] [8]
Package hyperref Info: Option `pageanchor' set `true' on input line 177.

Chapter 1.
LaTeX Font Info:    Font shape `T1/phv/m/n' will be
(Font)              scaled to size 18.66588pt on input line 180.
LaTeX Font Info:    Font shape `T1/phv/b/n' will be
(Font)              scaled to size 18.66588pt on input line 180.
LaTeX Font Info:    Font shape `T1/phv/bc/n' will be
(Font)              scaled to size 18.66588pt on input line 180.
LaTeX Font Info:    Font shape `T1/phv/m/n' will be
(Font)              scaled to size 22.39185pt on input line 180.
LaTeX Font Info:    Font shape `T1/phv/b/n' will be
(Font)              scaled to size 22.39185pt on input line 180.
LaTeX Font Info:    Font shape `T1/phv/bc/n' will be
(Font)              scaled to size 22.39185pt on input line 180.
(./namespaces.tex
LaTeX Font Info:    Font shape `T1/phv/m/n' will be
(Font)              scaled to size 12.9599pt on input line 1.
) [1


] [2

]
Chapter 2.
(./annotated.tex) [3] [4

]
Chapter 3.
(./files.tex) [5] [6

]
Chapter 4.
(./df/d92/namespace_i2_c.tex
LaTeX Font Info:    Font shape `T1/phv/m/n' will be
(Font)              scaled to size 10.79993pt on input line 3.
LaTeX Font Info:    Trying to load font information for TS1+phv on input line 6
.

(/usr/local/texlive/2019/texmf-dist/tex/latex/psnfss/ts1phv.fd
File: ts1phv.fd 2001/06/04 scalable font definitions for TS1/phv.
)
LaTeX Font Info:    Font shape `TS1/phv/m/n' will be
(Font)              scaled to size 8.99994pt on input line 6.
LaTeX Font Info:    Font shape `T1/phv/b/n' will be
(Font)              scaled to size 7.19995pt on input line 23.
LaTeX Font Info:    Font shape `T1/pcr/m/it' in size <8> not available
(Font)              Font shape `T1/pcr/m/sl' tried instead on input line 24.
 [7] <./df/d92/namespace_i2_c_aadebed13d47a15472baeb0f430a8f932_icgraph.pdf>
<df/d92/namespace_i2_c_aadebed13d47a15472baeb0f430a8f932_icgraph.pdf, id=1665, 
440.64626pt x 136.51pt>
File: df/d92/namespace_i2_c_aadebed13d47a15472baeb0f430a8f932_icgraph.pdf Graph
ic file (type pdf)
<use df/d92/namespace_i2_c_aadebed13d47a15472baeb0f430a8f932_icgraph.pdf>
Package pdftex.def Info: df/d92/namespace_i2_c_aadebed13d47a15472baeb0f430a8f93
2_icgraph.pdf  used on input line 64.
(pdftex.def)             Requested size: 350.0pt x 108.43118pt.
 [8] <./df/d92/namespace_i2_c_a58f9f273aee1f164d418113388636b71_icgraph.pdf>
<df/d92/namespace_i2_c_a58f9f273aee1f164d418113388636b71_icgraph.pdf, id=1695, 
306.14375pt x 99.37125pt>
File: df/d92/namespace_i2_c_a58f9f273aee1f164d418113388636b71_icgraph.pdf Graph
ic file (type pdf)
<use df/d92/namespace_i2_c_a58f9f273aee1f164d418113388636b71_icgraph.pdf>
Package pdftex.def Info: df/d92/namespace_i2_c_a58f9f273aee1f164d418113388636b7
1_icgraph.pdf  used on input line 90.
(pdftex.def)             Requested size: 305.0pt x 99.00557pt.
)
(./d9/dc1/namespace_i_n_i_t_s.tex [9] [10])
(./d6/df4/namespace_p_r_o_t_o_t_h_r_e_a_d_i_n_g.tex [11] [12] [13]) [14]
Chapter 5.
(./d8/d4a/struct_a_c_c_e_ldata.tex [15

]) (./d1/dfb/struct_b_a_r_o_mdata.tex
[16]) (./d2/d03/class_beepy_b_o_i.tex [17] <./d2/d03/class_beepy_b_o_i_a2819443
8ff9615a94b16f5924bb10470_icgraph.pdf>
<d2/d03/class_beepy_b_o_i_a28194438ff9615a94b16f5924bb10470_icgraph.pdf, id=195
4, 273.02pt x 99.37125pt>
File: d2/d03/class_beepy_b_o_i_a28194438ff9615a94b16f5924bb10470_icgraph.pdf Gr
aphic file (type pdf)
<use d2/d03/class_beepy_b_o_i_a28194438ff9615a94b16f5924bb10470_icgraph.pdf>
Package pdftex.def Info: d2/d03/class_beepy_b_o_i_a28194438ff9615a94b16f5924bb1
0470_icgraph.pdf  used on input line 82.
(pdftex.def)             Requested size: 272.0pt x 99.00557pt.
 [18] <./d2/d03/class_beepy_b_o_i_af6f9d615d16c35d390994b02f359d11b_icgraph.pdf
>
<d2/d03/class_beepy_b_o_i_af6f9d615d16c35d390994b02f359d11b_icgraph.pdf, id=198
6, 359.3425pt x 99.37125pt>
File: d2/d03/class_beepy_b_o_i_af6f9d615d16c35d390994b02f359d11b_icgraph.pdf Gr
aphic file (type pdf)
<use d2/d03/class_beepy_b_o_i_af6f9d615d16c35d390994b02f359d11b_icgraph.pdf>
Package pdftex.def Info: d2/d03/class_beepy_b_o_i_af6f9d615d16c35d390994b02f359
d11b_icgraph.pdf  used on input line 109.
(pdftex.def)             Requested size: 350.0pt x 96.79483pt.
 <./d2/d03/class_beepy_b_o_i_aeb6de1f9cf9b2de375997ff67e3d592a_icgraph.pdf>
<d2/d03/class_beepy_b_o_i_aeb6de1f9cf9b2de375997ff67e3d592a_icgraph.pdf, id=199
7, 245.91875pt x 99.37125pt>
File: d2/d03/class_beepy_b_o_i_aeb6de1f9cf9b2de375997ff67e3d592a_icgraph.pdf Gr
aphic file (type pdf)
<use d2/d03/class_beepy_b_o_i_aeb6de1f9cf9b2de375997ff67e3d592a_icgraph.pdf>
Package pdftex.def Info: d2/d03/class_beepy_b_o_i_aeb6de1f9cf9b2de375997ff67e3d
592a_icgraph.pdf  used on input line 126.
(pdftex.def)             Requested size: 245.0pt x 99.00406pt.
 [19]) (./d7/d0c/class_digital_b_a_r_o_m.tex
LaTeX Font Info:    Font shape `T1/phv/m/n' will be
(Font)              scaled to size 8.09995pt on input line 20.
LaTeX Font Info:    Font shape `T1/phv/m/it' in size <9> not available
(Font)              Font shape `T1/phv/m/sl' tried instead on input line 20.
LaTeX Font Info:    Font shape `T1/phv/m/sl' will be
(Font)              scaled to size 8.09995pt on input line 20.
LaTeX Font Info:    Font shape `T1/phv/m/it' in size <7> not available
(Font)              Font shape `T1/phv/m/sl' tried instead on input line 20.
LaTeX Font Info:    Font shape `T1/phv/m/sl' will be
(Font)              scaled to size 6.29996pt on input line 20.
[20] <./d7/d0c/class_digital_b_a_r_o_m_a0ee0077d47b0a68d200d875a125af6eb_cgraph
.pdf>
<d7/d0c/class_digital_b_a_r_o_m_a0ee0077d47b0a68d200d875a125af6eb_cgraph.pdf, i
d=2045, 310.15875pt x 136.51pt>
File: d7/d0c/class_digital_b_a_r_o_m_a0ee0077d47b0a68d200d875a125af6eb_cgraph.p
df Graphic file (type pdf)
<use d7/d0c/class_digital_b_a_r_o_m_a0ee0077d47b0a68d200d875a125af6eb_cgraph.pd
f>
Package pdftex.def Info: d7/d0c/class_digital_b_a_r_o_m_a0ee0077d47b0a68d200d87
5a125af6eb_cgraph.pdf  used on input line 60.
(pdftex.def)             Requested size: 309.0pt x 135.99933pt.
 [21] <./d7/d0c/class_digital_b_a_r_o_m_adbdff826bd6d799d9b88862c2d80c067_cgrap
h.pdf>
<d7/d0c/class_digital_b_a_r_o_m_adbdff826bd6d799d9b88862c2d80c067_cgraph.pdf, i
d=2073, 317.185pt x 99.37125pt>
File: d7/d0c/class_digital_b_a_r_o_m_adbdff826bd6d799d9b88862c2d80c067_cgraph.p
df Graphic file (type pdf)
<use d7/d0c/class_digital_b_a_r_o_m_adbdff826bd6d799d9b88862c2d80c067_cgraph.pd
f>
Package pdftex.def Info: d7/d0c/class_digital_b_a_r_o_m_adbdff826bd6d799d9b8886
2c2d80c067_cgraph.pdf  used on input line 86.
(pdftex.def)             Requested size: 316.0pt x 99.0086pt.
 <./d7/d0c/class_digital_b_a_r_o_m_adbdff826bd6d799d9b88862c2d80c067_icgraph.pd
f>
<d7/d0c/class_digital_b_a_r_o_m_adbdff826bd6d799d9b88862c2d80c067_icgraph.pdf, 
id=2082, 322.20375pt x 99.37125pt>
File: d7/d0c/class_digital_b_a_r_o_m_adbdff826bd6d799d9b88862c2d80c067_icgraph.
pdf Graphic file (type pdf)
<use d7/d0c/class_digital_b_a_r_o_m_adbdff826bd6d799d9b88862c2d80c067_icgraph.p
df>
Package pdftex.def Info: d7/d0c/class_digital_b_a_r_o_m_adbdff826bd6d799d9b8886
2c2d80c067_icgraph.pdf  used on input line 93.
(pdftex.def)             Requested size: 321.0pt x 99.00406pt.
 [22]) (./de/db1/class_digital_i_m_u.tex
LaTeX Font Info:    Font shape `T1/pcr/m/it' in size <7> not available
(Font)              Font shape `T1/pcr/m/sl' tried instead on input line 49.
 [23] <./de/db1/class_digital_i_m_u_aa7481cc820a5cd69c6a7e4b757214571_icgraph.p
df>
<de/db1/class_digital_i_m_u_aa7481cc820a5cd69c6a7e4b757214571_icgraph.pdf, id=2
139, 362.35374pt x 99.37125pt>
File: de/db1/class_digital_i_m_u_aa7481cc820a5cd69c6a7e4b757214571_icgraph.pdf 
Graphic file (type pdf)
<use de/db1/class_digital_i_m_u_aa7481cc820a5cd69c6a7e4b757214571_icgraph.pdf>
Package pdftex.def Info: de/db1/class_digital_i_m_u_aa7481cc820a5cd69c6a7e4b757
214571_icgraph.pdf  used on input line 91.
(pdftex.def)             Requested size: 350.0pt x 95.98514pt.
 [24])
(./d9/d4c/class_d_l_lflash.tex [25]) (./d4/d04/class_d_l_ltype.tex [26]
[27]) (./d0/d63/class_h_i_g_h_g___a_c_c_e_l.tex [28] [29] <./d0/d63/class_h_i_g
_h_g___a_c_c_e_l_ac7e36216f735ba04207be91118315e25_icgraph.pdf>
<d0/d63/class_h_i_g_h_g___a_c_c_e_l_ac7e36216f735ba04207be91118315e25_icgraph.p
df, id=2286, 325.215pt x 99.37125pt>
File: d0/d63/class_h_i_g_h_g___a_c_c_e_l_ac7e36216f735ba04207be91118315e25_icgr
aph.pdf Graphic file (type pdf)
<use d0/d63/class_h_i_g_h_g___a_c_c_e_l_ac7e36216f735ba04207be91118315e25_icgra
ph.pdf>
Package pdftex.def Info: d0/d63/class_h_i_g_h_g___a_c_c_e_l_ac7e36216f735ba0420
7be91118315e25_icgraph.pdf  used on input line 91.
(pdftex.def)             Requested size: 324.0pt x 99.00708pt.
)
(./da/d7a/struct_i_m_udata.tex [30] [31]) [32]
Chapter 6.
(./d5/de3/_analog_i_m_u_8cpp.tex <./d3/dae/_analog_i_m_u_8cpp__incl.pdf>
<d3/dae/_analog_i_m_u_8cpp__incl.pdf, id=2360, 1228.59pt x 264.99pt>
File: d3/dae/_analog_i_m_u_8cpp__incl.pdf Graphic file (type pdf)
<use d3/dae/_analog_i_m_u_8cpp__incl.pdf>
Package pdftex.def Info: d3/dae/_analog_i_m_u_8cpp__incl.pdf  used on input lin
e 13.
(pdftex.def)             Requested size: 350.0pt x 75.49059pt.
)
(./d5/de3/_analog_i_m_u_8cpp_source.tex [33

]) (./d7/deb/_beepy_b_o_i_8cpp.tex <./d9/d32/_beepy_b_o_i_8cpp__incl.pdf>
<d9/d32/_beepy_b_o_i_8cpp__incl.pdf, id=2392, 1228.59pt x 264.99pt>
File: d9/d32/_beepy_b_o_i_8cpp__incl.pdf Graphic file (type pdf)
<use d9/d32/_beepy_b_o_i_8cpp__incl.pdf>
Package pdftex.def Info: d9/d32/_beepy_b_o_i_8cpp__incl.pdf  used on input line
 13.
(pdftex.def)             Requested size: 350.0pt x 75.49059pt.
) (./d7/deb/_beepy_b_o_i_8cpp_source.tex
[34]) (./d1/d63/_digital_b_a_r_o_m_8cpp.tex <./de/d30/_digital_b_a_r_o_m_8cpp__
incl.pdf>
<de/d30/_digital_b_a_r_o_m_8cpp__incl.pdf, id=2429, 1228.59pt x 264.99pt>
File: de/d30/_digital_b_a_r_o_m_8cpp__incl.pdf Graphic file (type pdf)
<use de/d30/_digital_b_a_r_o_m_8cpp__incl.pdf>
Package pdftex.def Info: de/d30/_digital_b_a_r_o_m_8cpp__incl.pdf  used on inpu
t line 13.
(pdftex.def)             Requested size: 350.0pt x 75.49059pt.
) (./d1/d63/_digital_b_a_r_o_m_8cpp_source.tex [35])
(./d5/d19/_digital_i_m_u_8cpp.tex
Underfull \vbox (badness 10000) has occurred while \output is active []

 [36] <./d1/db9/_digital_i_m_u_8cpp__incl.pdf>
<d1/db9/_digital_i_m_u_8cpp__incl.pdf, id=2481, 1228.59pt x 264.99pt>
File: d1/db9/_digital_i_m_u_8cpp__incl.pdf Graphic file (type pdf)
<use d1/db9/_digital_i_m_u_8cpp__incl.pdf>
Package pdftex.def Info: d1/db9/_digital_i_m_u_8cpp__incl.pdf  used on input li
ne 13.
(pdftex.def)             Requested size: 350.0pt x 75.49059pt.
) (./d5/d19/_digital_i_m_u_8cpp_source.tex
[37]) (./d4/d78/_d_l_lflash_8cpp.tex <./d7/d8e/_d_l_lflash_8cpp__incl.pdf>
<d7/d8e/_d_l_lflash_8cpp__incl.pdf, id=2528, 295.1025pt x 209.78375pt>
File: d7/d8e/_d_l_lflash_8cpp__incl.pdf Graphic file (type pdf)
<use d7/d8e/_d_l_lflash_8cpp__incl.pdf>
Package pdftex.def Info: d7/d8e/_d_l_lflash_8cpp__incl.pdf  used on input line 
13.
(pdftex.def)             Requested size: 294.0pt x 209.00536pt.
)
(./d4/d78/_d_l_lflash_8cpp_source.tex [38] [39]) (./da/dbb/_d_l_lflash_8hpp.tex
 <./d3/dd7/_d_l_lflash_8hpp__incl.pdf>
<d3/dd7/_d_l_lflash_8hpp__incl.pdf, id=2574, 295.1025pt x 154.5775pt>
File: d3/dd7/_d_l_lflash_8hpp__incl.pdf Graphic file (type pdf)
<use d3/dd7/_d_l_lflash_8hpp__incl.pdf>
Package pdftex.def Info: d3/dd7/_d_l_lflash_8hpp__incl.pdf  used on input line 
15.
(pdftex.def)             Requested size: 294.0pt x 154.00394pt.

Underfull \vbox (badness 3679) has occurred while \output is active []

 [40] <./dd/d21/_d_l_lflash_8hpp__dep__incl.pdf>
<dd/d21/_d_l_lflash_8hpp__dep__incl.pdf, id=2588, 861.2175pt x 209.78375pt>
File: dd/d21/_d_l_lflash_8hpp__dep__incl.pdf Graphic file (type pdf)
<use dd/d21/_d_l_lflash_8hpp__dep__incl.pdf>
Package pdftex.def Info: dd/d21/_d_l_lflash_8hpp__dep__incl.pdf  used on input 
line 22.
(pdftex.def)             Requested size: 350.0pt x 85.25644pt.
) (./da/dbb/_d_l_lflash_8hpp_source.tex
[41]) (./df/d0a/main_8cpp.tex <./da/dce/main_8cpp__incl.pdf>
<da/dce/main_8cpp__incl.pdf, id=2624, 1228.59pt x 264.99pt>
File: da/dce/main_8cpp__incl.pdf Graphic file (type pdf)
<use da/dce/main_8cpp__incl.pdf>
Package pdftex.def Info: da/dce/main_8cpp__incl.pdf  used on input line 13.
(pdftex.def)             Requested size: 350.0pt x 75.49059pt.
 [42] <./df/d0a/main_8cpp_a24855038c09096fbd0c8a171642fece4_cgraph.pdf>
<df/d0a/main_8cpp_a24855038c09096fbd0c8a171642fece4_cgraph.pdf, id=2651, 283.05
75pt x 99.37125pt>
File: df/d0a/main_8cpp_a24855038c09096fbd0c8a171642fece4_cgraph.pdf Graphic fil
e (type pdf)
<use df/d0a/main_8cpp_a24855038c09096fbd0c8a171642fece4_cgraph.pdf>
Package pdftex.def Info: df/d0a/main_8cpp_a24855038c09096fbd0c8a171642fece4_cgr
aph.pdf  used on input line 57.
(pdftex.def)             Requested size: 282.0pt x 99.0086pt.
 <./df/d0a/main_8cpp_a24855038c09096fbd0c8a171642fece4_icgraph.pdf>
<df/d0a/main_8cpp_a24855038c09096fbd0c8a171642fece4_icgraph.pdf, id=2660, 234.8
775pt x 99.37125pt>
File: df/d0a/main_8cpp_a24855038c09096fbd0c8a171642fece4_icgraph.pdf Graphic fi
le (type pdf)
<use df/d0a/main_8cpp_a24855038c09096fbd0c8a171642fece4_icgraph.pdf>
Package pdftex.def Info: df/d0a/main_8cpp_a24855038c09096fbd0c8a171642fece4_icg
raph.pdf  used on input line 64.
(pdftex.def)             Requested size: 234.0pt x 98.99951pt.
 [43] <./df/d0a/main_8cpp_a4fc01d736fe50cf5b977f755b675f11d_cgraph.pdf>
<df/d0a/main_8cpp_a4fc01d736fe50cf5b977f755b675f11d_cgraph.pdf, id=2686, 409.53
pt x 210.7875pt>
File: df/d0a/main_8cpp_a4fc01d736fe50cf5b977f755b675f11d_cgraph.pdf Graphic fil
e (type pdf)
<use df/d0a/main_8cpp_a4fc01d736fe50cf5b977f755b675f11d_cgraph.pdf>
Package pdftex.def Info: df/d0a/main_8cpp_a4fc01d736fe50cf5b977f755b675f11d_cgr
aph.pdf  used on input line 103.
(pdftex.def)             Requested size: 350.0pt x 180.15764pt.
 <./df/d0a/main_8cpp_a4c41375613b83f0fbd2935a25f02df66_cgraph.pdf>
<df/d0a/main_8cpp_a4c41375613b83f0fbd2935a25f02df66_cgraph.pdf, id=2698, 440.64
626pt x 99.37125pt>
File: df/d0a/main_8cpp_a4c41375613b83f0fbd2935a25f02df66_cgraph.pdf Graphic fil
e (type pdf)
<use df/d0a/main_8cpp_a4c41375613b83f0fbd2935a25f02df66_cgraph.pdf>
Package pdftex.def Info: df/d0a/main_8cpp_a4c41375613b83f0fbd2935a25f02df66_cgr
aph.pdf  used on input line 120.
(pdftex.def)             Requested size: 350.0pt x 78.93152pt.
 [44] <./df/d0a/main_8cpp_a44c33c06360504ce7ee1b9f69cfda4c9_cgraph.pdf>
<df/d0a/main_8cpp_a44c33c06360504ce7ee1b9f69cfda4c9_cgraph.pdf, id=2716, 325.21
5pt x 99.37125pt>
File: df/d0a/main_8cpp_a44c33c06360504ce7ee1b9f69cfda4c9_cgraph.pdf Graphic fil
e (type pdf)
<use df/d0a/main_8cpp_a44c33c06360504ce7ee1b9f69cfda4c9_cgraph.pdf>
Package pdftex.def Info: df/d0a/main_8cpp_a44c33c06360504ce7ee1b9f69cfda4c9_cgr
aph.pdf  used on input line 137.
(pdftex.def)             Requested size: 324.0pt x 99.00708pt.
 <./df/d0a/main_8cpp_ae469de29626401639bd4169d260f63bb_cgraph.pdf>
<df/d0a/main_8cpp_ae469de29626401639bd4169d260f63bb_cgraph.pdf, id=2727, 285.06
5pt x 99.37125pt>
File: df/d0a/main_8cpp_ae469de29626401639bd4169d260f63bb_cgraph.pdf Graphic fil
e (type pdf)
<use df/d0a/main_8cpp_ae469de29626401639bd4169d260f63bb_cgraph.pdf>
Package pdftex.def Info: df/d0a/main_8cpp_ae469de29626401639bd4169d260f63bb_cgr
aph.pdf  used on input line 154.
(pdftex.def)             Requested size: 284.0pt x 98.99951pt.
 <./df/d0a/main_8cpp_ae469de29626401639bd4169d260f63bb_icgraph.pdf>
<df/d0a/main_8cpp_ae469de29626401639bd4169d260f63bb_icgraph.pdf, id=2736, 225.8
4375pt x 99.37125pt>
File: df/d0a/main_8cpp_ae469de29626401639bd4169d260f63bb_icgraph.pdf Graphic fi
le (type pdf)
<use df/d0a/main_8cpp_ae469de29626401639bd4169d260f63bb_icgraph.pdf>
Package pdftex.def Info: df/d0a/main_8cpp_ae469de29626401639bd4169d260f63bb_icg
raph.pdf  used on input line 161.
(pdftex.def)             Requested size: 225.0pt x 99.00557pt.
)
(./df/d0a/main_8cpp_source.tex [45] [46]) (./d7/db9/_namespaces_8cpp.tex <./d6/
d26/_namespaces_8cpp__incl.pdf>
<d6/d26/_namespaces_8cpp__incl.pdf, id=2798, 1228.59pt x 264.99pt>
File: d6/d26/_namespaces_8cpp__incl.pdf Graphic file (type pdf)
<use d6/d26/_namespaces_8cpp__incl.pdf>
Package pdftex.def Info: d6/d26/_namespaces_8cpp__incl.pdf  used on input line 
13.
(pdftex.def)             Requested size: 350.0pt x 75.49059pt.
 [47]) (./d7/db9/_namespaces_8cpp_source.tex
[48]
Underfull \vbox (badness 10000) has occurred while \output is active []

 [49])
(./dd/d69/register_8hpp.tex <./d2/db8/register_8hpp__dep__incl.pdf>
<d2/db8/register_8hpp__dep__incl.pdf, id=2931, 861.2175pt x 209.78375pt>
File: d2/db8/register_8hpp__dep__incl.pdf Graphic file (type pdf)
<use d2/db8/register_8hpp__dep__incl.pdf>
Package pdftex.def Info: d2/db8/register_8hpp__dep__incl.pdf  used on input lin
e 12.
(pdftex.def)             Requested size: 350.0pt x 85.25644pt.
 [50]
[51] [52] [53] [54] [55] [56] [57] [58] [59] [60] [61] [62] [63] [64] [65]
[66] [67] [68] [69] [70] [71] [72] [73] [74])
(./dd/d69/register_8hpp_source.tex [75] [76]) (./d6/d89/yonics_8hpp.tex <./db/d
97/yonics_8hpp__incl.pdf>
<db/d97/yonics_8hpp__incl.pdf, id=3878, 1228.59pt x 209.78375pt>
File: db/d97/yonics_8hpp__incl.pdf Graphic file (type pdf)
<use db/d97/yonics_8hpp__incl.pdf>
Package pdftex.def Info: db/d97/yonics_8hpp__incl.pdf  used on input line 25.
(pdftex.def)             Requested size: 350.0pt x 59.76337pt.
 [77] <./dd/df5/yonics_8hpp__dep__incl.pdf>
<dd/df5/yonics_8hpp__dep__incl.pdf, id=3893, 861.2175pt x 154.5775pt>
File: dd/df5/yonics_8hpp__dep__incl.pdf Graphic file (type pdf)
<use dd/df5/yonics_8hpp__dep__incl.pdf>
Package pdftex.def Info: dd/df5/yonics_8hpp__dep__incl.pdf  used on input line 
32.
(pdftex.def)             Requested size: 350.0pt x 62.82053pt.
 [78])
(./d6/d89/yonics_8hpp_source.tex [79]
Underfull \vbox (badness 10000) has occurred while \output is active []

 [80]
Underfull \vbox (badness 10000) has occurred while \output is active []

 [81])
[82]
No file refman.ind.
Package atveryend Info: Empty hook `BeforeClearDocument' on input line 231.
Package atveryend Info: Empty hook `AfterLastShipout' on input line 231.
(./refman.aux)
Package atveryend Info: Executing hook `AtVeryEndDocument' on input line 231.
Package atveryend Info: Executing hook `AtEndAfterFileList' on input line 231.
Package rerunfilecheck Info: File `refman.out' has not changed.
(rerunfilecheck)             Checksum: A4F6769DE07E44D434E6027D79972177;62228.
 ) 
Here is how much of TeX's memory you used:
 18227 strings out of 481250
 296641 string characters out of 5918221
 632847 words of memory out of 5000000
 32133 multiletter control sequences out of 15000+600000
 591050 words of font info for 95 fonts, out of 8000000 for 9000
 1141 hyphenation exceptions out of 8191
 55i,16n,96p,942b,625s stack positions out of 5000i,500n,10000p,200000b,80000s
{/usr/local/texlive/2019/texmf-dist/fonts/enc/dvips/base/8r.enc}</usr/local/t
exlive/2019/texmf-dist/fonts/type1/public/amsfonts/cm/cmmi10.pfb></usr/local/te
xlive/2019/texmf-dist/fonts/type1/public/amsfonts/cm/cmmi7.pfb></usr/local/texl
ive/2019/texmf-dist/fonts/type1/public/amsfonts/cm/cmmi8.pfb></usr/local/texliv
e/2019/texmf-dist/fonts/type1/public/amsfonts/cm/cmsy10.pfb></usr/local/texlive
/2019/texmf-dist/fonts/type1/public/amsfonts/cm/cmsy7.pfb></usr/local/texlive/2
019/texmf-dist/fonts/type1/public/amsfonts/cm/cmsy8.pfb></usr/local/texlive/201
9/texmf-dist/fonts/type1/urw/courier/ucrb8a.pfb></usr/local/texlive/2019/texmf-
dist/fonts/type1/urw/courier/ucrr8a.pfb></usr/local/texlive/2019/texmf-dist/fon
ts/type1/urw/courier/ucrro8a.pfb></usr/local/texlive/2019/texmf-dist/fonts/type
1/urw/helvetic/uhvb8a.pfb></usr/local/texlive/2019/texmf-dist/fonts/type1/urw/h
elvetic/uhvb8ac.pfb></usr/local/texlive/2019/texmf-dist/fonts/type1/urw/helveti
c/uhvr8a.pfb></usr/local/texlive/2019/texmf-dist/fonts/type1/urw/helvetic/uhvro
8a.pfb>
Output written on refman.pdf (92 pages, 744878 bytes).
PDF statistics:
 4284 PDF objects out of 4296 (max. 8388607)
 4031 compressed objects within 41 object streams
 902 named destinations out of 1000 (max. 500000)
 2519 words of extra memory for PDF output out of 10000 (max. 10000000)

