\BOOKMARK [0][-]{chapter.1}{\376\377\0001\000\040\000N\000a\000m\000e\000s\000p\000a\000c\000e\000\040\000I\000n\000d\000e\000x}{}% 1
\BOOKMARK [1][-]{section.1.1}{\376\377\0001\000.\0001\000\040\000N\000a\000m\000e\000s\000p\000a\000c\000e\000\040\000L\000i\000s\000t}{chapter.1}% 2
\BOOKMARK [0][-]{chapter.2}{\376\377\0002\000\040\000C\000l\000a\000s\000s\000\040\000I\000n\000d\000e\000x}{}% 3
\BOOKMARK [1][-]{section.2.1}{\376\377\0002\000.\0001\000\040\000C\000l\000a\000s\000s\000\040\000L\000i\000s\000t}{chapter.2}% 4
\BOOKMARK [0][-]{chapter.3}{\376\377\0003\000\040\000F\000i\000l\000e\000\040\000I\000n\000d\000e\000x}{}% 5
\BOOKMARK [1][-]{section.3.1}{\376\377\0003\000.\0001\000\040\000F\000i\000l\000e\000\040\000L\000i\000s\000t}{chapter.3}% 6
\BOOKMARK [0][-]{chapter.4}{\376\377\0004\000\040\000N\000a\000m\000e\000s\000p\000a\000c\000e\000\040\000D\000o\000c\000u\000m\000e\000n\000t\000a\000t\000i\000o\000n}{}% 7
\BOOKMARK [1][-]{section.4.1}{\376\377\0004\000.\0001\000\040\000I\0002\000C\000\040\000N\000a\000m\000e\000s\000p\000a\000c\000e\000\040\000R\000e\000f\000e\000r\000e\000n\000c\000e}{chapter.4}% 8
\BOOKMARK [2][-]{subsection.4.1.1}{\376\377\0004\000.\0001\000.\0001\000\040\000D\000e\000t\000a\000i\000l\000e\000d\000\040\000D\000e\000s\000c\000r\000i\000p\000t\000i\000o\000n}{section.4.1}% 9
\BOOKMARK [2][-]{subsection.4.1.2}{\376\377\0004\000.\0001\000.\0002\000\040\000F\000u\000n\000c\000t\000i\000o\000n\000\040\000D\000o\000c\000u\000m\000e\000n\000t\000a\000t\000i\000o\000n}{section.4.1}% 10
\BOOKMARK [3][-]{subsubsection.4.1.2.1}{\376\377\0004\000.\0001\000.\0002\000.\0001\000\040\000r\000e\000a\000d\000\137\000r\000e\000g\000s\000\050\000\051\000\040\000[\0001\000/\0002\000]}{subsection.4.1.2}% 11
\BOOKMARK [3][-]{subsubsection.4.1.2.2}{\376\377\0004\000.\0001\000.\0002\000.\0002\000\040\000r\000e\000a\000d\000\137\000r\000e\000g\000s\000\050\000\051\000\040\000[\0002\000/\0002\000]}{subsection.4.1.2}% 12
\BOOKMARK [3][-]{subsubsection.4.1.2.3}{\376\377\0004\000.\0001\000.\0002\000.\0003\000\040\000w\000r\000i\000t\000e\000\137\000r\000e\000g\000\050\000\051}{subsection.4.1.2}% 13
\BOOKMARK [1][-]{section.4.2}{\376\377\0004\000.\0002\000\040\000I\000N\000I\000T\000S\000\040\000N\000a\000m\000e\000s\000p\000a\000c\000e\000\040\000R\000e\000f\000e\000r\000e\000n\000c\000e}{chapter.4}% 14
\BOOKMARK [2][-]{subsection.4.2.1}{\376\377\0004\000.\0002\000.\0001\000\040\000D\000e\000t\000a\000i\000l\000e\000d\000\040\000D\000e\000s\000c\000r\000i\000p\000t\000i\000o\000n}{section.4.2}% 15
\BOOKMARK [2][-]{subsection.4.2.2}{\376\377\0004\000.\0002\000.\0002\000\040\000V\000a\000r\000i\000a\000b\000l\000e\000\040\000D\000o\000c\000u\000m\000e\000n\000t\000a\000t\000i\000o\000n}{section.4.2}% 16
\BOOKMARK [3][-]{subsubsection.4.2.2.1}{\376\377\0004\000.\0002\000.\0002\000.\0001\000\040\000a\000c\000c\000e\000l\000\137\000d\000a\000t\000a}{subsection.4.2.2}% 17
\BOOKMARK [3][-]{subsubsection.4.2.2.2}{\376\377\0004\000.\0002\000.\0002\000.\0002\000\040\000B\000A\000R\000O\000M}{subsection.4.2.2}% 18
\BOOKMARK [3][-]{subsubsection.4.2.2.3}{\376\377\0004\000.\0002\000.\0002\000.\0003\000\040\000b\000a\000r\000o\000m\000\137\000d\000a\000t\000a}{subsection.4.2.2}% 19
\BOOKMARK [3][-]{subsubsection.4.2.2.4}{\376\377\0004\000.\0002\000.\0002\000.\0004\000\040\000b\000e\000r\000p}{subsection.4.2.2}% 20
\BOOKMARK [3][-]{subsubsection.4.2.2.5}{\376\377\0004\000.\0002\000.\0002\000.\0005\000\040\000f\000l\000a\000s\000h}{subsection.4.2.2}% 21
\BOOKMARK [3][-]{subsubsection.4.2.2.6}{\376\377\0004\000.\0002\000.\0002\000.\0006\000\040\000H\000I\000G\000H\000G}{subsection.4.2.2}% 22
\BOOKMARK [3][-]{subsubsection.4.2.2.7}{\376\377\0004\000.\0002\000.\0002\000.\0007\000\040\000h\000i\000g\000h\000G\000\137\000x\000P\000i\000n}{subsection.4.2.2}% 23
\BOOKMARK [3][-]{subsubsection.4.2.2.8}{\376\377\0004\000.\0002\000.\0002\000.\0008\000\040\000h\000i\000g\000h\000G\000\137\000y\000P\000i\000n}{subsection.4.2.2}% 24
\BOOKMARK [3][-]{subsubsection.4.2.2.9}{\376\377\0004\000.\0002\000.\0002\000.\0009\000\040\000h\000i\000g\000h\000G\000\137\000z\000P\000i\000n}{subsection.4.2.2}% 25
\BOOKMARK [3][-]{subsubsection.4.2.2.10}{\376\377\0004\000.\0002\000.\0002\000.\0001\0000\000\040\000I\000M\000U}{subsection.4.2.2}% 26
\BOOKMARK [3][-]{subsubsection.4.2.2.11}{\376\377\0004\000.\0002\000.\0002\000.\0001\0001\000\040\000i\000m\000u\000\137\000d\000a\000t\000a}{subsection.4.2.2}% 27
\BOOKMARK [3][-]{subsubsection.4.2.2.12}{\376\377\0004\000.\0002\000.\0002\000.\0001\0002\000\040\000s\000p\000e\000a\000k\000e\000r\000P\000i\000n}{subsection.4.2.2}% 28
\BOOKMARK [1][-]{section.4.3}{\376\377\0004\000.\0003\000\040\000P\000R\000O\000T\000O\000T\000H\000R\000E\000A\000D\000I\000N\000G\000\040\000N\000a\000m\000e\000s\000p\000a\000c\000e\000\040\000R\000e\000f\000e\000r\000e\000n\000c\000e}{chapter.4}% 29
\BOOKMARK [2][-]{subsection.4.3.1}{\376\377\0004\000.\0003\000.\0001\000\040\000D\000e\000t\000a\000i\000l\000e\000d\000\040\000D\000e\000s\000c\000r\000i\000p\000t\000i\000o\000n}{section.4.3}% 30
\BOOKMARK [2][-]{subsection.4.3.2}{\376\377\0004\000.\0003\000.\0002\000\040\000V\000a\000r\000i\000a\000b\000l\000e\000\040\000D\000o\000c\000u\000m\000e\000n\000t\000a\000t\000i\000o\000n}{section.4.3}% 31
\BOOKMARK [3][-]{subsubsection.4.3.2.1}{\376\377\0004\000.\0003\000.\0002\000.\0001\000\040\000i\000n\000t\000e\000r\000v\000a\000l\000\137\000A\000C\000C\000E\000L}{subsection.4.3.2}% 32
\BOOKMARK [3][-]{subsubsection.4.3.2.2}{\376\377\0004\000.\0003\000.\0002\000.\0002\000\040\000i\000n\000t\000e\000r\000v\000a\000l\000\137\000B\000A\000R\000O\000M}{subsection.4.3.2}% 33
\BOOKMARK [3][-]{subsubsection.4.3.2.3}{\376\377\0004\000.\0003\000.\0002\000.\0003\000\040\000i\000n\000t\000e\000r\000v\000a\000l\000\137\000I\000M\000U}{subsection.4.3.2}% 34
\BOOKMARK [3][-]{subsubsection.4.3.2.4}{\376\377\0004\000.\0003\000.\0002\000.\0004\000\040\000t\000h\000r\000e\000a\000d\000\137\000c\000o\000n\000t\000r\000o\000l}{subsection.4.3.2}% 35
\BOOKMARK [3][-]{subsubsection.4.3.2.5}{\376\377\0004\000.\0003\000.\0002\000.\0005\000\040\000T\000h\000r\000e\000a\000d\000A\000C\000C\000E\000L}{subsection.4.3.2}% 36
\BOOKMARK [3][-]{subsubsection.4.3.2.6}{\376\377\0004\000.\0003\000.\0002\000.\0006\000\040\000T\000h\000r\000e\000a\000d\000B\000A\000R\000O\000M}{subsection.4.3.2}% 37
\BOOKMARK [3][-]{subsubsection.4.3.2.7}{\376\377\0004\000.\0003\000.\0002\000.\0007\000\040\000T\000h\000r\000e\000a\000d\000I\000M\000U}{subsection.4.3.2}% 38
\BOOKMARK [0][-]{chapter.5}{\376\377\0005\000\040\000C\000l\000a\000s\000s\000\040\000D\000o\000c\000u\000m\000e\000n\000t\000a\000t\000i\000o\000n}{}% 39
\BOOKMARK [1][-]{section.5.1}{\376\377\0005\000.\0001\000\040\000A\000C\000C\000E\000L\000d\000a\000t\000a\000\040\000S\000t\000r\000u\000c\000t\000\040\000R\000e\000f\000e\000r\000e\000n\000c\000e}{chapter.5}% 40
\BOOKMARK [2][-]{subsection.5.1.1}{\376\377\0005\000.\0001\000.\0001\000\040\000D\000e\000t\000a\000i\000l\000e\000d\000\040\000D\000e\000s\000c\000r\000i\000p\000t\000i\000o\000n}{section.5.1}% 41
\BOOKMARK [2][-]{subsection.5.1.2}{\376\377\0005\000.\0001\000.\0002\000\040\000M\000e\000m\000b\000e\000r\000\040\000D\000a\000t\000a\000\040\000D\000o\000c\000u\000m\000e\000n\000t\000a\000t\000i\000o\000n}{section.5.1}% 42
\BOOKMARK [3][-]{subsubsection.5.1.2.1}{\376\377\0005\000.\0001\000.\0002\000.\0001\000\040\000t}{subsection.5.1.2}% 43
\BOOKMARK [3][-]{subsubsection.5.1.2.2}{\376\377\0005\000.\0001\000.\0002\000.\0002\000\040\000x}{subsection.5.1.2}% 44
\BOOKMARK [3][-]{subsubsection.5.1.2.3}{\376\377\0005\000.\0001\000.\0002\000.\0003\000\040\000y}{subsection.5.1.2}% 45
\BOOKMARK [3][-]{subsubsection.5.1.2.4}{\376\377\0005\000.\0001\000.\0002\000.\0004\000\040\000z}{subsection.5.1.2}% 46
\BOOKMARK [1][-]{section.5.2}{\376\377\0005\000.\0002\000\040\000B\000A\000R\000O\000M\000d\000a\000t\000a\000\040\000S\000t\000r\000u\000c\000t\000\040\000R\000e\000f\000e\000r\000e\000n\000c\000e}{chapter.5}% 47
\BOOKMARK [2][-]{subsection.5.2.1}{\376\377\0005\000.\0002\000.\0001\000\040\000D\000e\000t\000a\000i\000l\000e\000d\000\040\000D\000e\000s\000c\000r\000i\000p\000t\000i\000o\000n}{section.5.2}% 48
\BOOKMARK [2][-]{subsection.5.2.2}{\376\377\0005\000.\0002\000.\0002\000\040\000M\000e\000m\000b\000e\000r\000\040\000D\000a\000t\000a\000\040\000D\000o\000c\000u\000m\000e\000n\000t\000a\000t\000i\000o\000n}{section.5.2}% 49
\BOOKMARK [3][-]{subsubsection.5.2.2.1}{\376\377\0005\000.\0002\000.\0002\000.\0001\000\040\000a\000l\000t\000i\000t\000u\000d\000e}{subsection.5.2.2}% 50
\BOOKMARK [3][-]{subsubsection.5.2.2.2}{\376\377\0005\000.\0002\000.\0002\000.\0002\000\040\000p\000r\000e\000s\000s\000u\000r\000e}{subsection.5.2.2}% 51
\BOOKMARK [3][-]{subsubsection.5.2.2.3}{\376\377\0005\000.\0002\000.\0002\000.\0003\000\040\000t}{subsection.5.2.2}% 52
\BOOKMARK [3][-]{subsubsection.5.2.2.4}{\376\377\0005\000.\0002\000.\0002\000.\0004\000\040\000t\000e\000m\000p\000e\000r\000a\000t\000u\000r\000e}{subsection.5.2.2}% 53
\BOOKMARK [1][-]{section.5.3}{\376\377\0005\000.\0003\000\040\000B\000e\000e\000p\000y\000B\000O\000I\000\040\000C\000l\000a\000s\000s\000\040\000R\000e\000f\000e\000r\000e\000n\000c\000e}{chapter.5}% 54
\BOOKMARK [2][-]{subsection.5.3.1}{\376\377\0005\000.\0003\000.\0001\000\040\000D\000e\000t\000a\000i\000l\000e\000d\000\040\000D\000e\000s\000c\000r\000i\000p\000t\000i\000o\000n}{section.5.3}% 55
\BOOKMARK [2][-]{subsection.5.3.2}{\376\377\0005\000.\0003\000.\0002\000\040\000C\000o\000n\000s\000t\000r\000u\000c\000t\000o\000r\000\040\000\046\000\040\000D\000e\000s\000t\000r\000u\000c\000t\000o\000r\000\040\000D\000o\000c\000u\000m\000e\000n\000t\000a\000t\000i\000o\000n}{section.5.3}% 56
\BOOKMARK [3][-]{subsubsection.5.3.2.1}{\376\377\0005\000.\0003\000.\0002\000.\0001\000\040\000B\000e\000e\000p\000y\000B\000O\000I\000\050\000\051\000\040\000[\0001\000/\0002\000]}{subsection.5.3.2}% 57
\BOOKMARK [3][-]{subsubsection.5.3.2.2}{\376\377\0005\000.\0003\000.\0002\000.\0002\000\040\000B\000e\000e\000p\000y\000B\000O\000I\000\050\000\051\000\040\000[\0002\000/\0002\000]}{subsection.5.3.2}% 58
\BOOKMARK [2][-]{subsection.5.3.3}{\376\377\0005\000.\0003\000.\0003\000\040\000M\000e\000m\000b\000e\000r\000\040\000F\000u\000n\000c\000t\000i\000o\000n\000\040\000D\000o\000c\000u\000m\000e\000n\000t\000a\000t\000i\000o\000n}{section.5.3}% 59
\BOOKMARK [3][-]{subsubsection.5.3.3.1}{\376\377\0005\000.\0003\000.\0003\000.\0001\000\040\000b\000o\000m\000b\000B\000e\000e\000p\000\050\000\051}{subsection.5.3.3}% 60
\BOOKMARK [3][-]{subsubsection.5.3.3.2}{\376\377\0005\000.\0003\000.\0003\000.\0002\000\040\000c\000o\000u\000n\000t\000d\000o\000w\000n\000\050\000\051}{subsection.5.3.3}% 61
\BOOKMARK [3][-]{subsubsection.5.3.3.3}{\376\377\0005\000.\0003\000.\0003\000.\0003\000\040\000e\000r\000r\000o\000r\000\050\000\051}{subsection.5.3.3}% 62
\BOOKMARK [3][-]{subsubsection.5.3.3.4}{\376\377\0005\000.\0003\000.\0003\000.\0004\000\040\000h\000e\000l\000l\000o\000\050\000\051}{subsection.5.3.3}% 63
\BOOKMARK [3][-]{subsubsection.5.3.3.5}{\376\377\0005\000.\0003\000.\0003\000.\0005\000\040\000h\000i\000B\000e\000e\000p\000\050\000\051}{subsection.5.3.3}% 64
\BOOKMARK [3][-]{subsubsection.5.3.3.6}{\376\377\0005\000.\0003\000.\0003\000.\0006\000\040\000l\000o\000w\000B\000e\000e\000p\000\050\000\051}{subsection.5.3.3}% 65
\BOOKMARK [3][-]{subsubsection.5.3.3.7}{\376\377\0005\000.\0003\000.\0003\000.\0007\000\040\000m\000i\000d\000B\000e\000e\000p\000\050\000\051}{subsection.5.3.3}% 66
\BOOKMARK [1][-]{section.5.4}{\376\377\0005\000.\0004\000\040\000D\000i\000g\000i\000t\000a\000l\000B\000A\000R\000O\000M\000\040\000C\000l\000a\000s\000s\000\040\000R\000e\000f\000e\000r\000e\000n\000c\000e}{chapter.5}% 67
\BOOKMARK [2][-]{subsection.5.4.1}{\376\377\0005\000.\0004\000.\0001\000\040\000D\000e\000t\000a\000i\000l\000e\000d\000\040\000D\000e\000s\000c\000r\000i\000p\000t\000i\000o\000n}{section.5.4}% 68
\BOOKMARK [2][-]{subsection.5.4.2}{\376\377\0005\000.\0004\000.\0002\000\040\000C\000o\000n\000s\000t\000r\000u\000c\000t\000o\000r\000\040\000\046\000\040\000D\000e\000s\000t\000r\000u\000c\000t\000o\000r\000\040\000D\000o\000c\000u\000m\000e\000n\000t\000a\000t\000i\000o\000n}{section.5.4}% 69
\BOOKMARK [3][-]{subsubsection.5.4.2.1}{\376\377\0005\000.\0004\000.\0002\000.\0001\000\040\000D\000i\000g\000i\000t\000a\000l\000B\000A\000R\000O\000M\000\050\000\051}{subsection.5.4.2}% 70
\BOOKMARK [2][-]{subsection.5.4.3}{\376\377\0005\000.\0004\000.\0003\000\040\000M\000e\000m\000b\000e\000r\000\040\000F\000u\000n\000c\000t\000i\000o\000n\000\040\000D\000o\000c\000u\000m\000e\000n\000t\000a\000t\000i\000o\000n}{section.5.4}% 71
\BOOKMARK [3][-]{subsubsection.5.4.3.1}{\376\377\0005\000.\0004\000.\0003\000.\0001\000\040\000b\000e\000g\000i\000n\000\050\000\051}{subsection.5.4.3}% 72
\BOOKMARK [3][-]{subsubsection.5.4.3.2}{\376\377\0005\000.\0004\000.\0003\000.\0002\000\040\000s\000a\000m\000p\000l\000e\000\050\000\051}{subsection.5.4.3}% 73
\BOOKMARK [1][-]{section.5.5}{\376\377\0005\000.\0005\000\040\000D\000i\000g\000i\000t\000a\000l\000I\000M\000U\000\040\000C\000l\000a\000s\000s\000\040\000R\000e\000f\000e\000r\000e\000n\000c\000e}{chapter.5}% 74
\BOOKMARK [2][-]{subsection.5.5.1}{\376\377\0005\000.\0005\000.\0001\000\040\000D\000e\000t\000a\000i\000l\000e\000d\000\040\000D\000e\000s\000c\000r\000i\000p\000t\000i\000o\000n}{section.5.5}% 75
\BOOKMARK [2][-]{subsection.5.5.2}{\376\377\0005\000.\0005\000.\0002\000\040\000C\000o\000n\000s\000t\000r\000u\000c\000t\000o\000r\000\040\000\046\000\040\000D\000e\000s\000t\000r\000u\000c\000t\000o\000r\000\040\000D\000o\000c\000u\000m\000e\000n\000t\000a\000t\000i\000o\000n}{section.5.5}% 76
\BOOKMARK [3][-]{subsubsection.5.5.2.1}{\376\377\0005\000.\0005\000.\0002\000.\0001\000\040\000D\000i\000g\000i\000t\000a\000l\000I\000M\000U\000\050\000\051\000\040\000[\0001\000/\0002\000]}{subsection.5.5.2}% 77
\BOOKMARK [3][-]{subsubsection.5.5.2.2}{\376\377\0005\000.\0005\000.\0002\000.\0002\000\040\000D\000i\000g\000i\000t\000a\000l\000I\000M\000U\000\050\000\051\000\040\000[\0002\000/\0002\000]}{subsection.5.5.2}% 78
\BOOKMARK [2][-]{subsection.5.5.3}{\376\377\0005\000.\0005\000.\0003\000\040\000M\000e\000m\000b\000e\000r\000\040\000F\000u\000n\000c\000t\000i\000o\000n\000\040\000D\000o\000c\000u\000m\000e\000n\000t\000a\000t\000i\000o\000n}{section.5.5}% 79
\BOOKMARK [3][-]{subsubsection.5.5.3.1}{\376\377\0005\000.\0005\000.\0003\000.\0001\000\040\000b\000e\000g\000i\000n\000\050\000\051}{subsection.5.5.3}% 80
\BOOKMARK [3][-]{subsubsection.5.5.3.2}{\376\377\0005\000.\0005\000.\0003\000.\0002\000\040\000s\000a\000m\000p\000l\000e\000\050\000\051}{subsection.5.5.3}% 81
\BOOKMARK [1][-]{section.5.6}{\376\377\0005\000.\0006\000\040\000D\000L\000L\000f\000l\000a\000s\000h\000\040\000C\000l\000a\000s\000s\000\040\000R\000e\000f\000e\000r\000e\000n\000c\000e}{chapter.5}% 82
\BOOKMARK [2][-]{subsection.5.6.1}{\376\377\0005\000.\0006\000.\0001\000\040\000D\000e\000t\000a\000i\000l\000e\000d\000\040\000D\000e\000s\000c\000r\000i\000p\000t\000i\000o\000n}{section.5.6}% 83
\BOOKMARK [2][-]{subsection.5.6.2}{\376\377\0005\000.\0006\000.\0002\000\040\000C\000o\000n\000s\000t\000r\000u\000c\000t\000o\000r\000\040\000\046\000\040\000D\000e\000s\000t\000r\000u\000c\000t\000o\000r\000\040\000D\000o\000c\000u\000m\000e\000n\000t\000a\000t\000i\000o\000n}{section.5.6}% 84
\BOOKMARK [3][-]{subsubsection.5.6.2.1}{\376\377\0005\000.\0006\000.\0002\000.\0001\000\040\000D\000L\000L\000f\000l\000a\000s\000h\000\050\000\051\000\040\000[\0001\000/\0002\000]}{subsection.5.6.2}% 85
\BOOKMARK [3][-]{subsubsection.5.6.2.2}{\376\377\0005\000.\0006\000.\0002\000.\0002\000\040\000D\000L\000L\000f\000l\000a\000s\000h\000\050\000\051\000\040\000[\0002\000/\0002\000]}{subsection.5.6.2}% 86
\BOOKMARK [3][-]{subsubsection.5.6.2.3}{\376\377\0005\000.\0006\000.\0002\000.\0003\000\040\000\040\000D\000L\000L\000f\000l\000a\000s\000h\000\050\000\051}{subsection.5.6.2}% 87
\BOOKMARK [2][-]{subsection.5.6.3}{\376\377\0005\000.\0006\000.\0003\000\040\000M\000e\000m\000b\000e\000r\000\040\000F\000u\000n\000c\000t\000i\000o\000n\000\040\000D\000o\000c\000u\000m\000e\000n\000t\000a\000t\000i\000o\000n}{section.5.6}% 88
\BOOKMARK [3][-]{subsubsection.5.6.3.1}{\376\377\0005\000.\0006\000.\0003\000.\0001\000\040\000a\000d\000d\000T\000y\000p\000e\000\050\000\051}{subsection.5.6.3}% 89
\BOOKMARK [3][-]{subsubsection.5.6.3.2}{\376\377\0005\000.\0006\000.\0003\000.\0002\000\040\000s\000e\000t\000T\000o\000R\000e\000a\000d\000\050\000\051}{subsection.5.6.3}% 90
\BOOKMARK [3][-]{subsubsection.5.6.3.3}{\376\377\0005\000.\0006\000.\0003\000.\0003\000\040\000s\000e\000t\000T\000o\000W\000r\000i\000t\000e\000\050\000\051}{subsection.5.6.3}% 91
\BOOKMARK [3][-]{subsubsection.5.6.3.4}{\376\377\0005\000.\0006\000.\0003\000.\0004\000\040\000w\000r\000i\000t\000e\000S\000a\000m\000p\000l\000e\000\050\000\051}{subsection.5.6.3}% 92
\BOOKMARK [1][-]{section.5.7}{\376\377\0005\000.\0007\000\040\000D\000L\000L\000t\000y\000p\000e\000\040\000C\000l\000a\000s\000s\000\040\000R\000e\000f\000e\000r\000e\000n\000c\000e}{chapter.5}% 93
\BOOKMARK [2][-]{subsection.5.7.1}{\376\377\0005\000.\0007\000.\0001\000\040\000D\000e\000t\000a\000i\000l\000e\000d\000\040\000D\000e\000s\000c\000r\000i\000p\000t\000i\000o\000n}{section.5.7}% 94
\BOOKMARK [2][-]{subsection.5.7.2}{\376\377\0005\000.\0007\000.\0002\000\040\000C\000o\000n\000s\000t\000r\000u\000c\000t\000o\000r\000\040\000\046\000\040\000D\000e\000s\000t\000r\000u\000c\000t\000o\000r\000\040\000D\000o\000c\000u\000m\000e\000n\000t\000a\000t\000i\000o\000n}{section.5.7}% 95
\BOOKMARK [3][-]{subsubsection.5.7.2.1}{\376\377\0005\000.\0007\000.\0002\000.\0001\000\040\000D\000L\000L\000t\000y\000p\000e\000\050\000\051}{subsection.5.7.2}% 96
\BOOKMARK [3][-]{subsubsection.5.7.2.2}{\376\377\0005\000.\0007\000.\0002\000.\0002\000\040\000\040\000D\000L\000L\000t\000y\000p\000e\000\050\000\051}{subsection.5.7.2}% 97
\BOOKMARK [2][-]{subsection.5.7.3}{\376\377\0005\000.\0007\000.\0003\000\040\000M\000e\000m\000b\000e\000r\000\040\000F\000u\000n\000c\000t\000i\000o\000n\000\040\000D\000o\000c\000u\000m\000e\000n\000t\000a\000t\000i\000o\000n}{section.5.7}% 98
\BOOKMARK [3][-]{subsubsection.5.7.3.1}{\376\377\0005\000.\0007\000.\0003\000.\0001\000\040\000g\000e\000t\000I\000D\000\050\000\051}{subsection.5.7.3}% 99
\BOOKMARK [3][-]{subsubsection.5.7.3.2}{\376\377\0005\000.\0007\000.\0003\000.\0002\000\040\000r\000e\000a\000d\000S\000a\000m\000p\000l\000e\000\050\000\051}{subsection.5.7.3}% 100
\BOOKMARK [3][-]{subsubsection.5.7.3.3}{\376\377\0005\000.\0007\000.\0003\000.\0003\000\040\000s\000e\000t\000T\000y\000p\000e\000\050\000\051}{subsection.5.7.3}% 101
\BOOKMARK [3][-]{subsubsection.5.7.3.4}{\376\377\0005\000.\0007\000.\0003\000.\0004\000\040\000w\000r\000i\000t\000e\000S\000a\000m\000p\000l\000e\000\050\000\051}{subsection.5.7.3}% 102
\BOOKMARK [1][-]{section.5.8}{\376\377\0005\000.\0008\000\040\000H\000I\000G\000H\000G\000\137\000A\000C\000C\000E\000L\000\040\000C\000l\000a\000s\000s\000\040\000R\000e\000f\000e\000r\000e\000n\000c\000e}{chapter.5}% 103
\BOOKMARK [2][-]{subsection.5.8.1}{\376\377\0005\000.\0008\000.\0001\000\040\000D\000e\000t\000a\000i\000l\000e\000d\000\040\000D\000e\000s\000c\000r\000i\000p\000t\000i\000o\000n}{section.5.8}% 104
\BOOKMARK [2][-]{subsection.5.8.2}{\376\377\0005\000.\0008\000.\0002\000\040\000C\000o\000n\000s\000t\000r\000u\000c\000t\000o\000r\000\040\000\046\000\040\000D\000e\000s\000t\000r\000u\000c\000t\000o\000r\000\040\000D\000o\000c\000u\000m\000e\000n\000t\000a\000t\000i\000o\000n}{section.5.8}% 105
\BOOKMARK [3][-]{subsubsection.5.8.2.1}{\376\377\0005\000.\0008\000.\0002\000.\0001\000\040\000H\000I\000G\000H\000G\000\137\000A\000C\000C\000E\000L\000\050\000\051\000\040\000[\0001\000/\0003\000]}{subsection.5.8.2}% 106
\BOOKMARK [3][-]{subsubsection.5.8.2.2}{\376\377\0005\000.\0008\000.\0002\000.\0002\000\040\000H\000I\000G\000H\000G\000\137\000A\000C\000C\000E\000L\000\050\000\051\000\040\000[\0002\000/\0003\000]}{subsection.5.8.2}% 107
\BOOKMARK [3][-]{subsubsection.5.8.2.3}{\376\377\0005\000.\0008\000.\0002\000.\0003\000\040\000H\000I\000G\000H\000G\000\137\000A\000C\000C\000E\000L\000\050\000\051\000\040\000[\0003\000/\0003\000]}{subsection.5.8.2}% 108
\BOOKMARK [2][-]{subsection.5.8.3}{\376\377\0005\000.\0008\000.\0003\000\040\000M\000e\000m\000b\000e\000r\000\040\000F\000u\000n\000c\000t\000i\000o\000n\000\040\000D\000o\000c\000u\000m\000e\000n\000t\000a\000t\000i\000o\000n}{section.5.8}% 109
\BOOKMARK [3][-]{subsubsection.5.8.3.1}{\376\377\0005\000.\0008\000.\0003\000.\0001\000\040\000s\000a\000m\000p\000l\000e\000\050\000\051}{subsection.5.8.3}% 110
\BOOKMARK [1][-]{section.5.9}{\376\377\0005\000.\0009\000\040\000I\000M\000U\000d\000a\000t\000a\000\040\000S\000t\000r\000u\000c\000t\000\040\000R\000e\000f\000e\000r\000e\000n\000c\000e}{chapter.5}% 111
\BOOKMARK [2][-]{subsection.5.9.1}{\376\377\0005\000.\0009\000.\0001\000\040\000D\000e\000t\000a\000i\000l\000e\000d\000\040\000D\000e\000s\000c\000r\000i\000p\000t\000i\000o\000n}{section.5.9}% 112
\BOOKMARK [2][-]{subsection.5.9.2}{\376\377\0005\000.\0009\000.\0002\000\040\000M\000e\000m\000b\000e\000r\000\040\000D\000a\000t\000a\000\040\000D\000o\000c\000u\000m\000e\000n\000t\000a\000t\000i\000o\000n}{section.5.9}% 113
\BOOKMARK [3][-]{subsubsection.5.9.2.1}{\376\377\0005\000.\0009\000.\0002\000.\0001\000\040\000a\000c\000c\000e\000l\000\137\000f\000u\000s\000e\000d}{subsection.5.9.2}% 114
\BOOKMARK [3][-]{subsubsection.5.9.2.2}{\376\377\0005\000.\0009\000.\0002\000.\0002\000\040\000a\000c\000c\000e\000l\000\137\000r\000a\000w}{subsection.5.9.2}% 115
\BOOKMARK [3][-]{subsubsection.5.9.2.3}{\376\377\0005\000.\0009\000.\0002\000.\0003\000\040\000g\000y\000r\000o\000\137\000f\000u\000s\000e\000d}{subsection.5.9.2}% 116
\BOOKMARK [3][-]{subsubsection.5.9.2.4}{\376\377\0005\000.\0009\000.\0002\000.\0004\000\040\000g\000y\000r\000o\000\137\000r\000a\000w}{subsection.5.9.2}% 117
\BOOKMARK [3][-]{subsubsection.5.9.2.5}{\376\377\0005\000.\0009\000.\0002\000.\0005\000\040\000m\000a\000g\000n\000e\000t\000o\000m\000e\000t\000e\000r}{subsection.5.9.2}% 118
\BOOKMARK [3][-]{subsubsection.5.9.2.6}{\376\377\0005\000.\0009\000.\0002\000.\0006\000\040\000o\000r\000i\000e\000n\000t\000\137\000e\000u\000l\000e\000r}{subsection.5.9.2}% 119
\BOOKMARK [3][-]{subsubsection.5.9.2.7}{\376\377\0005\000.\0009\000.\0002\000.\0007\000\040\000o\000r\000i\000e\000n\000t\000\137\000q\000u\000a\000t}{subsection.5.9.2}% 120
\BOOKMARK [3][-]{subsubsection.5.9.2.8}{\376\377\0005\000.\0009\000.\0002\000.\0008\000\040\000t}{subsection.5.9.2}% 121
\BOOKMARK [0][-]{chapter.6}{\376\377\0006\000\040\000F\000i\000l\000e\000\040\000D\000o\000c\000u\000m\000e\000n\000t\000a\000t\000i\000o\000n}{}% 122
\BOOKMARK [1][-]{section.6.1}{\376\377\0006\000.\0001\000\040\000s\000r\000c\000/\000s\000r\000c\000/\000A\000n\000a\000l\000o\000g\000I\000M\000U\000.\000c\000p\000p\000\040\000F\000i\000l\000e\000\040\000R\000e\000f\000e\000r\000e\000n\000c\000e}{chapter.6}% 123
\BOOKMARK [2][-]{subsection.6.1.1}{\376\377\0006\000.\0001\000.\0001\000\040\000D\000e\000t\000a\000i\000l\000e\000d\000\040\000D\000e\000s\000c\000r\000i\000p\000t\000i\000o\000n}{section.6.1}% 124
\BOOKMARK [1][-]{section.6.2}{\376\377\0006\000.\0002\000\040\000A\000n\000a\000l\000o\000g\000I\000M\000U\000.\000c\000p\000p}{chapter.6}% 125
\BOOKMARK [1][-]{section.6.3}{\376\377\0006\000.\0003\000\040\000s\000r\000c\000/\000s\000r\000c\000/\000B\000e\000e\000p\000y\000B\000O\000I\000.\000c\000p\000p\000\040\000F\000i\000l\000e\000\040\000R\000e\000f\000e\000r\000e\000n\000c\000e}{chapter.6}% 126
\BOOKMARK [2][-]{subsection.6.3.1}{\376\377\0006\000.\0003\000.\0001\000\040\000D\000e\000t\000a\000i\000l\000e\000d\000\040\000D\000e\000s\000c\000r\000i\000p\000t\000i\000o\000n}{section.6.3}% 127
\BOOKMARK [1][-]{section.6.4}{\376\377\0006\000.\0004\000\040\000B\000e\000e\000p\000y\000B\000O\000I\000.\000c\000p\000p}{chapter.6}% 128
\BOOKMARK [1][-]{section.6.5}{\376\377\0006\000.\0005\000\040\000s\000r\000c\000/\000s\000r\000c\000/\000D\000i\000g\000i\000t\000a\000l\000B\000A\000R\000O\000M\000.\000c\000p\000p\000\040\000F\000i\000l\000e\000\040\000R\000e\000f\000e\000r\000e\000n\000c\000e}{chapter.6}% 129
\BOOKMARK [2][-]{subsection.6.5.1}{\376\377\0006\000.\0005\000.\0001\000\040\000D\000e\000t\000a\000i\000l\000e\000d\000\040\000D\000e\000s\000c\000r\000i\000p\000t\000i\000o\000n}{section.6.5}% 130
\BOOKMARK [1][-]{section.6.6}{\376\377\0006\000.\0006\000\040\000D\000i\000g\000i\000t\000a\000l\000B\000A\000R\000O\000M\000.\000c\000p\000p}{chapter.6}% 131
\BOOKMARK [1][-]{section.6.7}{\376\377\0006\000.\0007\000\040\000s\000r\000c\000/\000s\000r\000c\000/\000D\000i\000g\000i\000t\000a\000l\000I\000M\000U\000.\000c\000p\000p\000\040\000F\000i\000l\000e\000\040\000R\000e\000f\000e\000r\000e\000n\000c\000e}{chapter.6}% 132
\BOOKMARK [2][-]{subsection.6.7.1}{\376\377\0006\000.\0007\000.\0001\000\040\000D\000e\000t\000a\000i\000l\000e\000d\000\040\000D\000e\000s\000c\000r\000i\000p\000t\000i\000o\000n}{section.6.7}% 133
\BOOKMARK [1][-]{section.6.8}{\376\377\0006\000.\0008\000\040\000D\000i\000g\000i\000t\000a\000l\000I\000M\000U\000.\000c\000p\000p}{chapter.6}% 134
\BOOKMARK [1][-]{section.6.9}{\376\377\0006\000.\0009\000\040\000s\000r\000c\000/\000s\000r\000c\000/\000D\000L\000L\000f\000l\000a\000s\000h\000.\000c\000p\000p\000\040\000F\000i\000l\000e\000\040\000R\000e\000f\000e\000r\000e\000n\000c\000e}{chapter.6}% 135
\BOOKMARK [2][-]{subsection.6.9.1}{\376\377\0006\000.\0009\000.\0001\000\040\000D\000e\000t\000a\000i\000l\000e\000d\000\040\000D\000e\000s\000c\000r\000i\000p\000t\000i\000o\000n}{section.6.9}% 136
\BOOKMARK [1][-]{section.6.10}{\376\377\0006\000.\0001\0000\000\040\000D\000L\000L\000f\000l\000a\000s\000h\000.\000c\000p\000p}{chapter.6}% 137
\BOOKMARK [1][-]{section.6.11}{\376\377\0006\000.\0001\0001\000\040\000s\000r\000c\000/\000s\000r\000c\000/\000D\000L\000L\000f\000l\000a\000s\000h\000.\000h\000p\000p\000\040\000F\000i\000l\000e\000\040\000R\000e\000f\000e\000r\000e\000n\000c\000e}{chapter.6}% 138
\BOOKMARK [2][-]{subsection.6.11.1}{\376\377\0006\000.\0001\0001\000.\0001\000\040\000D\000e\000t\000a\000i\000l\000e\000d\000\040\000D\000e\000s\000c\000r\000i\000p\000t\000i\000o\000n}{section.6.11}% 139
\BOOKMARK [1][-]{section.6.12}{\376\377\0006\000.\0001\0002\000\040\000D\000L\000L\000f\000l\000a\000s\000h\000.\000h\000p\000p}{chapter.6}% 140
\BOOKMARK [1][-]{section.6.13}{\376\377\0006\000.\0001\0003\000\040\000s\000r\000c\000/\000s\000r\000c\000/\000m\000a\000i\000n\000.\000c\000p\000p\000\040\000F\000i\000l\000e\000\040\000R\000e\000f\000e\000r\000e\000n\000c\000e}{chapter.6}% 141
\BOOKMARK [2][-]{subsection.6.13.1}{\376\377\0006\000.\0001\0003\000.\0001\000\040\000D\000e\000t\000a\000i\000l\000e\000d\000\040\000D\000e\000s\000c\000r\000i\000p\000t\000i\000o\000n}{section.6.13}% 142
\BOOKMARK [2][-]{subsection.6.13.2}{\376\377\0006\000.\0001\0003\000.\0002\000\040\000F\000u\000n\000c\000t\000i\000o\000n\000\040\000D\000o\000c\000u\000m\000e\000n\000t\000a\000t\000i\000o\000n}{section.6.13}% 143
\BOOKMARK [3][-]{subsubsection.6.13.2.1}{\376\377\0006\000.\0001\0003\000.\0002\000.\0001\000\040\000K\000I\000L\000L\000S\000Y\000S\000T\000E\000M\000\050\000\051}{subsection.6.13.2}% 144
\BOOKMARK [3][-]{subsubsection.6.13.2.2}{\376\377\0006\000.\0001\0003\000.\0002\000.\0002\000\040\000l\000o\000o\000p\000\050\000\051}{subsection.6.13.2}% 145
\BOOKMARK [3][-]{subsubsection.6.13.2.3}{\376\377\0006\000.\0001\0003\000.\0002\000.\0003\000\040\000s\000e\000t\000u\000p\000\050\000\051}{subsection.6.13.2}% 146
\BOOKMARK [3][-]{subsubsection.6.13.2.4}{\376\377\0006\000.\0001\0003\000.\0002\000.\0004\000\040\000t\000h\000r\000e\000a\000d\000\137\000B\000A\000R\000O\000M\000\050\000\051}{subsection.6.13.2}% 147
\BOOKMARK [3][-]{subsubsection.6.13.2.5}{\376\377\0006\000.\0001\0003\000.\0002\000.\0005\000\040\000t\000h\000r\000e\000a\000d\000\137\000H\000I\000G\000H\000G\000\050\000\051}{subsection.6.13.2}% 148
\BOOKMARK [3][-]{subsubsection.6.13.2.6}{\376\377\0006\000.\0001\0003\000.\0002\000.\0006\000\040\000t\000h\000r\000e\000a\000d\000\137\000I\000M\000U\000\050\000\051}{subsection.6.13.2}% 149
\BOOKMARK [1][-]{section.6.14}{\376\377\0006\000.\0001\0004\000\040\000m\000a\000i\000n\000.\000c\000p\000p}{chapter.6}% 150
\BOOKMARK [1][-]{section.6.15}{\376\377\0006\000.\0001\0005\000\040\000s\000r\000c\000/\000s\000r\000c\000/\000N\000a\000m\000e\000s\000p\000a\000c\000e\000s\000.\000c\000p\000p\000\040\000F\000i\000l\000e\000\040\000R\000e\000f\000e\000r\000e\000n\000c\000e}{chapter.6}% 151
\BOOKMARK [2][-]{subsection.6.15.1}{\376\377\0006\000.\0001\0005\000.\0001\000\040\000D\000e\000t\000a\000i\000l\000e\000d\000\040\000D\000e\000s\000c\000r\000i\000p\000t\000i\000o\000n}{section.6.15}% 152
\BOOKMARK [1][-]{section.6.16}{\376\377\0006\000.\0001\0006\000\040\000N\000a\000m\000e\000s\000p\000a\000c\000e\000s\000.\000c\000p\000p}{chapter.6}% 153
\BOOKMARK [1][-]{section.6.17}{\376\377\0006\000.\0001\0007\000\040\000s\000r\000c\000/\000s\000r\000c\000/\000r\000e\000g\000i\000s\000t\000e\000r\000.\000h\000p\000p\000\040\000F\000i\000l\000e\000\040\000R\000e\000f\000e\000r\000e\000n\000c\000e}{chapter.6}% 154
\BOOKMARK [2][-]{subsection.6.17.1}{\376\377\0006\000.\0001\0007\000.\0001\000\040\000D\000e\000t\000a\000i\000l\000e\000d\000\040\000D\000e\000s\000c\000r\000i\000p\000t\000i\000o\000n}{section.6.17}% 155
\BOOKMARK [2][-]{subsection.6.17.2}{\376\377\0006\000.\0001\0007\000.\0002\000\040\000M\000a\000c\000r\000o\000\040\000D\000e\000f\000i\000n\000i\000t\000i\000o\000n\000\040\000D\000o\000c\000u\000m\000e\000n\000t\000a\000t\000i\000o\000n}{section.6.17}% 156
\BOOKMARK [3][-]{subsubsection.6.17.2.1}{\376\377\0006\000.\0001\0007\000.\0002\000.\0001\000\040\000B\000N\000O\0000\0005\0005\000\137\000A\000C\000C\000\137\000D\000A\000T\000A\000\137\000X\000\137\000M\000S\000B}{subsection.6.17.2}% 157
\BOOKMARK [3][-]{subsubsection.6.17.2.2}{\376\377\0006\000.\0001\0007\000.\0002\000.\0002\000\040\000B\000N\000O\0000\0005\0005\000\137\000A\000C\000C\000\137\000D\000A\000T\000A\000\137\000Y\000\137\000L\000S\000B}{subsection.6.17.2}% 158
\BOOKMARK [3][-]{subsubsection.6.17.2.3}{\376\377\0006\000.\0001\0007\000.\0002\000.\0003\000\040\000B\000N\000O\0000\0005\0005\000\137\000A\000C\000C\000\137\000D\000A\000T\000A\000\137\000Y\000\137\000M\000S\000B}{subsection.6.17.2}% 159
\BOOKMARK [3][-]{subsubsection.6.17.2.4}{\376\377\0006\000.\0001\0007\000.\0002\000.\0004\000\040\000B\000N\000O\0000\0005\0005\000\137\000A\000C\000C\000\137\000D\000A\000T\000A\000\137\000Z\000\137\000L\000S\000B}{subsection.6.17.2}% 160
\BOOKMARK [3][-]{subsubsection.6.17.2.5}{\376\377\0006\000.\0001\0007\000.\0002\000.\0005\000\040\000B\000N\000O\0000\0005\0005\000\137\000A\000C\000C\000\137\000D\000A\000T\000A\000\137\000Z\000\137\000M\000S\000B}{subsection.6.17.2}% 161
\BOOKMARK [3][-]{subsubsection.6.17.2.6}{\376\377\0006\000.\0001\0007\000.\0002\000.\0006\000\040\000B\000N\000O\0000\0005\0005\000\137\000A\000C\000C\000\137\000I\000D}{subsection.6.17.2}% 162
\BOOKMARK [3][-]{subsubsection.6.17.2.7}{\376\377\0006\000.\0001\0007\000.\0002\000.\0007\000\040\000B\000N\000O\0000\0005\0005\000\137\000A\000C\000C\000\137\000O\000F\000F\000S\000E\000T\000\137\000X\000\137\000L\000S\000B}{subsection.6.17.2}% 163
\BOOKMARK [3][-]{subsubsection.6.17.2.8}{\376\377\0006\000.\0001\0007\000.\0002\000.\0008\000\040\000B\000N\000O\0000\0005\0005\000\137\000A\000C\000C\000\137\000O\000F\000F\000S\000E\000T\000\137\000X\000\137\000M\000S\000B}{subsection.6.17.2}% 164
\BOOKMARK [3][-]{subsubsection.6.17.2.9}{\376\377\0006\000.\0001\0007\000.\0002\000.\0009\000\040\000B\000N\000O\0000\0005\0005\000\137\000A\000C\000C\000\137\000O\000F\000F\000S\000E\000T\000\137\000Y\000\137\000L\000S\000B}{subsection.6.17.2}% 165
\BOOKMARK [3][-]{subsubsection.6.17.2.10}{\376\377\0006\000.\0001\0007\000.\0002\000.\0001\0000\000\040\000B\000N\000O\0000\0005\0005\000\137\000A\000C\000C\000\137\000O\000F\000F\000S\000E\000T\000\137\000Y\000\137\000M\000S\000B}{subsection.6.17.2}% 166
\BOOKMARK [3][-]{subsubsection.6.17.2.11}{\376\377\0006\000.\0001\0007\000.\0002\000.\0001\0001\000\040\000B\000N\000O\0000\0005\0005\000\137\000A\000C\000C\000\137\000O\000F\000F\000S\000E\000T\000\137\000Z\000\137\000L\000S\000B}{subsection.6.17.2}% 167
\BOOKMARK [3][-]{subsubsection.6.17.2.12}{\376\377\0006\000.\0001\0007\000.\0002\000.\0001\0002\000\040\000B\000N\000O\0000\0005\0005\000\137\000A\000C\000C\000\137\000O\000F\000F\000S\000E\000T\000\137\000Z\000\137\000M\000S\000B}{subsection.6.17.2}% 168
\BOOKMARK [3][-]{subsubsection.6.17.2.13}{\376\377\0006\000.\0001\0007\000.\0002\000.\0001\0003\000\040\000B\000N\000O\0000\0005\0005\000\137\000A\000C\000C\000\137\000R\000A\000D\000I\000U\000S\000\137\000L\000S\000B}{subsection.6.17.2}% 169
\BOOKMARK [3][-]{subsubsection.6.17.2.14}{\376\377\0006\000.\0001\0007\000.\0002\000.\0001\0004\000\040\000B\000N\000O\0000\0005\0005\000\137\000A\000C\000C\000\137\000R\000A\000D\000I\000U\000S\000\137\000M\000S\000B}{subsection.6.17.2}% 170
\BOOKMARK [3][-]{subsubsection.6.17.2.15}{\376\377\0006\000.\0001\0007\000.\0002\000.\0001\0005\000\040\000B\000N\000O\0000\0005\0005\000\137\000A\000X\000I\000S\000\137\000M\000A\000P\000\137\000C\000O\000N\000F\000I\000G}{subsection.6.17.2}% 171
\BOOKMARK [3][-]{subsubsection.6.17.2.16}{\376\377\0006\000.\0001\0007\000.\0002\000.\0001\0006\000\040\000B\000N\000O\0000\0005\0005\000\137\000A\000X\000I\000S\000\137\000M\000A\000P\000\137\000S\000I\000G\000N}{subsection.6.17.2}% 172
\BOOKMARK [3][-]{subsubsection.6.17.2.17}{\376\377\0006\000.\0001\0007\000.\0002\000.\0001\0007\000\040\000B\000N\000O\0000\0005\0005\000\137\000B\000L\000\137\000R\000e\000v\000\137\000I\000D}{subsection.6.17.2}% 173
\BOOKMARK [3][-]{subsubsection.6.17.2.18}{\376\377\0006\000.\0001\0007\000.\0002\000.\0001\0008\000\040\000B\000N\000O\0000\0005\0005\000\137\000C\000A\000L\000I\000B\000\137\000S\000T\000A\000T}{subsection.6.17.2}% 174
\BOOKMARK [3][-]{subsubsection.6.17.2.19}{\376\377\0006\000.\0001\0007\000.\0002\000.\0001\0009\000\040\000B\000N\000O\0000\0005\0005\000\137\000C\000H\000I\000P\000\137\000I\000D}{subsection.6.17.2}% 175
\BOOKMARK [3][-]{subsubsection.6.17.2.20}{\376\377\0006\000.\0001\0007\000.\0002\000.\0002\0000\000\040\000B\000N\000O\0000\0005\0005\000\137\000E\000U\000L\000\137\000H\000e\000a\000d\000i\000n\000g\000\137\000L\000S\000B}{subsection.6.17.2}% 176
\BOOKMARK [3][-]{subsubsection.6.17.2.21}{\376\377\0006\000.\0001\0007\000.\0002\000.\0002\0001\000\040\000B\000N\000O\0000\0005\0005\000\137\000E\000U\000L\000\137\000H\000e\000a\000d\000i\000n\000g\000\137\000M\000S\000B}{subsection.6.17.2}% 177
\BOOKMARK [3][-]{subsubsection.6.17.2.22}{\376\377\0006\000.\0001\0007\000.\0002\000.\0002\0002\000\040\000B\000N\000O\0000\0005\0005\000\137\000E\000U\000L\000\137\000P\000i\000t\000c\000h\000\137\000L\000S\000B}{subsection.6.17.2}% 178
\BOOKMARK [3][-]{subsubsection.6.17.2.23}{\376\377\0006\000.\0001\0007\000.\0002\000.\0002\0003\000\040\000B\000N\000O\0000\0005\0005\000\137\000E\000U\000L\000\137\000P\000i\000t\000c\000h\000\137\000M\000S\000B}{subsection.6.17.2}% 179
\BOOKMARK [3][-]{subsubsection.6.17.2.24}{\376\377\0006\000.\0001\0007\000.\0002\000.\0002\0004\000\040\000B\000N\000O\0000\0005\0005\000\137\000E\000U\000L\000\137\000R\000o\000l\000l\000\137\000L\000S\000B}{subsection.6.17.2}% 180
\BOOKMARK [3][-]{subsubsection.6.17.2.25}{\376\377\0006\000.\0001\0007\000.\0002\000.\0002\0005\000\040\000B\000N\000O\0000\0005\0005\000\137\000E\000U\000L\000\137\000R\000o\000l\000l\000\137\000M\000S\000B}{subsection.6.17.2}% 181
\BOOKMARK [3][-]{subsubsection.6.17.2.26}{\376\377\0006\000.\0001\0007\000.\0002\000.\0002\0006\000\040\000B\000N\000O\0000\0005\0005\000\137\000G\000R\000V\000\137\000D\000a\000t\000a\000\137\000X\000\137\000L}{subsection.6.17.2}% 182
\BOOKMARK [3][-]{subsubsection.6.17.2.27}{\376\377\0006\000.\0001\0007\000.\0002\000.\0002\0007\000\040\000B\000N\000O\0000\0005\0005\000\137\000G\000R\000V\000\137\000D\000a\000t\000a\000\137\000X\000\137\000M}{subsection.6.17.2}% 183
\BOOKMARK [3][-]{subsubsection.6.17.2.28}{\376\377\0006\000.\0001\0007\000.\0002\000.\0002\0008\000\040\000B\000N\000O\0000\0005\0005\000\137\000G\000R\000V\000\137\000D\000a\000t\000a\000\137\000Y\000\137\000L}{subsection.6.17.2}% 184
\BOOKMARK [3][-]{subsubsection.6.17.2.29}{\376\377\0006\000.\0001\0007\000.\0002\000.\0002\0009\000\040\000B\000N\000O\0000\0005\0005\000\137\000G\000R\000V\000\137\000D\000a\000t\000a\000\137\000Y\000\137\000M}{subsection.6.17.2}% 185
\BOOKMARK [3][-]{subsubsection.6.17.2.30}{\376\377\0006\000.\0001\0007\000.\0002\000.\0003\0000\000\040\000B\000N\000O\0000\0005\0005\000\137\000G\000R\000V\000\137\000D\000a\000t\000a\000\137\000Z\000\137\000L}{subsection.6.17.2}% 186
\BOOKMARK [3][-]{subsubsection.6.17.2.31}{\376\377\0006\000.\0001\0007\000.\0002\000.\0003\0001\000\040\000B\000N\000O\0000\0005\0005\000\137\000G\000R\000V\000\137\000D\000a\000t\000a\000\137\000Z\000\137\000M}{subsection.6.17.2}% 187
\BOOKMARK [3][-]{subsubsection.6.17.2.32}{\376\377\0006\000.\0001\0007\000.\0002\000.\0003\0002\000\040\000B\000N\000O\0000\0005\0005\000\137\000G\000Y\000R\000\137\000D\000A\000T\000A\000\137\000X\000\137\000L\000S\000B}{subsection.6.17.2}% 188
\BOOKMARK [3][-]{subsubsection.6.17.2.33}{\376\377\0006\000.\0001\0007\000.\0002\000.\0003\0003\000\040\000B\000N\000O\0000\0005\0005\000\137\000G\000Y\000R\000\137\000D\000A\000T\000A\000\137\000X\000\137\000M\000S\000B}{subsection.6.17.2}% 189
\BOOKMARK [3][-]{subsubsection.6.17.2.34}{\376\377\0006\000.\0001\0007\000.\0002\000.\0003\0004\000\040\000B\000N\000O\0000\0005\0005\000\137\000G\000Y\000R\000\137\000D\000A\000T\000A\000\137\000Y\000\137\000L\000S\000B}{subsection.6.17.2}% 190
\BOOKMARK [3][-]{subsubsection.6.17.2.35}{\376\377\0006\000.\0001\0007\000.\0002\000.\0003\0005\000\040\000B\000N\000O\0000\0005\0005\000\137\000G\000Y\000R\000\137\000D\000A\000T\000A\000\137\000Y\000\137\000M\000S\000B}{subsection.6.17.2}% 191
\BOOKMARK [3][-]{subsubsection.6.17.2.36}{\376\377\0006\000.\0001\0007\000.\0002\000.\0003\0006\000\040\000B\000N\000O\0000\0005\0005\000\137\000G\000Y\000R\000\137\000D\000A\000T\000A\000\137\000Z\000\137\000L\000S\000B}{subsection.6.17.2}% 192
\BOOKMARK [3][-]{subsubsection.6.17.2.37}{\376\377\0006\000.\0001\0007\000.\0002\000.\0003\0007\000\040\000B\000N\000O\0000\0005\0005\000\137\000G\000Y\000R\000\137\000D\000A\000T\000A\000\137\000Z\000\137\000M\000S\000B}{subsection.6.17.2}% 193
\BOOKMARK [3][-]{subsubsection.6.17.2.38}{\376\377\0006\000.\0001\0007\000.\0002\000.\0003\0008\000\040\000B\000N\000O\0000\0005\0005\000\137\000G\000Y\000R\000\137\000I\000D}{subsection.6.17.2}% 194
\BOOKMARK [3][-]{subsubsection.6.17.2.39}{\376\377\0006\000.\0001\0007\000.\0002\000.\0003\0009\000\040\000B\000N\000O\0000\0005\0005\000\137\000G\000Y\000R\000\137\000O\000F\000F\000S\000E\000T\000\137\000X\000\137\000L\000S\000B}{subsection.6.17.2}% 195
\BOOKMARK [3][-]{subsubsection.6.17.2.40}{\376\377\0006\000.\0001\0007\000.\0002\000.\0004\0000\000\040\000B\000N\000O\0000\0005\0005\000\137\000G\000Y\000R\000\137\000O\000F\000F\000S\000E\000T\000\137\000X\000\137\000M\000S\000B}{subsection.6.17.2}% 196
\BOOKMARK [3][-]{subsubsection.6.17.2.41}{\376\377\0006\000.\0001\0007\000.\0002\000.\0004\0001\000\040\000B\000N\000O\0000\0005\0005\000\137\000G\000Y\000R\000\137\000O\000F\000F\000S\000E\000T\000\137\000Y\000\137\000L\000S\000B}{subsection.6.17.2}% 197
\BOOKMARK [3][-]{subsubsection.6.17.2.42}{\376\377\0006\000.\0001\0007\000.\0002\000.\0004\0002\000\040\000B\000N\000O\0000\0005\0005\000\137\000G\000Y\000R\000\137\000O\000F\000F\000S\000E\000T\000\137\000Y\000\137\000M\000S\000B}{subsection.6.17.2}% 198
\BOOKMARK [3][-]{subsubsection.6.17.2.43}{\376\377\0006\000.\0001\0007\000.\0002\000.\0004\0003\000\040\000B\000N\000O\0000\0005\0005\000\137\000G\000Y\000R\000\137\000O\000F\000F\000S\000E\000T\000\137\000Z\000\137\000L\000S\000B}{subsection.6.17.2}% 199
\BOOKMARK [3][-]{subsubsection.6.17.2.44}{\376\377\0006\000.\0001\0007\000.\0002\000.\0004\0004\000\040\000B\000N\000O\0000\0005\0005\000\137\000G\000Y\000R\000\137\000O\000F\000F\000S\000E\000T\000\137\000Z\000\137\000M\000S\000B}{subsection.6.17.2}% 200
\BOOKMARK [3][-]{subsubsection.6.17.2.45}{\376\377\0006\000.\0001\0007\000.\0002\000.\0004\0005\000\040\000B\000N\000O\0000\0005\0005\000\137\000I\000N\000T\000\137\000S\000T\000A}{subsection.6.17.2}% 201
\BOOKMARK [3][-]{subsubsection.6.17.2.46}{\376\377\0006\000.\0001\0007\000.\0002\000.\0004\0006\000\040\000B\000N\000O\0000\0005\0005\000\137\000L\000I}{subsection.6.17.2}% 202
\BOOKMARK [3][-]{subsubsection.6.17.2.47}{\376\377\0006\000.\0001\0007\000.\0002\000.\0004\0007\000\040\000B\000N\000O\0000\0005\0005\000\137\000L\000I\000A\000\137\000D\000a\000t\000a\000\137\000X\000\137\000L\000S}{subsection.6.17.2}% 203
\BOOKMARK [3][-]{subsubsection.6.17.2.48}{\376\377\0006\000.\0001\0007\000.\0002\000.\0004\0008\000\040\000B\000N\000O\0000\0005\0005\000\137\000L\000I\000A\000\137\000D\000a\000t\000a\000\137\000Y\000\137\000L\000S}{subsection.6.17.2}% 204
\BOOKMARK [3][-]{subsubsection.6.17.2.49}{\376\377\0006\000.\0001\0007\000.\0002\000.\0004\0009\000\040\000B\000N\000O\0000\0005\0005\000\137\000L\000I\000A\000\137\000D\000a\000t\000a\000\137\000Y\000\137\000M\000B}{subsection.6.17.2}% 205
\BOOKMARK [3][-]{subsubsection.6.17.2.50}{\376\377\0006\000.\0001\0007\000.\0002\000.\0005\0000\000\040\000B\000N\000O\0000\0005\0005\000\137\000L\000I\000A\000\137\000D\000a\000t\000a\000\137\000Z\000\137\000L\000S}{subsection.6.17.2}% 206
\BOOKMARK [3][-]{subsubsection.6.17.2.51}{\376\377\0006\000.\0001\0007\000.\0002\000.\0005\0001\000\040\000B\000N\000O\0000\0005\0005\000\137\000L\000I\000A\000\137\000D\000a\000t\000a\000\137\000Z\000\137\000M\000B}{subsection.6.17.2}% 207
\BOOKMARK [3][-]{subsubsection.6.17.2.52}{\376\377\0006\000.\0001\0007\000.\0002\000.\0005\0002\000\040\000B\000N\000O\0000\0005\0005\000\137\000M\000A\000G\000\137\000D\000A\000T\000A\000\137\000X\000\137\000L\000S\000B}{subsection.6.17.2}% 208
\BOOKMARK [3][-]{subsubsection.6.17.2.53}{\376\377\0006\000.\0001\0007\000.\0002\000.\0005\0003\000\040\000B\000N\000O\0000\0005\0005\000\137\000M\000A\000G\000\137\000D\000A\000T\000A\000\137\000X\000\137\000M\000S\000B}{subsection.6.17.2}% 209
\BOOKMARK [3][-]{subsubsection.6.17.2.54}{\376\377\0006\000.\0001\0007\000.\0002\000.\0005\0004\000\040\000B\000N\000O\0000\0005\0005\000\137\000M\000A\000G\000\137\000D\000A\000T\000A\000\137\000Y\000\137\000L\000S\000B}{subsection.6.17.2}% 210
\BOOKMARK [3][-]{subsubsection.6.17.2.55}{\376\377\0006\000.\0001\0007\000.\0002\000.\0005\0005\000\040\000B\000N\000O\0000\0005\0005\000\137\000M\000A\000G\000\137\000D\000A\000T\000A\000\137\000Y\000\137\000M\000S\000B}{subsection.6.17.2}% 211
\BOOKMARK [3][-]{subsubsection.6.17.2.56}{\376\377\0006\000.\0001\0007\000.\0002\000.\0005\0006\000\040\000B\000N\000O\0000\0005\0005\000\137\000M\000A\000G\000\137\000D\000A\000T\000A\000\137\000Z\000\137\000L\000S\000B}{subsection.6.17.2}% 212
\BOOKMARK [3][-]{subsubsection.6.17.2.57}{\376\377\0006\000.\0001\0007\000.\0002\000.\0005\0007\000\040\000B\000N\000O\0000\0005\0005\000\137\000M\000A\000G\000\137\000D\000A\000T\000A\000\137\000Z\000\137\000M\000S\000B}{subsection.6.17.2}% 213
\BOOKMARK [3][-]{subsubsection.6.17.2.58}{\376\377\0006\000.\0001\0007\000.\0002\000.\0005\0008\000\040\000B\000N\000O\0000\0005\0005\000\137\000M\000A\000G\000\137\000I\000D}{subsection.6.17.2}% 214
\BOOKMARK [3][-]{subsubsection.6.17.2.59}{\376\377\0006\000.\0001\0007\000.\0002\000.\0005\0009\000\040\000B\000N\000O\0000\0005\0005\000\137\000M\000A\000G\000\137\000O\000F\000F\000S\000E\000T\000\137\000X\000\137\000L\000S\000B}{subsection.6.17.2}% 215
\BOOKMARK [3][-]{subsubsection.6.17.2.60}{\376\377\0006\000.\0001\0007\000.\0002\000.\0006\0000\000\040\000B\000N\000O\0000\0005\0005\000\137\000M\000A\000G\000\137\000O\000F\000F\000S\000E\000T\000\137\000X\000\137\000M\000S\000B}{subsection.6.17.2}% 216
\BOOKMARK [3][-]{subsubsection.6.17.2.61}{\376\377\0006\000.\0001\0007\000.\0002\000.\0006\0001\000\040\000B\000N\000O\0000\0005\0005\000\137\000M\000A\000G\000\137\000O\000F\000F\000S\000E\000T\000\137\000Y\000\137\000L\000S\000B}{subsection.6.17.2}% 217
\BOOKMARK [3][-]{subsubsection.6.17.2.62}{\376\377\0006\000.\0001\0007\000.\0002\000.\0006\0002\000\040\000B\000N\000O\0000\0005\0005\000\137\000M\000A\000G\000\137\000O\000F\000F\000S\000E\000T\000\137\000Y\000\137\000M\000S\000B}{subsection.6.17.2}% 218
\BOOKMARK [3][-]{subsubsection.6.17.2.63}{\376\377\0006\000.\0001\0007\000.\0002\000.\0006\0003\000\040\000B\000N\000O\0000\0005\0005\000\137\000M\000A\000G\000\137\000O\000F\000F\000S\000E\000T\000\137\000Z\000\137\000L\000S\000B}{subsection.6.17.2}% 219
\BOOKMARK [3][-]{subsubsection.6.17.2.64}{\376\377\0006\000.\0001\0007\000.\0002\000.\0006\0004\000\040\000B\000N\000O\0000\0005\0005\000\137\000M\000A\000G\000\137\000O\000F\000F\000S\000E\000T\000\137\000Z\000\137\000M\000S\000B}{subsection.6.17.2}% 220
\BOOKMARK [3][-]{subsubsection.6.17.2.65}{\376\377\0006\000.\0001\0007\000.\0002\000.\0006\0005\000\040\000B\000N\000O\0000\0005\0005\000\137\000M\000A\000G\000\137\000R\000A\000D\000I\000U\000S\000\137\000L\000S\000B}{subsection.6.17.2}% 221
\BOOKMARK [3][-]{subsubsection.6.17.2.66}{\376\377\0006\000.\0001\0007\000.\0002\000.\0006\0006\000\040\000B\000N\000O\0000\0005\0005\000\137\000M\000A\000G\000\137\000R\000A\000D\000I\000U\000S\000\137\000M\000S\000B}{subsection.6.17.2}% 222
\BOOKMARK [3][-]{subsubsection.6.17.2.67}{\376\377\0006\000.\0001\0007\000.\0002\000.\0006\0007\000\040\000B\000N\000O\0000\0005\0005\000\137\000O\000P\000R\000\137\000M\000O\000D\000E}{subsection.6.17.2}% 223
\BOOKMARK [3][-]{subsubsection.6.17.2.68}{\376\377\0006\000.\0001\0007\000.\0002\000.\0006\0008\000\040\000B\000N\000O\0000\0005\0005\000\137\000P\000a\000g\000e\000\137\000I\000D}{subsection.6.17.2}% 224
\BOOKMARK [3][-]{subsubsection.6.17.2.69}{\376\377\0006\000.\0001\0007\000.\0002\000.\0006\0009\000\040\000B\000N\000O\0000\0005\0005\000\137\000P\000W\000R\000\137\000A\000C\000C\000\137\000D\000A\000T\000A\000\137\000X\000\137\000L\000S\000B}{subsection.6.17.2}% 225
\BOOKMARK [3][-]{subsubsection.6.17.2.70}{\376\377\0006\000.\0001\0007\000.\0002\000.\0007\0000\000\040\000B\000N\000O\0000\0005\0005\000\137\000P\000W\000R\000\137\000M\000O\000D\000E}{subsection.6.17.2}% 226
\BOOKMARK [3][-]{subsubsection.6.17.2.71}{\376\377\0006\000.\0001\0007\000.\0002\000.\0007\0001\000\040\000B\000N\000O\0000\0005\0005\000\137\000Q\000U\000A\000\137\000D\000a\000t\000a\000\137\000w\000\137\000L}{subsection.6.17.2}% 227
\BOOKMARK [3][-]{subsubsection.6.17.2.72}{\376\377\0006\000.\0001\0007\000.\0002\000.\0007\0002\000\040\000B\000N\000O\0000\0005\0005\000\137\000Q\000U\000A\000\137\000D\000a\000t\000a\000\137\000w\000\137\000M}{subsection.6.17.2}% 228
\BOOKMARK [3][-]{subsubsection.6.17.2.73}{\376\377\0006\000.\0001\0007\000.\0002\000.\0007\0003\000\040\000B\000N\000O\0000\0005\0005\000\137\000Q\000U\000A\000\137\000D\000a\000t\000a\000\137\000x\000\137\000L\000S}{subsection.6.17.2}% 229
\BOOKMARK [3][-]{subsubsection.6.17.2.74}{\376\377\0006\000.\0001\0007\000.\0002\000.\0007\0004\000\040\000B\000N\000O\0000\0005\0005\000\137\000Q\000U\000A\000\137\000D\000a\000t\000a\000\137\000x\000\137\000M}{subsection.6.17.2}% 230
\BOOKMARK [3][-]{subsubsection.6.17.2.75}{\376\377\0006\000.\0001\0007\000.\0002\000.\0007\0005\000\040\000B\000N\000O\0000\0005\0005\000\137\000Q\000U\000A\000\137\000D\000a\000t\000a\000\137\000y\000\137\000L\000S}{subsection.6.17.2}% 231
\BOOKMARK [3][-]{subsubsection.6.17.2.76}{\376\377\0006\000.\0001\0007\000.\0002\000.\0007\0006\000\040\000B\000N\000O\0000\0005\0005\000\137\000Q\000U\000A\000\137\000D\000a\000t\000a\000\137\000y\000\137\000M}{subsection.6.17.2}% 232
\BOOKMARK [3][-]{subsubsection.6.17.2.77}{\376\377\0006\000.\0001\0007\000.\0002\000.\0007\0007\000\040\000B\000N\000O\0000\0005\0005\000\137\000Q\000U\000A\000\137\000D\000a\000t\000a\000\137\000z\000\137\000L\000S}{subsection.6.17.2}% 233
\BOOKMARK [3][-]{subsubsection.6.17.2.78}{\376\377\0006\000.\0001\0007\000.\0002\000.\0007\0008\000\040\000B\000N\000O\0000\0005\0005\000\137\000Q\000U\000A\000\137\000D\000a\000t\000a\000\137\000z\000\137\000M}{subsection.6.17.2}% 234
\BOOKMARK [3][-]{subsubsection.6.17.2.79}{\376\377\0006\000.\0001\0007\000.\0002\000.\0007\0009\000\040\000B\000N\000O\0000\0005\0005\000\137\000R\000e\000s\000e\000r\000v\000e\000d}{subsection.6.17.2}% 235
\BOOKMARK [3][-]{subsubsection.6.17.2.80}{\376\377\0006\000.\0001\0007\000.\0002\000.\0008\0000\000\040\000B\000N\000O\0000\0005\0005\000\137\000S\000T\000\137\000R\000E\000S\000U\000L\000T}{subsection.6.17.2}% 236
\BOOKMARK [3][-]{subsubsection.6.17.2.81}{\376\377\0006\000.\0001\0007\000.\0002\000.\0008\0001\000\040\000B\000N\000O\0000\0005\0005\000\137\000S\000W\000\137\000R\000E\000V\000\137\000I\000D\000\137\000L\000S\000B}{subsection.6.17.2}% 237
\BOOKMARK [3][-]{subsubsection.6.17.2.82}{\376\377\0006\000.\0001\0007\000.\0002\000.\0008\0002\000\040\000B\000N\000O\0000\0005\0005\000\137\000S\000W\000\137\000R\000E\000V\000\137\000I\000D\000\137\000M\000S\000B}{subsection.6.17.2}% 238
\BOOKMARK [3][-]{subsubsection.6.17.2.83}{\376\377\0006\000.\0001\0007\000.\0002\000.\0008\0003\000\040\000B\000N\000O\0000\0005\0005\000\137\000S\000Y\000S\000\137\000C\000L\000K\000\137\000S\000T\000A}{subsection.6.17.2}% 239
\BOOKMARK [3][-]{subsubsection.6.17.2.84}{\376\377\0006\000.\0001\0007\000.\0002\000.\0008\0004\000\040\000B\000N\000O\0000\0005\0005\000\137\000S\000Y\000S\000\137\000E\000R\000R}{subsection.6.17.2}% 240
\BOOKMARK [3][-]{subsubsection.6.17.2.85}{\376\377\0006\000.\0001\0007\000.\0002\000.\0008\0005\000\040\000B\000N\000O\0000\0005\0005\000\137\000S\000Y\000S\000\137\000S\000T\000A\000T\000U\000S}{subsection.6.17.2}% 241
\BOOKMARK [3][-]{subsubsection.6.17.2.86}{\376\377\0006\000.\0001\0007\000.\0002\000.\0008\0006\000\040\000B\000N\000O\0000\0005\0005\000\137\000S\000Y\000S\000\137\000T\000R\000I\000G\000G\000E\000R}{subsection.6.17.2}% 242
\BOOKMARK [3][-]{subsubsection.6.17.2.87}{\376\377\0006\000.\0001\0007\000.\0002\000.\0008\0007\000\040\000B\000N\000O\0000\0005\0005\000\137\000T\000E\000M\000P}{subsection.6.17.2}% 243
\BOOKMARK [3][-]{subsubsection.6.17.2.88}{\376\377\0006\000.\0001\0007\000.\0002\000.\0008\0008\000\040\000B\000N\000O\0000\0005\0005\000\137\000T\000E\000M\000P\000\137\000S\000O\000U\000R\000C\000E}{subsection.6.17.2}% 244
\BOOKMARK [3][-]{subsubsection.6.17.2.89}{\376\377\0006\000.\0001\0007\000.\0002\000.\0008\0009\000\040\000B\000N\000O\0000\0005\0005\000\137\000U\000N\000I\000T\000\137\000S\000E\000L}{subsection.6.17.2}% 245
\BOOKMARK [3][-]{subsubsection.6.17.2.90}{\376\377\0006\000.\0001\0007\000.\0002\000.\0009\0000\000\040\000M\000P\000L\0003\0001\0001\0005\000\137\000B\000A\000R\000\137\000I\000N\000\137\000L\000S\000B}{subsection.6.17.2}% 246
\BOOKMARK [3][-]{subsubsection.6.17.2.91}{\376\377\0006\000.\0001\0007\000.\0002\000.\0009\0001\000\040\000M\000P\000L\0003\0001\0001\0005\000\137\000B\000A\000R\000\137\000I\000N\000\137\000M\000S\000B}{subsection.6.17.2}% 247
\BOOKMARK [3][-]{subsubsection.6.17.2.92}{\376\377\0006\000.\0001\0007\000.\0002\000.\0009\0002\000\040\000M\000P\000L\0003\0001\0001\0005\000\137\000C\000T\000R\000L\000\137\000R\000E\000G\0001}{subsection.6.17.2}% 248
\BOOKMARK [3][-]{subsubsection.6.17.2.93}{\376\377\0006\000.\0001\0007\000.\0002\000.\0009\0003\000\040\000M\000P\000L\0003\0001\0001\0005\000\137\000C\000T\000R\000L\000\137\000R\000E\000G\0002}{subsection.6.17.2}% 249
\BOOKMARK [3][-]{subsubsection.6.17.2.94}{\376\377\0006\000.\0001\0007\000.\0002\000.\0009\0004\000\040\000M\000P\000L\0003\0001\0001\0005\000\137\000C\000T\000R\000L\000\137\000R\000E\000G\0003}{subsection.6.17.2}% 250
\BOOKMARK [3][-]{subsubsection.6.17.2.95}{\376\377\0006\000.\0001\0007\000.\0002\000.\0009\0005\000\040\000M\000P\000L\0003\0001\0001\0005\000\137\000C\000T\000R\000L\000\137\000R\000E\000G\0004}{subsection.6.17.2}% 251
\BOOKMARK [3][-]{subsubsection.6.17.2.96}{\376\377\0006\000.\0001\0007\000.\0002\000.\0009\0006\000\040\000M\000P\000L\0003\0001\0001\0005\000\137\000C\000T\000R\000L\000\137\000R\000E\000G\0005}{subsection.6.17.2}% 252
\BOOKMARK [3][-]{subsubsection.6.17.2.97}{\376\377\0006\000.\0001\0007\000.\0002\000.\0009\0007\000\040\000M\000P\000L\0003\0001\0001\0005\000\137\000D\000R\000\137\000S\000T\000A\000T\000U\000S}{subsection.6.17.2}% 253
\BOOKMARK [3][-]{subsubsection.6.17.2.98}{\376\377\0006\000.\0001\0007\000.\0002\000.\0009\0008\000\040\000M\000P\000L\0003\0001\0001\0005\000\137\000F\000\137\000D\000A\000T\000A}{subsection.6.17.2}% 254
\BOOKMARK [3][-]{subsubsection.6.17.2.99}{\376\377\0006\000.\0001\0007\000.\0002\000.\0009\0009\000\040\000M\000P\000L\0003\0001\0001\0005\000\137\000F\000\137\000S\000E\000T\000U\000P}{subsection.6.17.2}% 255
\BOOKMARK [3][-]{subsubsection.6.17.2.100}{\376\377\0006\000.\0001\0007\000.\0002\000.\0001\0000\0000\000\040\000M\000P\000L\0003\0001\0001\0005\000\137\000F\000\137\000S\000T\000A\000T\000U\000S}{subsection.6.17.2}% 256
\BOOKMARK [3][-]{subsubsection.6.17.2.101}{\376\377\0006\000.\0001\0007\000.\0002\000.\0001\0000\0001\000\040\000M\000P\000L\0003\0001\0001\0005\000\137\000I\0002\000C\000\137\000A\000D\000D\000R}{subsection.6.17.2}% 257
\BOOKMARK [3][-]{subsubsection.6.17.2.102}{\376\377\0006\000.\0001\0007\000.\0002\000.\0001\0000\0002\000\040\000M\000P\000L\0003\0001\0001\0005\000\137\000I\000N\000T\000\137\000S\000O\000U\000R\000C\000E}{subsection.6.17.2}% 258
\BOOKMARK [3][-]{subsubsection.6.17.2.103}{\376\377\0006\000.\0001\0007\000.\0002\000.\0001\0000\0003\000\040\000M\000P\000L\0003\0001\0001\0005\000\137\000O\000F\000F\000\137\000H}{subsection.6.17.2}% 259
\BOOKMARK [3][-]{subsubsection.6.17.2.104}{\376\377\0006\000.\0001\0007\000.\0002\000.\0001\0000\0004\000\040\000M\000P\000L\0003\0001\0001\0005\000\137\000O\000F\000F\000\137\000P}{subsection.6.17.2}% 260
\BOOKMARK [3][-]{subsubsection.6.17.2.105}{\376\377\0006\000.\0001\0007\000.\0002\000.\0001\0000\0005\000\040\000M\000P\000L\0003\0001\0001\0005\000\137\000O\000F\000F\000\137\000T}{subsection.6.17.2}% 261
\BOOKMARK [3][-]{subsubsection.6.17.2.106}{\376\377\0006\000.\0001\0007\000.\0002\000.\0001\0000\0006\000\040\000M\000P\000L\0003\0001\0001\0005\000\137\000O\000U\000T\000\137\000P\000\137\000C\000S\000B}{subsection.6.17.2}% 262
\BOOKMARK [3][-]{subsubsection.6.17.2.107}{\376\377\0006\000.\0001\0007\000.\0002\000.\0001\0000\0007\000\040\000M\000P\000L\0003\0001\0001\0005\000\137\000O\000U\000T\000\137\000P\000\137\000D\000E\000L\000T\000A}{subsection.6.17.2}% 263
\BOOKMARK [3][-]{subsubsection.6.17.2.108}{\376\377\0006\000.\0001\0007\000.\0002\000.\0001\0000\0008\000\040\000M\000P\000L\0003\0001\0001\0005\000\137\000O\000U\000T\000\137\000P\000\137\000D\000E\000L\000T\000A\000\137\000C\000S\000B}{subsection.6.17.2}% 264
\BOOKMARK [3][-]{subsubsection.6.17.2.109}{\376\377\0006\000.\0001\0007\000.\0002\000.\0001\0000\0009\000\040\000M\000P\000L\0003\0001\0001\0005\000\137\000O\000U\000T\000\137\000P\000\137\000D\000E\000L\000T\000A\000\137\000L\000S\000B}{subsection.6.17.2}% 265
\BOOKMARK [3][-]{subsubsection.6.17.2.110}{\376\377\0006\000.\0001\0007\000.\0002\000.\0001\0001\0000\000\040\000M\000P\000L\0003\0001\0001\0005\000\137\000O\000U\000T\000\137\000P\000\137\000L\000S\000B}{subsection.6.17.2}% 266
\BOOKMARK [3][-]{subsubsection.6.17.2.111}{\376\377\0006\000.\0001\0007\000.\0002\000.\0001\0001\0001\000\040\000M\000P\000L\0003\0001\0001\0005\000\137\000O\000U\000T\000\137\000P\000\137\000M\000S\000B}{subsection.6.17.2}% 267
\BOOKMARK [3][-]{subsubsection.6.17.2.112}{\376\377\0006\000.\0001\0007\000.\0002\000.\0001\0001\0002\000\040\000M\000P\000L\0003\0001\0001\0005\000\137\000O\000U\000T\000\137\000T\000\137\000D\000E\000L\000T\000A\000\137\000L\000S\000B}{subsection.6.17.2}% 268
\BOOKMARK [3][-]{subsubsection.6.17.2.113}{\376\377\0006\000.\0001\0007\000.\0002\000.\0001\0001\0003\000\040\000M\000P\000L\0003\0001\0001\0005\000\137\000O\000U\000T\000\137\000T\000\137\000D\000E\000L\000T\000A\000\137\000M\000S\000B}{subsection.6.17.2}% 269
\BOOKMARK [3][-]{subsubsection.6.17.2.114}{\376\377\0006\000.\0001\0007\000.\0002\000.\0001\0001\0004\000\040\000M\000P\000L\0003\0001\0001\0005\000\137\000O\000U\000T\000\137\000T\000\137\000L\000S\000B}{subsection.6.17.2}% 270
\BOOKMARK [3][-]{subsubsection.6.17.2.115}{\376\377\0006\000.\0001\0007\000.\0002\000.\0001\0001\0005\000\040\000M\000P\000L\0003\0001\0001\0005\000\137\000O\000U\000T\000\137\000T\000\137\000M\000S\000B}{subsection.6.17.2}% 271
\BOOKMARK [3][-]{subsubsection.6.17.2.116}{\376\377\0006\000.\0001\0007\000.\0002\000.\0001\0001\0006\000\040\000M\000P\000L\0003\0001\0001\0005\000\137\000P\000\137\000M\000A\000X\000\137\000C\000S\000B}{subsection.6.17.2}% 272
\BOOKMARK [3][-]{subsubsection.6.17.2.117}{\376\377\0006\000.\0001\0007\000.\0002\000.\0001\0001\0007\000\040\000M\000P\000L\0003\0001\0001\0005\000\137\000P\000\137\000M\000A\000X\000\137\000L\000S\000B}{subsection.6.17.2}% 273
\BOOKMARK [3][-]{subsubsection.6.17.2.118}{\376\377\0006\000.\0001\0007\000.\0002\000.\0001\0001\0008\000\040\000M\000P\000L\0003\0001\0001\0005\000\137\000P\000\137\000M\000A\000X\000\137\000M\000S\000B}{subsection.6.17.2}% 274
\BOOKMARK [3][-]{subsubsection.6.17.2.119}{\376\377\0006\000.\0001\0007\000.\0002\000.\0001\0001\0009\000\040\000M\000P\000L\0003\0001\0001\0005\000\137\000P\000\137\000M\000I\000N\000\137\000C\000S\000B}{subsection.6.17.2}% 275
\BOOKMARK [3][-]{subsubsection.6.17.2.120}{\376\377\0006\000.\0001\0007\000.\0002\000.\0001\0002\0000\000\040\000M\000P\000L\0003\0001\0001\0005\000\137\000P\000\137\000M\000I\000N\000\137\000L\000S\000B}{subsection.6.17.2}% 276
\BOOKMARK [3][-]{subsubsection.6.17.2.121}{\376\377\0006\000.\0001\0007\000.\0002\000.\0001\0002\0001\000\040\000M\000P\000L\0003\0001\0001\0005\000\137\000P\000\137\000M\000I\000N\000\137\000M\000S\000B}{subsection.6.17.2}% 277
\BOOKMARK [3][-]{subsubsection.6.17.2.122}{\376\377\0006\000.\0001\0007\000.\0002\000.\0001\0002\0002\000\040\000M\000P\000L\0003\0001\0001\0005\000\137\000P\000\137\000T\000G\000T\000\137\000L\000S\000B}{subsection.6.17.2}% 278
\BOOKMARK [3][-]{subsubsection.6.17.2.123}{\376\377\0006\000.\0001\0007\000.\0002\000.\0001\0002\0003\000\040\000M\000P\000L\0003\0001\0001\0005\000\137\000P\000\137\000T\000G\000T\000\137\000M\000S\000B}{subsection.6.17.2}% 279
\BOOKMARK [3][-]{subsubsection.6.17.2.124}{\376\377\0006\000.\0001\0007\000.\0002\000.\0001\0002\0004\000\040\000M\000P\000L\0003\0001\0001\0005\000\137\000P\000\137\000W\000N\000D\000\137\000L\000S\000B}{subsection.6.17.2}% 280
\BOOKMARK [3][-]{subsubsection.6.17.2.125}{\376\377\0006\000.\0001\0007\000.\0002\000.\0001\0002\0005\000\040\000M\000P\000L\0003\0001\0001\0005\000\137\000P\000\137\000W\000N\000D\000\137\000M\000S\000B}{subsection.6.17.2}% 281
\BOOKMARK [3][-]{subsubsection.6.17.2.126}{\376\377\0006\000.\0001\0007\000.\0002\000.\0001\0002\0006\000\040\000M\000P\000L\0003\0001\0001\0005\000\137\000P\000T\000\137\000D\000A\000T\000A\000\137\000C\000F\000G}{subsection.6.17.2}% 282
\BOOKMARK [3][-]{subsubsection.6.17.2.127}{\376\377\0006\000.\0001\0007\000.\0002\000.\0001\0002\0007\000\040\000M\000P\000L\0003\0001\0001\0005\000\137\000S\000T\000A\000T\000U\000S}{subsection.6.17.2}% 283
\BOOKMARK [3][-]{subsubsection.6.17.2.128}{\376\377\0006\000.\0001\0007\000.\0002\000.\0001\0002\0008\000\040\000M\000P\000L\0003\0001\0001\0005\000\137\000S\000Y\000S\000M\000O\000D}{subsection.6.17.2}% 284
\BOOKMARK [3][-]{subsubsection.6.17.2.129}{\376\377\0006\000.\0001\0007\000.\0002\000.\0001\0002\0009\000\040\000M\000P\000L\0003\0001\0001\0005\000\137\000T\000\137\000M\000A\000X\000\137\000L\000S\000B}{subsection.6.17.2}% 285
\BOOKMARK [3][-]{subsubsection.6.17.2.130}{\376\377\0006\000.\0001\0007\000.\0002\000.\0001\0003\0000\000\040\000M\000P\000L\0003\0001\0001\0005\000\137\000T\000\137\000M\000A\000X\000\137\000M\000S\000B}{subsection.6.17.2}% 286
\BOOKMARK [3][-]{subsubsection.6.17.2.131}{\376\377\0006\000.\0001\0007\000.\0002\000.\0001\0003\0001\000\040\000M\000P\000L\0003\0001\0001\0005\000\137\000T\000\137\000M\000I\000N\000\137\000L\000S\000B}{subsection.6.17.2}% 287
\BOOKMARK [3][-]{subsubsection.6.17.2.132}{\376\377\0006\000.\0001\0007\000.\0002\000.\0001\0003\0002\000\040\000M\000P\000L\0003\0001\0001\0005\000\137\000T\000\137\000M\000I\000N\000\137\000M\000S\000B}{subsection.6.17.2}% 288
\BOOKMARK [3][-]{subsubsection.6.17.2.133}{\376\377\0006\000.\0001\0007\000.\0002\000.\0001\0003\0003\000\040\000M\000P\000L\0003\0001\0001\0005\000\137\000T\000\137\000T\000G\000T}{subsection.6.17.2}% 289
\BOOKMARK [3][-]{subsubsection.6.17.2.134}{\376\377\0006\000.\0001\0007\000.\0002\000.\0001\0003\0004\000\040\000M\000P\000L\0003\0001\0001\0005\000\137\000T\000\137\000W\000N\000D}{subsection.6.17.2}% 290
\BOOKMARK [3][-]{subsubsection.6.17.2.135}{\376\377\0006\000.\0001\0007\000.\0002\000.\0001\0003\0005\000\040\000M\000P\000L\0003\0001\0001\0005\000\137\000T\000I\000M\000E\000\137\000D\000L\000Y}{subsection.6.17.2}% 291
\BOOKMARK [3][-]{subsubsection.6.17.2.136}{\376\377\0006\000.\0001\0007\000.\0002\000.\0001\0003\0006\000\040\000M\000P\000L\0003\0001\0001\0005\000\137\000W\000H\000O\000\137\000A\000M\000\137\000I}{subsection.6.17.2}% 292
\BOOKMARK [1][-]{section.6.18}{\376\377\0006\000.\0001\0008\000\040\000r\000e\000g\000i\000s\000t\000e\000r\000.\000h\000p\000p}{chapter.6}% 293
\BOOKMARK [1][-]{section.6.19}{\376\377\0006\000.\0001\0009\000\040\000s\000r\000c\000/\000s\000r\000c\000/\000y\000o\000n\000i\000c\000s\000.\000h\000p\000p\000\040\000F\000i\000l\000e\000\040\000R\000e\000f\000e\000r\000e\000n\000c\000e}{chapter.6}% 294
\BOOKMARK [2][-]{subsection.6.19.1}{\376\377\0006\000.\0001\0009\000.\0001\000\040\000D\000e\000t\000a\000i\000l\000e\000d\000\040\000D\000e\000s\000c\000r\000i\000p\000t\000i\000o\000n}{section.6.19}% 295
\BOOKMARK [1][-]{section.6.20}{\376\377\0006\000.\0002\0000\000\040\000y\000o\000n\000i\000c\000s\000.\000h\000p\000p}{chapter.6}% 296
