\BOOKMARK [0][-]{chapter.1}{\376\377\0001\000\040\000C\000l\000a\000s\000s\000\040\000I\000n\000d\000e\000x}{}% 1
\BOOKMARK [1][-]{section.1.1}{\376\377\0001\000.\0001\000\040\000C\000l\000a\000s\000s\000\040\000L\000i\000s\000t}{chapter.1}% 2
\BOOKMARK [0][-]{chapter.2}{\376\377\0002\000\040\000F\000i\000l\000e\000\040\000I\000n\000d\000e\000x}{}% 3
\BOOKMARK [1][-]{section.2.1}{\376\377\0002\000.\0001\000\040\000F\000i\000l\000e\000\040\000L\000i\000s\000t}{chapter.2}% 4
\BOOKMARK [0][-]{chapter.3}{\376\377\0003\000\040\000C\000l\000a\000s\000s\000\040\000D\000o\000c\000u\000m\000e\000n\000t\000a\000t\000i\000o\000n}{}% 5
\BOOKMARK [1][-]{section.3.1}{\376\377\0003\000.\0001\000\040\000A\000c\000c\000e\000l\000d\000a\000t\000a\000\040\000S\000t\000r\000u\000c\000t\000\040\000R\000e\000f\000e\000r\000e\000n\000c\000e}{chapter.3}% 6
\BOOKMARK [2][-]{subsection.3.1.1}{\376\377\0003\000.\0001\000.\0001\000\040\000D\000e\000t\000a\000i\000l\000e\000d\000\040\000D\000e\000s\000c\000r\000i\000p\000t\000i\000o\000n}{section.3.1}% 7
\BOOKMARK [2][-]{subsection.3.1.2}{\376\377\0003\000.\0001\000.\0002\000\040\000M\000e\000m\000b\000e\000r\000\040\000D\000a\000t\000a\000\040\000D\000o\000c\000u\000m\000e\000n\000t\000a\000t\000i\000o\000n}{section.3.1}% 8
\BOOKMARK [3][-]{subsubsection.3.1.2.1}{\376\377\0003\000.\0001\000.\0002\000.\0001\000\040\000t}{subsection.3.1.2}% 9
\BOOKMARK [3][-]{subsubsection.3.1.2.2}{\376\377\0003\000.\0001\000.\0002\000.\0002\000\040\000x}{subsection.3.1.2}% 10
\BOOKMARK [3][-]{subsubsection.3.1.2.3}{\376\377\0003\000.\0001\000.\0002\000.\0003\000\040\000y}{subsection.3.1.2}% 11
\BOOKMARK [3][-]{subsubsection.3.1.2.4}{\376\377\0003\000.\0001\000.\0002\000.\0004\000\040\000z}{subsection.3.1.2}% 12
\BOOKMARK [1][-]{section.3.2}{\376\377\0003\000.\0002\000\040\000A\000n\000a\000l\000o\000g\000I\000M\000U\000\040\000C\000l\000a\000s\000s\000\040\000R\000e\000f\000e\000r\000e\000n\000c\000e}{chapter.3}% 13
\BOOKMARK [2][-]{subsection.3.2.1}{\376\377\0003\000.\0002\000.\0001\000\040\000D\000e\000t\000a\000i\000l\000e\000d\000\040\000D\000e\000s\000c\000r\000i\000p\000t\000i\000o\000n}{section.3.2}% 14
\BOOKMARK [2][-]{subsection.3.2.2}{\376\377\0003\000.\0002\000.\0002\000\040\000C\000o\000n\000s\000t\000r\000u\000c\000t\000o\000r\000\040\000\046\000\040\000D\000e\000s\000t\000r\000u\000c\000t\000o\000r\000\040\000D\000o\000c\000u\000m\000e\000n\000t\000a\000t\000i\000o\000n}{section.3.2}% 15
\BOOKMARK [3][-]{subsubsection.3.2.2.1}{\376\377\0003\000.\0002\000.\0002\000.\0001\000\040\000A\000n\000a\000l\000o\000g\000I\000M\000U\000\050\000\051\000\040\000[\0001\000/\0003\000]}{subsection.3.2.2}% 16
\BOOKMARK [3][-]{subsubsection.3.2.2.2}{\376\377\0003\000.\0002\000.\0002\000.\0002\000\040\000A\000n\000a\000l\000o\000g\000I\000M\000U\000\050\000\051\000\040\000[\0002\000/\0003\000]}{subsection.3.2.2}% 17
\BOOKMARK [3][-]{subsubsection.3.2.2.3}{\376\377\0003\000.\0002\000.\0002\000.\0003\000\040\000A\000n\000a\000l\000o\000g\000I\000M\000U\000\050\000\051\000\040\000[\0003\000/\0003\000]}{subsection.3.2.2}% 18
\BOOKMARK [2][-]{subsection.3.2.3}{\376\377\0003\000.\0002\000.\0003\000\040\000M\000e\000m\000b\000e\000r\000\040\000F\000u\000n\000c\000t\000i\000o\000n\000\040\000D\000o\000c\000u\000m\000e\000n\000t\000a\000t\000i\000o\000n}{section.3.2}% 19
\BOOKMARK [3][-]{subsubsection.3.2.3.1}{\376\377\0003\000.\0002\000.\0003\000.\0001\000\040\000s\000a\000m\000p\000l\000e\000\050\000\051}{subsection.3.2.3}% 20
\BOOKMARK [1][-]{section.3.3}{\376\377\0003\000.\0003\000\040\000B\000A\000R\000O\000M\000d\000a\000t\000a\000\040\000S\000t\000r\000u\000c\000t\000\040\000R\000e\000f\000e\000r\000e\000n\000c\000e}{chapter.3}% 21
\BOOKMARK [2][-]{subsection.3.3.1}{\376\377\0003\000.\0003\000.\0001\000\040\000D\000e\000t\000a\000i\000l\000e\000d\000\040\000D\000e\000s\000c\000r\000i\000p\000t\000i\000o\000n}{section.3.3}% 22
\BOOKMARK [2][-]{subsection.3.3.2}{\376\377\0003\000.\0003\000.\0002\000\040\000M\000e\000m\000b\000e\000r\000\040\000D\000a\000t\000a\000\040\000D\000o\000c\000u\000m\000e\000n\000t\000a\000t\000i\000o\000n}{section.3.3}% 23
\BOOKMARK [3][-]{subsubsection.3.3.2.1}{\376\377\0003\000.\0003\000.\0002\000.\0001\000\040\000a\000l\000t\000i\000t\000u\000d\000e}{subsection.3.3.2}% 24
\BOOKMARK [3][-]{subsubsection.3.3.2.2}{\376\377\0003\000.\0003\000.\0002\000.\0002\000\040\000p\000r\000e\000s\000s\000u\000r\000e}{subsection.3.3.2}% 25
\BOOKMARK [3][-]{subsubsection.3.3.2.3}{\376\377\0003\000.\0003\000.\0002\000.\0003\000\040\000t}{subsection.3.3.2}% 26
\BOOKMARK [3][-]{subsubsection.3.3.2.4}{\376\377\0003\000.\0003\000.\0002\000.\0004\000\040\000t\000e\000m\000p\000e\000r\000a\000t\000u\000r\000e}{subsection.3.3.2}% 27
\BOOKMARK [1][-]{section.3.4}{\376\377\0003\000.\0004\000\040\000B\000e\000e\000p\000y\000B\000O\000I\000\040\000C\000l\000a\000s\000s\000\040\000R\000e\000f\000e\000r\000e\000n\000c\000e}{chapter.3}% 28
\BOOKMARK [2][-]{subsection.3.4.1}{\376\377\0003\000.\0004\000.\0001\000\040\000D\000e\000t\000a\000i\000l\000e\000d\000\040\000D\000e\000s\000c\000r\000i\000p\000t\000i\000o\000n}{section.3.4}% 29
\BOOKMARK [2][-]{subsection.3.4.2}{\376\377\0003\000.\0004\000.\0002\000\040\000C\000o\000n\000s\000t\000r\000u\000c\000t\000o\000r\000\040\000\046\000\040\000D\000e\000s\000t\000r\000u\000c\000t\000o\000r\000\040\000D\000o\000c\000u\000m\000e\000n\000t\000a\000t\000i\000o\000n}{section.3.4}% 30
\BOOKMARK [3][-]{subsubsection.3.4.2.1}{\376\377\0003\000.\0004\000.\0002\000.\0001\000\040\000B\000e\000e\000p\000y\000B\000O\000I\000\050\000\051\000\040\000[\0001\000/\0002\000]}{subsection.3.4.2}% 31
\BOOKMARK [3][-]{subsubsection.3.4.2.2}{\376\377\0003\000.\0004\000.\0002\000.\0002\000\040\000B\000e\000e\000p\000y\000B\000O\000I\000\050\000\051\000\040\000[\0002\000/\0002\000]}{subsection.3.4.2}% 32
\BOOKMARK [2][-]{subsection.3.4.3}{\376\377\0003\000.\0004\000.\0003\000\040\000M\000e\000m\000b\000e\000r\000\040\000F\000u\000n\000c\000t\000i\000o\000n\000\040\000D\000o\000c\000u\000m\000e\000n\000t\000a\000t\000i\000o\000n}{section.3.4}% 33
\BOOKMARK [3][-]{subsubsection.3.4.3.1}{\376\377\0003\000.\0004\000.\0003\000.\0001\000\040\000b\000o\000m\000b\000B\000e\000e\000p\000\050\000\051}{subsection.3.4.3}% 34
\BOOKMARK [3][-]{subsubsection.3.4.3.2}{\376\377\0003\000.\0004\000.\0003\000.\0002\000\040\000c\000o\000u\000n\000t\000d\000o\000w\000n\000\050\000\051}{subsection.3.4.3}% 35
\BOOKMARK [3][-]{subsubsection.3.4.3.3}{\376\377\0003\000.\0004\000.\0003\000.\0003\000\040\000e\000r\000r\000o\000r\000\050\000\051}{subsection.3.4.3}% 36
\BOOKMARK [3][-]{subsubsection.3.4.3.4}{\376\377\0003\000.\0004\000.\0003\000.\0004\000\040\000h\000e\000l\000l\000o\000\050\000\051}{subsection.3.4.3}% 37
\BOOKMARK [3][-]{subsubsection.3.4.3.5}{\376\377\0003\000.\0004\000.\0003\000.\0005\000\040\000h\000i\000B\000e\000e\000p\000\050\000\051}{subsection.3.4.3}% 38
\BOOKMARK [3][-]{subsubsection.3.4.3.6}{\376\377\0003\000.\0004\000.\0003\000.\0006\000\040\000l\000o\000w\000B\000e\000e\000p\000\050\000\051}{subsection.3.4.3}% 39
\BOOKMARK [3][-]{subsubsection.3.4.3.7}{\376\377\0003\000.\0004\000.\0003\000.\0007\000\040\000m\000i\000d\000B\000e\000e\000p\000\050\000\051}{subsection.3.4.3}% 40
\BOOKMARK [1][-]{section.3.5}{\376\377\0003\000.\0005\000\040\000D\000i\000g\000i\000t\000a\000l\000B\000A\000R\000O\000M\000\040\000C\000l\000a\000s\000s\000\040\000R\000e\000f\000e\000r\000e\000n\000c\000e}{chapter.3}% 41
\BOOKMARK [2][-]{subsection.3.5.1}{\376\377\0003\000.\0005\000.\0001\000\040\000D\000e\000t\000a\000i\000l\000e\000d\000\040\000D\000e\000s\000c\000r\000i\000p\000t\000i\000o\000n}{section.3.5}% 42
\BOOKMARK [2][-]{subsection.3.5.2}{\376\377\0003\000.\0005\000.\0002\000\040\000C\000o\000n\000s\000t\000r\000u\000c\000t\000o\000r\000\040\000\046\000\040\000D\000e\000s\000t\000r\000u\000c\000t\000o\000r\000\040\000D\000o\000c\000u\000m\000e\000n\000t\000a\000t\000i\000o\000n}{section.3.5}% 43
\BOOKMARK [3][-]{subsubsection.3.5.2.1}{\376\377\0003\000.\0005\000.\0002\000.\0001\000\040\000D\000i\000g\000i\000t\000a\000l\000B\000A\000R\000O\000M\000\050\000\051}{subsection.3.5.2}% 44
\BOOKMARK [2][-]{subsection.3.5.3}{\376\377\0003\000.\0005\000.\0003\000\040\000M\000e\000m\000b\000e\000r\000\040\000F\000u\000n\000c\000t\000i\000o\000n\000\040\000D\000o\000c\000u\000m\000e\000n\000t\000a\000t\000i\000o\000n}{section.3.5}% 45
\BOOKMARK [3][-]{subsubsection.3.5.3.1}{\376\377\0003\000.\0005\000.\0003\000.\0001\000\040\000b\000e\000g\000i\000n\000\050\000\051}{subsection.3.5.3}% 46
\BOOKMARK [3][-]{subsubsection.3.5.3.2}{\376\377\0003\000.\0005\000.\0003\000.\0002\000\040\000s\000a\000m\000p\000l\000e\000\050\000\051}{subsection.3.5.3}% 47
\BOOKMARK [1][-]{section.3.6}{\376\377\0003\000.\0006\000\040\000D\000i\000g\000i\000t\000a\000l\000G\000P\000S\000\040\000C\000l\000a\000s\000s\000\040\000R\000e\000f\000e\000r\000e\000n\000c\000e}{chapter.3}% 48
\BOOKMARK [2][-]{subsection.3.6.1}{\376\377\0003\000.\0006\000.\0001\000\040\000D\000e\000t\000a\000i\000l\000e\000d\000\040\000D\000e\000s\000c\000r\000i\000p\000t\000i\000o\000n}{section.3.6}% 49
\BOOKMARK [2][-]{subsection.3.6.2}{\376\377\0003\000.\0006\000.\0002\000\040\000C\000o\000n\000s\000t\000r\000u\000c\000t\000o\000r\000\040\000\046\000\040\000D\000e\000s\000t\000r\000u\000c\000t\000o\000r\000\040\000D\000o\000c\000u\000m\000e\000n\000t\000a\000t\000i\000o\000n}{section.3.6}% 50
\BOOKMARK [3][-]{subsubsection.3.6.2.1}{\376\377\0003\000.\0006\000.\0002\000.\0001\000\040\000D\000i\000g\000i\000t\000a\000l\000G\000P\000S\000\050\000\051}{subsection.3.6.2}% 51
\BOOKMARK [2][-]{subsection.3.6.3}{\376\377\0003\000.\0006\000.\0003\000\040\000M\000e\000m\000b\000e\000r\000\040\000F\000u\000n\000c\000t\000i\000o\000n\000\040\000D\000o\000c\000u\000m\000e\000n\000t\000a\000t\000i\000o\000n}{section.3.6}% 52
\BOOKMARK [3][-]{subsubsection.3.6.3.1}{\376\377\0003\000.\0006\000.\0003\000.\0001\000\040\000d\000u\000m\000m\000y\000P\000r\000i\000n\000t\000\050\000\051}{subsection.3.6.3}% 53
\BOOKMARK [3][-]{subsubsection.3.6.3.2}{\376\377\0003\000.\0006\000.\0003\000.\0002\000\040\000e\000r\000a\000s\000e\000L\000O\000C\000U\000S\000\050\000\051}{subsection.3.6.3}% 54
\BOOKMARK [3][-]{subsubsection.3.6.3.3}{\376\377\0003\000.\0006\000.\0003\000.\0003\000\040\000G\000P\000S\000D\000a\000t\000a\000\137\000d\000u\000m\000p\000\137\000s\000e\000t\000u\000p\000\050\000\051}{subsection.3.6.3}% 55
\BOOKMARK [3][-]{subsubsection.3.6.3.4}{\376\377\0003\000.\0006\000.\0003\000.\0004\000\040\000i\000n\000i\000t\000G\000P\000S\000\050\000\051}{subsection.3.6.3}% 56
\BOOKMARK [3][-]{subsubsection.3.6.3.5}{\376\377\0003\000.\0006\000.\0003\000.\0005\000\040\000p\000u\000l\000l\000G\000P\000S\000F\000l\000a\000s\000h\000D\000a\000t\000a\000\050\000\051}{subsection.3.6.3}% 57
\BOOKMARK [3][-]{subsubsection.3.6.3.6}{\376\377\0003\000.\0006\000.\0003\000.\0006\000\040\000p\000u\000l\000l\000R\000a\000w\000G\000P\000S\000\050\000\051}{subsection.3.6.3}% 58
\BOOKMARK [3][-]{subsubsection.3.6.3.7}{\376\377\0003\000.\0006\000.\0003\000.\0007\000\040\000r\000e\000f\000r\000e\000s\000h\000\137\000G\000P\000S\000D\000a\000t\000a\000\050\000\051}{subsection.3.6.3}% 59
\BOOKMARK [2][-]{subsection.3.6.4}{\376\377\0003\000.\0006\000.\0004\000\040\000M\000e\000m\000b\000e\000r\000\040\000D\000a\000t\000a\000\040\000D\000o\000c\000u\000m\000e\000n\000t\000a\000t\000i\000o\000n}{section.3.6}% 60
\BOOKMARK [3][-]{subsubsection.3.6.4.1}{\376\377\0003\000.\0006\000.\0004\000.\0001\000\040\000G\000P\000S}{subsection.3.6.4}% 61
\BOOKMARK [3][-]{subsubsection.3.6.4.2}{\376\377\0003\000.\0006\000.\0004\000.\0002\000\040\000G\000P\000S\000S\000e\000r\000i\000a\000l}{subsection.3.6.4}% 62
\BOOKMARK [1][-]{section.3.7}{\376\377\0003\000.\0007\000\040\000D\000i\000g\000i\000t\000a\000l\000I\000M\000U\000\040\000C\000l\000a\000s\000s\000\040\000R\000e\000f\000e\000r\000e\000n\000c\000e}{chapter.3}% 63
\BOOKMARK [2][-]{subsection.3.7.1}{\376\377\0003\000.\0007\000.\0001\000\040\000D\000e\000t\000a\000i\000l\000e\000d\000\040\000D\000e\000s\000c\000r\000i\000p\000t\000i\000o\000n}{section.3.7}% 64
\BOOKMARK [2][-]{subsection.3.7.2}{\376\377\0003\000.\0007\000.\0002\000\040\000C\000o\000n\000s\000t\000r\000u\000c\000t\000o\000r\000\040\000\046\000\040\000D\000e\000s\000t\000r\000u\000c\000t\000o\000r\000\040\000D\000o\000c\000u\000m\000e\000n\000t\000a\000t\000i\000o\000n}{section.3.7}% 65
\BOOKMARK [3][-]{subsubsection.3.7.2.1}{\376\377\0003\000.\0007\000.\0002\000.\0001\000\040\000D\000i\000g\000i\000t\000a\000l\000I\000M\000U\000\050\000\051\000\040\000[\0001\000/\0002\000]}{subsection.3.7.2}% 66
\BOOKMARK [3][-]{subsubsection.3.7.2.2}{\376\377\0003\000.\0007\000.\0002\000.\0002\000\040\000D\000i\000g\000i\000t\000a\000l\000I\000M\000U\000\050\000\051\000\040\000[\0002\000/\0002\000]}{subsection.3.7.2}% 67
\BOOKMARK [2][-]{subsection.3.7.3}{\376\377\0003\000.\0007\000.\0003\000\040\000M\000e\000m\000b\000e\000r\000\040\000F\000u\000n\000c\000t\000i\000o\000n\000\040\000D\000o\000c\000u\000m\000e\000n\000t\000a\000t\000i\000o\000n}{section.3.7}% 68
\BOOKMARK [3][-]{subsubsection.3.7.3.1}{\376\377\0003\000.\0007\000.\0003\000.\0001\000\040\000b\000e\000g\000i\000n\000\050\000\051}{subsection.3.7.3}% 69
\BOOKMARK [3][-]{subsubsection.3.7.3.2}{\376\377\0003\000.\0007\000.\0003\000.\0002\000\040\000s\000a\000m\000p\000l\000e\000\050\000\051}{subsection.3.7.3}% 70
\BOOKMARK [1][-]{section.3.8}{\376\377\0003\000.\0008\000\040\000e\000v\000e\000n\000t\000\040\000S\000t\000r\000u\000c\000t\000\040\000R\000e\000f\000e\000r\000e\000n\000c\000e}{chapter.3}% 71
\BOOKMARK [2][-]{subsection.3.8.1}{\376\377\0003\000.\0008\000.\0001\000\040\000D\000e\000t\000a\000i\000l\000e\000d\000\040\000D\000e\000s\000c\000r\000i\000p\000t\000i\000o\000n}{section.3.8}% 72
\BOOKMARK [2][-]{subsection.3.8.2}{\376\377\0003\000.\0008\000.\0002\000\040\000M\000e\000m\000b\000e\000r\000\040\000D\000a\000t\000a\000\040\000D\000o\000c\000u\000m\000e\000n\000t\000a\000t\000i\000o\000n}{section.3.8}% 73
\BOOKMARK [3][-]{subsubsection.3.8.2.1}{\376\377\0003\000.\0008\000.\0002\000.\0001\000\040\000i\000d\000e\000n\000t}{subsection.3.8.2}% 74
\BOOKMARK [3][-]{subsubsection.3.8.2.2}{\376\377\0003\000.\0008\000.\0002\000.\0002\000\040\000t}{subsection.3.8.2}% 75
\BOOKMARK [1][-]{section.3.9}{\376\377\0003\000.\0009\000\040\000F\000l\000a\000s\000h\000O\000p\000\040\000C\000l\000a\000s\000s\000\040\000R\000e\000f\000e\000r\000e\000n\000c\000e}{chapter.3}% 76
\BOOKMARK [2][-]{subsection.3.9.1}{\376\377\0003\000.\0009\000.\0001\000\040\000D\000e\000t\000a\000i\000l\000e\000d\000\040\000D\000e\000s\000c\000r\000i\000p\000t\000i\000o\000n}{section.3.9}% 77
\BOOKMARK [2][-]{subsection.3.9.2}{\376\377\0003\000.\0009\000.\0002\000\040\000C\000o\000n\000s\000t\000r\000u\000c\000t\000o\000r\000\040\000\046\000\040\000D\000e\000s\000t\000r\000u\000c\000t\000o\000r\000\040\000D\000o\000c\000u\000m\000e\000n\000t\000a\000t\000i\000o\000n}{section.3.9}% 78
\BOOKMARK [3][-]{subsubsection.3.9.2.1}{\376\377\0003\000.\0009\000.\0002\000.\0001\000\040\000F\000l\000a\000s\000h\000O\000p\000\050\000\051\000\040\000[\0001\000/\0002\000]}{subsection.3.9.2}% 79
\BOOKMARK [3][-]{subsubsection.3.9.2.2}{\376\377\0003\000.\0009\000.\0002\000.\0002\000\040\000F\000l\000a\000s\000h\000O\000p\000\050\000\051\000\040\000[\0002\000/\0002\000]}{subsection.3.9.2}% 80
\BOOKMARK [2][-]{subsection.3.9.3}{\376\377\0003\000.\0009\000.\0003\000\040\000M\000e\000m\000b\000e\000r\000\040\000F\000u\000n\000c\000t\000i\000o\000n\000\040\000D\000o\000c\000u\000m\000e\000n\000t\000a\000t\000i\000o\000n}{section.3.9}% 81
\BOOKMARK [3][-]{subsubsection.3.9.3.1}{\376\377\0003\000.\0009\000.\0003\000.\0001\000\040\000a\000d\000d\000E\000v\000e\000n\000t\000\050\000\051}{subsection.3.9.3}% 82
\BOOKMARK [3][-]{subsubsection.3.9.3.2}{\376\377\0003\000.\0009\000.\0003\000.\0002\000\040\000a\000d\000d\000S\000a\000m\000p\000l\000e\000\050\000\051}{subsection.3.9.3}% 83
\BOOKMARK [3][-]{subsubsection.3.9.3.3}{\376\377\0003\000.\0009\000.\0003\000.\0003\000\040\000a\000d\000d\000T\000y\000p\000e\000\050\000\051}{subsection.3.9.3}% 84
\BOOKMARK [3][-]{subsubsection.3.9.3.4}{\376\377\0003\000.\0009\000.\0003\000.\0004\000\040\000a\000d\000d\000W\000P\000\050\000\051}{subsection.3.9.3}% 85
\BOOKMARK [3][-]{subsubsection.3.9.3.5}{\376\377\0003\000.\0009\000.\0003\000.\0005\000\040\000b\000e\000g\000i\000n\000R\000e\000a\000d\000\050\000\051}{subsection.3.9.3}% 86
\BOOKMARK [3][-]{subsubsection.3.9.3.6}{\376\377\0003\000.\0009\000.\0003\000.\0006\000\040\000b\000e\000g\000i\000n\000W\000r\000i\000t\000e\000\050\000\051}{subsection.3.9.3}% 87
\BOOKMARK [3][-]{subsubsection.3.9.3.7}{\376\377\0003\000.\0009\000.\0003\000.\0007\000\040\000g\000e\000t\000E\000v\000e\000n\000t\000\050\000\051}{subsection.3.9.3}% 88
\BOOKMARK [3][-]{subsubsection.3.9.3.8}{\376\377\0003\000.\0009\000.\0003\000.\0008\000\040\000g\000e\000t\000S\000a\000m\000p\000l\000e\000\050\000\051}{subsection.3.9.3}% 89
\BOOKMARK [3][-]{subsubsection.3.9.3.9}{\376\377\0003\000.\0009\000.\0003\000.\0009\000\040\000g\000e\000t\000T\000y\000p\000e\000\050\000\051}{subsection.3.9.3}% 90
\BOOKMARK [3][-]{subsubsection.3.9.3.10}{\376\377\0003\000.\0009\000.\0003\000.\0001\0000\000\040\000s\000t\000o\000p\000R\000e\000a\000d\000i\000n\000g\000\050\000\051}{subsection.3.9.3}% 91
\BOOKMARK [1][-]{section.3.10}{\376\377\0003\000.\0001\0000\000\040\000G\000P\000S\000d\000a\000t\000a\000\040\000S\000t\000r\000u\000c\000t\000\040\000R\000e\000f\000e\000r\000e\000n\000c\000e}{chapter.3}% 92
\BOOKMARK [2][-]{subsection.3.10.1}{\376\377\0003\000.\0001\0000\000.\0001\000\040\000D\000e\000t\000a\000i\000l\000e\000d\000\040\000D\000e\000s\000c\000r\000i\000p\000t\000i\000o\000n}{section.3.10}% 93
\BOOKMARK [2][-]{subsection.3.10.2}{\376\377\0003\000.\0001\0000\000.\0002\000\040\000M\000e\000m\000b\000e\000r\000\040\000D\000a\000t\000a\000\040\000D\000o\000c\000u\000m\000e\000n\000t\000a\000t\000i\000o\000n}{section.3.10}% 94
\BOOKMARK [3][-]{subsubsection.3.10.2.1}{\376\377\0003\000.\0001\0000\000.\0002\000.\0001\000\040\000a\000l\000t\000i\000t\000u\000d\000e}{subsection.3.10.2}% 95
\BOOKMARK [3][-]{subsubsection.3.10.2.2}{\376\377\0003\000.\0001\0000\000.\0002\000.\0002\000\040\000a\000n\000g\000l\000e}{subsection.3.10.2}% 96
\BOOKMARK [3][-]{subsubsection.3.10.2.3}{\376\377\0003\000.\0001\0000\000.\0002\000.\0003\000\040\000l\000a\000t}{subsection.3.10.2}% 97
\BOOKMARK [3][-]{subsubsection.3.10.2.4}{\376\377\0003\000.\0001\0000\000.\0002\000.\0004\000\040\000l\000o\000n}{subsection.3.10.2}% 98
\BOOKMARK [3][-]{subsubsection.3.10.2.5}{\376\377\0003\000.\0001\0000\000.\0002\000.\0005\000\040\000s\000a\000t\000\137\000n\000u\000m}{subsection.3.10.2}% 99
\BOOKMARK [3][-]{subsubsection.3.10.2.6}{\376\377\0003\000.\0001\0000\000.\0002\000.\0006\000\040\000s\000p\000e\000e\000d}{subsection.3.10.2}% 100
\BOOKMARK [1][-]{section.3.11}{\376\377\0003\000.\0001\0001\000\040\000I\000M\000U\000d\000a\000t\000a\000\040\000S\000t\000r\000u\000c\000t\000\040\000R\000e\000f\000e\000r\000e\000n\000c\000e}{chapter.3}% 101
\BOOKMARK [2][-]{subsection.3.11.1}{\376\377\0003\000.\0001\0001\000.\0001\000\040\000D\000e\000t\000a\000i\000l\000e\000d\000\040\000D\000e\000s\000c\000r\000i\000p\000t\000i\000o\000n}{section.3.11}% 102
\BOOKMARK [2][-]{subsection.3.11.2}{\376\377\0003\000.\0001\0001\000.\0002\000\040\000M\000e\000m\000b\000e\000r\000\040\000D\000a\000t\000a\000\040\000D\000o\000c\000u\000m\000e\000n\000t\000a\000t\000i\000o\000n}{section.3.11}% 103
\BOOKMARK [3][-]{subsubsection.3.11.2.1}{\376\377\0003\000.\0001\0001\000.\0002\000.\0001\000\040\000a\000c\000c\000e\000l\000\137\000f\000u\000s\000e\000d}{subsection.3.11.2}% 104
\BOOKMARK [3][-]{subsubsection.3.11.2.2}{\376\377\0003\000.\0001\0001\000.\0002\000.\0002\000\040\000a\000c\000c\000e\000l\000\137\000r\000a\000w}{subsection.3.11.2}% 105
\BOOKMARK [3][-]{subsubsection.3.11.2.3}{\376\377\0003\000.\0001\0001\000.\0002\000.\0003\000\040\000g\000y\000r\000o\000\137\000f\000u\000s\000e\000d}{subsection.3.11.2}% 106
\BOOKMARK [3][-]{subsubsection.3.11.2.4}{\376\377\0003\000.\0001\0001\000.\0002\000.\0004\000\040\000g\000y\000r\000o\000\137\000r\000a\000w}{subsection.3.11.2}% 107
\BOOKMARK [3][-]{subsubsection.3.11.2.5}{\376\377\0003\000.\0001\0001\000.\0002\000.\0005\000\040\000m\000a\000g\000n\000e\000t\000o\000m\000e\000t\000e\000r}{subsection.3.11.2}% 108
\BOOKMARK [3][-]{subsubsection.3.11.2.6}{\376\377\0003\000.\0001\0001\000.\0002\000.\0006\000\040\000o\000r\000i\000e\000n\000t\000\137\000e\000u\000l\000e\000r}{subsection.3.11.2}% 109
\BOOKMARK [3][-]{subsubsection.3.11.2.7}{\376\377\0003\000.\0001\0001\000.\0002\000.\0007\000\040\000o\000r\000i\000e\000n\000t\000\137\000q\000u\000a\000t}{subsection.3.11.2}% 110
\BOOKMARK [3][-]{subsubsection.3.11.2.8}{\376\377\0003\000.\0001\0001\000.\0002\000.\0008\000\040\000t}{subsection.3.11.2}% 111
\BOOKMARK [1][-]{section.3.12}{\376\377\0003\000.\0001\0002\000\040\000o\000u\000r\000T\000y\000p\000e\000s\000\040\000S\000t\000r\000u\000c\000t\000\040\000R\000e\000f\000e\000r\000e\000n\000c\000e}{chapter.3}% 112
\BOOKMARK [2][-]{subsection.3.12.1}{\376\377\0003\000.\0001\0002\000.\0001\000\040\000D\000e\000t\000a\000i\000l\000e\000d\000\040\000D\000e\000s\000c\000r\000i\000p\000t\000i\000o\000n}{section.3.12}% 113
\BOOKMARK [2][-]{subsection.3.12.2}{\376\377\0003\000.\0001\0002\000.\0002\000\040\000M\000e\000m\000b\000e\000r\000\040\000D\000a\000t\000a\000\040\000D\000o\000c\000u\000m\000e\000n\000t\000a\000t\000i\000o\000n}{section.3.12}% 114
\BOOKMARK [3][-]{subsubsection.3.12.2.1}{\376\377\0003\000.\0001\0002\000.\0002\000.\0001\000\040\000d\000a\000t\000a}{subsection.3.12.2}% 115
\BOOKMARK [3][-]{subsubsection.3.12.2.2}{\376\377\0003\000.\0001\0002\000.\0002\000.\0002\000\040\000f}{subsection.3.12.2}% 116
\BOOKMARK [3][-]{subsubsection.3.12.2.3}{\376\377\0003\000.\0001\0002\000.\0002\000.\0003\000\040\000n\000S\000a\000m\000p\000l\000e\000s}{subsection.3.12.2}% 117
\BOOKMARK [3][-]{subsubsection.3.12.2.4}{\376\377\0003\000.\0001\0002\000.\0002\000.\0004\000\040\000s\000i\000z\000e}{subsection.3.12.2}% 118
\BOOKMARK [3][-]{subsubsection.3.12.2.5}{\376\377\0003\000.\0001\0002\000.\0002\000.\0005\000\040\000s\000t\000a\000r\000t\000\137\000a\000d\000d\000r}{subsection.3.12.2}% 119
\BOOKMARK [1][-]{section.3.13}{\376\377\0003\000.\0001\0003\000\040\000S\000a\000v\000e\000S\000D\000\040\000C\000l\000a\000s\000s\000\040\000R\000e\000f\000e\000r\000e\000n\000c\000e}{chapter.3}% 120
\BOOKMARK [2][-]{subsection.3.13.1}{\376\377\0003\000.\0001\0003\000.\0001\000\040\000D\000e\000t\000a\000i\000l\000e\000d\000\040\000D\000e\000s\000c\000r\000i\000p\000t\000i\000o\000n}{section.3.13}% 121
\BOOKMARK [2][-]{subsection.3.13.2}{\376\377\0003\000.\0001\0003\000.\0002\000\040\000C\000o\000n\000s\000t\000r\000u\000c\000t\000o\000r\000\040\000\046\000\040\000D\000e\000s\000t\000r\000u\000c\000t\000o\000r\000\040\000D\000o\000c\000u\000m\000e\000n\000t\000a\000t\000i\000o\000n}{section.3.13}% 122
\BOOKMARK [3][-]{subsubsection.3.13.2.1}{\376\377\0003\000.\0001\0003\000.\0002\000.\0001\000\040\000S\000a\000v\000e\000S\000D\000\050\000\051}{subsection.3.13.2}% 123
\BOOKMARK [2][-]{subsection.3.13.3}{\376\377\0003\000.\0001\0003\000.\0003\000\040\000M\000e\000m\000b\000e\000r\000\040\000F\000u\000n\000c\000t\000i\000o\000n\000\040\000D\000o\000c\000u\000m\000e\000n\000t\000a\000t\000i\000o\000n}{section.3.13}% 124
\BOOKMARK [3][-]{subsubsection.3.13.3.1}{\376\377\0003\000.\0001\0003\000.\0003\000.\0001\000\040\000a\000d\000d\000F\000l\000a\000s\000h\000O\000p\000\050\000\051}{subsection.3.13.3}% 125
\BOOKMARK [3][-]{subsubsection.3.13.3.2}{\376\377\0003\000.\0001\0003\000.\0003\000.\0002\000\040\000s\000a\000v\000e\000n\000o\000w\000\050\000\051}{subsection.3.13.3}% 126
\BOOKMARK [0][-]{chapter.4}{\376\377\0004\000\040\000F\000i\000l\000e\000\040\000D\000o\000c\000u\000m\000e\000n\000t\000a\000t\000i\000o\000n}{}% 127
\BOOKMARK [1][-]{section.4.1}{\376\377\0004\000.\0001\000\040\000s\000r\000c\000/\000s\000r\000c\000/\000A\000n\000a\000l\000o\000g\000I\000M\000U\000.\000c\000p\000p\000\040\000F\000i\000l\000e\000\040\000R\000e\000f\000e\000r\000e\000n\000c\000e}{chapter.4}% 128
\BOOKMARK [1][-]{section.4.2}{\376\377\0004\000.\0002\000\040\000s\000r\000c\000/\000s\000r\000c\000/\000B\000e\000e\000p\000y\000B\000O\000I\000.\000c\000p\000p\000\040\000F\000i\000l\000e\000\040\000R\000e\000f\000e\000r\000e\000n\000c\000e}{chapter.4}% 129
\BOOKMARK [1][-]{section.4.3}{\376\377\0004\000.\0003\000\040\000s\000r\000c\000/\000s\000r\000c\000/\000D\000i\000g\000i\000t\000a\000l\000B\000A\000R\000O\000M\000.\000c\000p\000p\000\040\000F\000i\000l\000e\000\040\000R\000e\000f\000e\000r\000e\000n\000c\000e}{chapter.4}% 130
\BOOKMARK [1][-]{section.4.4}{\376\377\0004\000.\0004\000\040\000s\000r\000c\000/\000s\000r\000c\000/\000D\000i\000g\000i\000t\000a\000l\000G\000P\000S\000.\000c\000p\000p\000\040\000F\000i\000l\000e\000\040\000R\000e\000f\000e\000r\000e\000n\000c\000e}{chapter.4}% 131
\BOOKMARK [1][-]{section.4.5}{\376\377\0004\000.\0005\000\040\000s\000r\000c\000/\000s\000r\000c\000/\000D\000i\000g\000i\000t\000a\000l\000I\000M\000U\000.\000c\000p\000p\000\040\000F\000i\000l\000e\000\040\000R\000e\000f\000e\000r\000e\000n\000c\000e}{chapter.4}% 132
\BOOKMARK [1][-]{section.4.6}{\376\377\0004\000.\0006\000\040\000s\000r\000c\000/\000s\000r\000c\000/\000F\000l\000a\000s\000h\000O\000p\000.\000c\000p\000p\000\040\000F\000i\000l\000e\000\040\000R\000e\000f\000e\000r\000e\000n\000c\000e}{chapter.4}% 133
\BOOKMARK [1][-]{section.4.7}{\376\377\0004\000.\0007\000\040\000s\000r\000c\000/\000s\000r\000c\000/\000m\000a\000i\000n\000.\000c\000p\000p\000\040\000F\000i\000l\000e\000\040\000R\000e\000f\000e\000r\000e\000n\000c\000e}{chapter.4}% 134
\BOOKMARK [2][-]{subsection.4.7.1}{\376\377\0004\000.\0007\000.\0001\000\040\000M\000a\000c\000r\000o\000\040\000D\000e\000f\000i\000n\000i\000t\000i\000o\000n\000\040\000D\000o\000c\000u\000m\000e\000n\000t\000a\000t\000i\000o\000n}{section.4.7}% 135
\BOOKMARK [3][-]{subsubsection.4.7.1.1}{\376\377\0004\000.\0007\000.\0001\000.\0001\000\040\000G\000P\000S\000E\000C\000H\000O}{subsection.4.7.1}% 136
\BOOKMARK [3][-]{subsubsection.4.7.1.2}{\376\377\0004\000.\0007\000.\0001\000.\0002\000\040\000G\000P\000S\000S\000e\000r\000i\000a\000l}{subsection.4.7.1}% 137
\BOOKMARK [2][-]{subsection.4.7.2}{\376\377\0004\000.\0007\000.\0002\000\040\000F\000u\000n\000c\000t\000i\000o\000n\000\040\000D\000o\000c\000u\000m\000e\000n\000t\000a\000t\000i\000o\000n}{section.4.7}% 138
\BOOKMARK [3][-]{subsubsection.4.7.2.1}{\376\377\0004\000.\0007\000.\0002\000.\0001\000\040\000K\000I\000L\000L\000S\000Y\000S\000T\000E\000M\000\050\000\051}{subsection.4.7.2}% 139
\BOOKMARK [3][-]{subsubsection.4.7.2.2}{\376\377\0004\000.\0007\000.\0002\000.\0002\000\040\000l\000o\000o\000p\000\050\000\051}{subsection.4.7.2}% 140
\BOOKMARK [3][-]{subsubsection.4.7.2.3}{\376\377\0004\000.\0007\000.\0002\000.\0003\000\040\000s\000e\000t\000u\000p\000\050\000\051}{subsection.4.7.2}% 141
\BOOKMARK [3][-]{subsubsection.4.7.2.4}{\376\377\0004\000.\0007\000.\0002\000.\0004\000\040\000t\000h\000r\000e\000a\000d\000\137\000B\000A\000R\000O\000M\000\050\000\051}{subsection.4.7.2}% 142
\BOOKMARK [3][-]{subsubsection.4.7.2.5}{\376\377\0004\000.\0007\000.\0002\000.\0005\000\040\000t\000h\000r\000e\000a\000d\000\137\000G\000P\000S\000\050\000\051}{subsection.4.7.2}% 143
\BOOKMARK [3][-]{subsubsection.4.7.2.6}{\376\377\0004\000.\0007\000.\0002\000.\0006\000\040\000t\000h\000r\000e\000a\000d\000\137\000H\000I\000G\000H\000G\000\050\000\051}{subsection.4.7.2}% 144
\BOOKMARK [3][-]{subsubsection.4.7.2.7}{\376\377\0004\000.\0007\000.\0002\000.\0007\000\040\000t\000h\000r\000e\000a\000d\000\137\000I\000M\000U\000\050\000\051}{subsection.4.7.2}% 145
\BOOKMARK [2][-]{subsection.4.7.3}{\376\377\0004\000.\0007\000.\0003\000\040\000V\000a\000r\000i\000a\000b\000l\000e\000\040\000D\000o\000c\000u\000m\000e\000n\000t\000a\000t\000i\000o\000n}{section.4.7}% 146
\BOOKMARK [3][-]{subsubsection.4.7.3.1}{\376\377\0004\000.\0007\000.\0003\000.\0001\000\040\000a\000c\000c\000e\000l\000\137\000d\000a\000t\000a}{subsection.4.7.3}% 147
\BOOKMARK [3][-]{subsubsection.4.7.3.2}{\376\377\0004\000.\0007\000.\0003\000.\0002\000\040\000a\000c\000c\000e\000l\000D\000a\000t\000a\000S\000i\000z\000e}{subsection.4.7.3}% 148
\BOOKMARK [3][-]{subsubsection.4.7.3.3}{\376\377\0004\000.\0007\000.\0003\000.\0003\000\040\000B\000A\000R\000O\000M}{subsection.4.7.3}% 149
\BOOKMARK [3][-]{subsubsection.4.7.3.4}{\376\377\0004\000.\0007\000.\0003\000.\0004\000\040\000b\000a\000r\000o\000m\000\137\000d\000a\000t\000a}{subsection.4.7.3}% 150
\BOOKMARK [3][-]{subsubsection.4.7.3.5}{\376\377\0004\000.\0007\000.\0003\000.\0005\000\040\000b\000a\000r\000o\000m\000D\000a\000t\000a\000S\000i\000z\000e}{subsection.4.7.3}% 151
\BOOKMARK [3][-]{subsubsection.4.7.3.6}{\376\377\0004\000.\0007\000.\0003\000.\0006\000\040\000b\000e\000r\000p}{subsection.4.7.3}% 152
\BOOKMARK [3][-]{subsubsection.4.7.3.7}{\376\377\0004\000.\0007\000.\0003\000.\0007\000\040\000f\000l\000a\000s\000h\000P\000i\000n}{subsection.4.7.3}% 153
\BOOKMARK [3][-]{subsubsection.4.7.3.8}{\376\377\0004\000.\0007\000.\0003\000.\0008\000\040\000f\000l\000a\000s\000h\000W\000P}{subsection.4.7.3}% 154
\BOOKMARK [3][-]{subsubsection.4.7.3.9}{\376\377\0004\000.\0007\000.\0003\000.\0009\000\040\000g\000p\000s\000\137\000d\000a\000t\000a}{subsection.4.7.3}% 155
\BOOKMARK [3][-]{subsubsection.4.7.3.10}{\376\377\0004\000.\0007\000.\0003\000.\0001\0000\000\040\000g\000p\000s\000\137\000p\000t\000r}{subsection.4.7.3}% 156
\BOOKMARK [3][-]{subsubsection.4.7.3.11}{\376\377\0004\000.\0007\000.\0003\000.\0001\0001\000\040\000G\000P\000S\000D\000a\000t\000a\000S\000i\000z\000e}{subsection.4.7.3}% 157
\BOOKMARK [3][-]{subsubsection.4.7.3.12}{\376\377\0004\000.\0007\000.\0003\000.\0001\0002\000\040\000H\000I\000G\000H\000G}{subsection.4.7.3}% 158
\BOOKMARK [3][-]{subsubsection.4.7.3.13}{\376\377\0004\000.\0007\000.\0003\000.\0001\0003\000\040\000h\000i\000g\000h\000G\000\137\000x\000P\000i\000n}{subsection.4.7.3}% 159
\BOOKMARK [3][-]{subsubsection.4.7.3.14}{\376\377\0004\000.\0007\000.\0003\000.\0001\0004\000\040\000h\000i\000g\000h\000G\000\137\000y\000P\000i\000n}{subsection.4.7.3}% 160
\BOOKMARK [3][-]{subsubsection.4.7.3.15}{\376\377\0004\000.\0007\000.\0003\000.\0001\0005\000\040\000h\000i\000g\000h\000G\000\137\000z\000P\000i\000n}{subsection.4.7.3}% 161
\BOOKMARK [3][-]{subsubsection.4.7.3.16}{\376\377\0004\000.\0007\000.\0003\000.\0001\0006\000\040\000I\000M\000U}{subsection.4.7.3}% 162
\BOOKMARK [3][-]{subsubsection.4.7.3.17}{\376\377\0004\000.\0007\000.\0003\000.\0001\0007\000\040\000i\000m\000u\000\137\000d\000a\000t\000a}{subsection.4.7.3}% 163
\BOOKMARK [3][-]{subsubsection.4.7.3.18}{\376\377\0004\000.\0007\000.\0003\000.\0001\0008\000\040\000i\000m\000u\000D\000a\000t\000a\000S\000i\000z\000e}{subsection.4.7.3}% 164
\BOOKMARK [3][-]{subsubsection.4.7.3.19}{\376\377\0004\000.\0007\000.\0003\000.\0001\0009\000\040\000i\000n\000t\000e\000r\000v\000a\000l\000\137\000A\000C\000C\000E\000L}{subsection.4.7.3}% 165
\BOOKMARK [3][-]{subsubsection.4.7.3.20}{\376\377\0004\000.\0007\000.\0003\000.\0002\0000\000\040\000i\000n\000t\000e\000r\000v\000a\000l\000\137\000B\000A\000R\000O\000M}{subsection.4.7.3}% 166
\BOOKMARK [3][-]{subsubsection.4.7.3.21}{\376\377\0004\000.\0007\000.\0003\000.\0002\0001\000\040\000i\000n\000t\000e\000r\000v\000a\000l\000\137\000G\000P\000S}{subsection.4.7.3}% 167
\BOOKMARK [3][-]{subsubsection.4.7.3.22}{\376\377\0004\000.\0007\000.\0003\000.\0002\0002\000\040\000i\000n\000t\000e\000r\000v\000a\000l\000\137\000I\000M\000U}{subsection.4.7.3}% 168
\BOOKMARK [3][-]{subsubsection.4.7.3.23}{\376\377\0004\000.\0007\000.\0003\000.\0002\0003\000\040\000s\000a\000v\000e\000r}{subsection.4.7.3}% 169
\BOOKMARK [3][-]{subsubsection.4.7.3.24}{\376\377\0004\000.\0007\000.\0003\000.\0002\0004\000\040\000s\000p\000e\000a\000k\000e\000r\000P\000i\000n}{subsection.4.7.3}% 170
\BOOKMARK [3][-]{subsubsection.4.7.3.25}{\376\377\0004\000.\0007\000.\0003\000.\0002\0005\000\040\000t\000h\000r\000e\000a\000d\000\137\000c\000o\000n\000t\000r\000o\000l}{subsection.4.7.3}% 171
\BOOKMARK [3][-]{subsubsection.4.7.3.26}{\376\377\0004\000.\0007\000.\0003\000.\0002\0006\000\040\000T\000h\000r\000e\000a\000d\000A\000C\000C\000E\000L}{subsection.4.7.3}% 172
\BOOKMARK [3][-]{subsubsection.4.7.3.27}{\376\377\0004\000.\0007\000.\0003\000.\0002\0007\000\040\000T\000h\000r\000e\000a\000d\000B\000A\000R\000O\000M}{subsection.4.7.3}% 173
\BOOKMARK [3][-]{subsubsection.4.7.3.28}{\376\377\0004\000.\0007\000.\0003\000.\0002\0008\000\040\000T\000h\000r\000e\000a\000d\000G\000P\000S}{subsection.4.7.3}% 174
\BOOKMARK [3][-]{subsubsection.4.7.3.29}{\376\377\0004\000.\0007\000.\0003\000.\0002\0009\000\040\000T\000h\000r\000e\000a\000d\000I\000M\000U}{subsection.4.7.3}% 175
\BOOKMARK [1][-]{section.4.8}{\376\377\0004\000.\0008\000\040\000s\000r\000c\000/\000s\000r\000c\000/\000S\000a\000v\000e\000S\000D\000.\000c\000p\000p\000\040\000F\000i\000l\000e\000\040\000R\000e\000f\000e\000r\000e\000n\000c\000e}{chapter.4}% 176
\BOOKMARK [1][-]{section.4.9}{\376\377\0004\000.\0009\000\040\000s\000r\000c\000/\000s\000r\000c\000/\000y\000o\000n\000i\000c\000s\000.\000h\000p\000p\000\040\000F\000i\000l\000e\000\040\000R\000e\000f\000e\000r\000e\000n\000c\000e}{chapter.4}% 177
